[ 2017-07-18T08:26:40+08:00 ] 127.0.0.1 127.0.0.1 GET /index.php/admin
[ log ] loc.m.com/index.php/admin [运行时间：2.107895s][吞吐率：0.47req/s] [内存消耗：2,787.46kb] [文件加载：49]
[ info ] [ LANG ] E:\wamp64\www\duncan\thinkphp\lang\zh-cn.php
[ info ] [ ROUTE ] array (
  'type' => 'module',
  'module' => 
  array (
    0 => 'admin',
    1 => NULL,
    2 => NULL,
  ),
)
[ info ] [ HEADER ] array (
  'host' => 'loc.m.com',
  'connection' => 'keep-alive',
  'upgrade-insecure-requests' => '1',
  'user-agent' => 'Mozilla/5.0 (Windows NT 10.0; Win64; x64) AppleWebKit/537.36 (KHTML, like Gecko) Chrome/59.0.3071.115 Safari/537.36',
  'accept' => 'text/html,application/xhtml+xml,application/xml;q=0.9,image/webp,image/apng,*/*;q=0.8',
  'accept-encoding' => 'gzip, deflate',
  'accept-language' => 'zh-CN,zh;q=0.8',
  'cookie' => 'OUTFOX_SEARCH_USER_ID_NCOO=978554766.5293875',
)
[ info ] [ PARAM ] array (
)
[ info ] [ RUN ] app\admin\controller\Index->index[ E:\wamp64\www\duncan\application\admin\controller\Index.php ]
[ info ] [ VIEW ] E:\wamp64\www\duncan\public/../application/admin\view\index\index.html [ array (
) ]
[ info ] [ LOG ] INIT File

---------------------------------------------------------------
[ 2017-07-18T08:26:40+08:00 ] 127.0.0.1 127.0.0.1 GET /index.php/admin/index/welcome.html
[ log ] loc.m.com/index.php/admin/index/welcome.html [运行时间：0.148906s][吞吐率：6.72req/s] [内存消耗：2,675.28kb] [文件加载：47]
[ info ] [ LANG ] E:\wamp64\www\duncan\thinkphp\lang\zh-cn.php
[ info ] [ ROUTE ] array (
  'type' => 'module',
  'module' => 
  array (
    0 => 'admin',
    1 => 'index',
    2 => 'welcome',
  ),
)
[ info ] [ HEADER ] array (
  'host' => 'loc.m.com',
  'connection' => 'keep-alive',
  'upgrade-insecure-requests' => '1',
  'user-agent' => 'Mozilla/5.0 (Windows NT 10.0; Win64; x64) AppleWebKit/537.36 (KHTML, like Gecko) Chrome/59.0.3071.115 Safari/537.36',
  'accept' => 'text/html,application/xhtml+xml,application/xml;q=0.9,image/webp,image/apng,*/*;q=0.8',
  'referer' => 'http://loc.m.com/index.php/admin',
  'accept-encoding' => 'gzip, deflate',
  'accept-language' => 'zh-CN,zh;q=0.8',
  'cookie' => 'OUTFOX_SEARCH_USER_ID_NCOO=978554766.5293875',
)
[ info ] [ PARAM ] array (
)
[ info ] [ RUN ] app\admin\controller\Index->welcome[ E:\wamp64\www\duncan\application\admin\controller\Index.php ]
[ info ] [ LOG ] INIT File

---------------------------------------------------------------
[ 2017-07-18T08:27:51+08:00 ] 127.0.0.1 127.0.0.1 GET /index.php/
[ log ] loc.m.com/index.php/ [运行时间：0.785684s][吞吐率：1.27req/s] [内存消耗：4,491.48kb] [文件加载：58]
[ info ] [ LANG ] E:\wamp64\www\duncan\thinkphp\lang\zh-cn.php
[ info ] [ ROUTE ] array (
  'type' => 'module',
  'module' => 
  array (
    0 => '',
    1 => NULL,
    2 => NULL,
  ),
)
[ info ] [ HEADER ] array (
  'host' => 'loc.m.com',
  'connection' => 'keep-alive',
  'upgrade-insecure-requests' => '1',
  'user-agent' => 'Mozilla/5.0 (Windows NT 10.0; Win64; x64) AppleWebKit/537.36 (KHTML, like Gecko) Chrome/59.0.3071.115 Safari/537.36',
  'accept' => 'text/html,application/xhtml+xml,application/xml;q=0.9,image/webp,image/apng,*/*;q=0.8',
  'accept-encoding' => 'gzip, deflate',
  'accept-language' => 'zh-CN,zh;q=0.8',
  'cookie' => 'thinkphp_show_page_trace=0|0; OUTFOX_SEARCH_USER_ID_NCOO=978554766.5293875',
)
[ info ] [ PARAM ] array (
)
[ info ] [ DB ] INIT mysql
[ info ] [ SESSION ] INIT array (
  'id' => '',
  'var_session_id' => '',
  'prefix' => 'think',
  'type' => '',
  'auto_start' => true,
)
[ info ] [ RUN ] app\index\controller\Index->index[ E:\wamp64\www\duncan\application\index\controller\Index.php ]
[ info ] [ VIEW ] E:\wamp64\www\duncan\public/../application/index\view\index\index.html [ array (
  0 => 'citys',
  1 => 'city',
  2 => 'cats',
  3 => 'controler',
  4 => 'user',
  5 => 'title',
  6 => 'datas',
  7 => 'meishicates',
  8 => 'controller',
) ]
[ info ] [ LOG ] INIT File

---------------------------------------------------------------
[ 2017-07-18T08:27:56+08:00 ] 127.0.0.1 127.0.0.1 GET /index.php/index/index/index.html?city=nanjing
[ log ] loc.m.com/index.php/index/index/index.html?city=nanjing [运行时间：0.211104s][吞吐率：4.74req/s] [内存消耗：4,522.48kb] [文件加载：58]
[ info ] [ LANG ] E:\wamp64\www\duncan\thinkphp\lang\zh-cn.php
[ info ] [ ROUTE ] array (
  'type' => 'module',
  'module' => 
  array (
    0 => 'index',
    1 => 'index',
    2 => 'index',
  ),
)
[ info ] [ HEADER ] array (
  'host' => 'loc.m.com',
  'connection' => 'keep-alive',
  'upgrade-insecure-requests' => '1',
  'user-agent' => 'Mozilla/5.0 (Windows NT 10.0; Win64; x64) AppleWebKit/537.36 (KHTML, like Gecko) Chrome/59.0.3071.115 Safari/537.36',
  'accept' => 'text/html,application/xhtml+xml,application/xml;q=0.9,image/webp,image/apng,*/*;q=0.8',
  'referer' => 'http://loc.m.com/index.php/',
  'accept-encoding' => 'gzip, deflate',
  'accept-language' => 'zh-CN,zh;q=0.8',
  'cookie' => 'thinkphp_show_page_trace=0|0; OUTFOX_SEARCH_USER_ID_NCOO=978554766.5293875; PHPSESSID=338q64fsjd0vsmca8tffen0r42',
)
[ info ] [ PARAM ] array (
  'city' => 'nanjing',
)
[ info ] [ DB ] INIT mysql
[ info ] [ SESSION ] INIT array (
  'id' => '',
  'var_session_id' => '',
  'prefix' => 'think',
  'type' => '',
  'auto_start' => true,
)
[ info ] [ RUN ] app\index\controller\Index->index[ E:\wamp64\www\duncan\application\index\controller\Index.php ]
[ info ] [ VIEW ] E:\wamp64\www\duncan\public/../application/index\view\index\index.html [ array (
  0 => 'citys',
  1 => 'city',
  2 => 'cats',
  3 => 'controler',
  4 => 'user',
  5 => 'title',
  6 => 'datas',
  7 => 'meishicates',
  8 => 'controller',
) ]
[ info ] [ LOG ] INIT File

---------------------------------------------------------------
[ 2017-07-18T08:27:59+08:00 ] 127.0.0.1 127.0.0.1 GET /index.php/index/detail/index.html?id=2
[ log ] loc.m.com/index.php/index/detail/index.html?id=2 [运行时间：0.883511s][吞吐率：1.13req/s] [内存消耗：4,854.29kb] [文件加载：61]
[ info ] [ LANG ] E:\wamp64\www\duncan\thinkphp\lang\zh-cn.php
[ info ] [ ROUTE ] array (
  'type' => 'module',
  'module' => 
  array (
    0 => 'index',
    1 => 'detail',
    2 => 'index',
  ),
)
[ info ] [ HEADER ] array (
  'host' => 'loc.m.com',
  'connection' => 'keep-alive',
  'upgrade-insecure-requests' => '1',
  'user-agent' => 'Mozilla/5.0 (Windows NT 10.0; Win64; x64) AppleWebKit/537.36 (KHTML, like Gecko) Chrome/59.0.3071.115 Safari/537.36',
  'accept' => 'text/html,application/xhtml+xml,application/xml;q=0.9,image/webp,image/apng,*/*;q=0.8',
  'referer' => 'http://loc.m.com/index.php/index/index/index.html?city=nanjing',
  'accept-encoding' => 'gzip, deflate',
  'accept-language' => 'zh-CN,zh;q=0.8',
  'cookie' => 'thinkphp_show_page_trace=0|0; OUTFOX_SEARCH_USER_ID_NCOO=978554766.5293875; PHPSESSID=338q64fsjd0vsmca8tffen0r42',
)
[ info ] [ PARAM ] array (
  'id' => '2',
)
[ info ] [ DB ] INIT mysql
[ info ] [ SESSION ] INIT array (
  'id' => '',
  'var_session_id' => '',
  'prefix' => 'think',
  'type' => '',
  'auto_start' => true,
)
[ info ] [ RUN ] app\index\controller\Detail->index[ E:\wamp64\www\duncan\application\index\controller\Detail.php ]
[ info ] [ VIEW ] E:\wamp64\www\duncan\public/../application/index\view\detail\index.html [ array (
  0 => 'citys',
  1 => 'city',
  2 => 'cats',
  3 => 'controler',
  4 => 'user',
  5 => 'title',
  6 => 'deal',
  7 => 'category',
  8 => 'locations',
  9 => 'overplus',
  10 => 'flag',
  11 => 'mapstr',
) ]
[ info ] [ LOG ] INIT File

---------------------------------------------------------------
[ 2017-07-18T08:27:59+08:00 ] 127.0.0.1 127.0.0.1 GET /index.php/index/map/getmapimage.html?data=118.80203760581,32.033748955263
[ log ] loc.m.com/index.php/index/map/getmapimage.html?data=118.80203760581,32.033748955263 [运行时间：0.385517s][吞吐率：2.59req/s] [内存消耗：2,682.02kb] [文件加载：46]
[ info ] [ LANG ] E:\wamp64\www\duncan\thinkphp\lang\zh-cn.php
[ info ] [ ROUTE ] array (
  'type' => 'module',
  'module' => 
  array (
    0 => 'index',
    1 => 'map',
    2 => 'getmapimage',
  ),
)
[ info ] [ HEADER ] array (
  'host' => 'loc.m.com',
  'connection' => 'keep-alive',
  'user-agent' => 'Mozilla/5.0 (Windows NT 10.0; Win64; x64) AppleWebKit/537.36 (KHTML, like Gecko) Chrome/59.0.3071.115 Safari/537.36',
  'accept' => 'image/webp,image/apng,image/*,*/*;q=0.8',
  'referer' => 'http://loc.m.com/index.php/index/detail/index.html?id=2',
  'accept-encoding' => 'gzip, deflate',
  'accept-language' => 'zh-CN,zh;q=0.8',
  'cookie' => 'thinkphp_show_page_trace=0|0; OUTFOX_SEARCH_USER_ID_NCOO=978554766.5293875; PHPSESSID=338q64fsjd0vsmca8tffen0r42',
)
[ info ] [ PARAM ] array (
  'data' => '118.80203760581,32.033748955263',
)
[ info ] [ RUN ] app\index\controller\Map->getMapImage[ E:\wamp64\www\duncan\application\index\controller\Map.php ]
[ info ] [ LOG ] INIT File

---------------------------------------------------------------
[ 2017-07-18T08:28:02+08:00 ] 127.0.0.1 127.0.0.1 GET /index.php/index/order/confirm.html?id=2&count=1
[ log ] loc.m.com/index.php/index/order/confirm.html?id=2&count=1 [运行时间：0.280697s][吞吐率：3.56req/s] [内存消耗：4,409.74kb] [文件加载：57]
[ info ] [ LANG ] E:\wamp64\www\duncan\thinkphp\lang\zh-cn.php
[ info ] [ ROUTE ] array (
  'type' => 'module',
  'module' => 
  array (
    0 => 'index',
    1 => 'order',
    2 => 'confirm',
  ),
)
[ info ] [ HEADER ] array (
  'host' => 'loc.m.com',
  'connection' => 'keep-alive',
  'upgrade-insecure-requests' => '1',
  'user-agent' => 'Mozilla/5.0 (Windows NT 10.0; Win64; x64) AppleWebKit/537.36 (KHTML, like Gecko) Chrome/59.0.3071.115 Safari/537.36',
  'accept' => 'text/html,application/xhtml+xml,application/xml;q=0.9,image/webp,image/apng,*/*;q=0.8',
  'referer' => 'http://loc.m.com/index.php/index/detail/index.html?id=2',
  'accept-encoding' => 'gzip, deflate',
  'accept-language' => 'zh-CN,zh;q=0.8',
  'cookie' => 'thinkphp_show_page_trace=0|0; OUTFOX_SEARCH_USER_ID_NCOO=978554766.5293875; PHPSESSID=338q64fsjd0vsmca8tffen0r42',
)
[ info ] [ PARAM ] array (
  'id' => '2',
  'count' => '1',
)
[ info ] [ DB ] INIT mysql
[ info ] [ SESSION ] INIT array (
  'id' => '',
  'var_session_id' => '',
  'prefix' => 'think',
  'type' => '',
  'auto_start' => true,
)
[ info ] [ RUN ] app\index\controller\Order->confirm[ E:\wamp64\www\duncan\application\index\controller\Order.php ]
[ info ] [ VIEW ] E:\wamp64\www\duncan\thinkphp\tpl\dispatch_jump.tpl [ array (
  0 => 'citys',
  1 => 'city',
  2 => 'cats',
  3 => 'controler',
  4 => 'user',
  5 => 'title',
  6 => 'code',
  7 => 'msg',
  8 => 'data',
  9 => 'url',
  10 => 'wait',
) ]
[ info ] [ LOG ] INIT File

---------------------------------------------------------------
[ 2017-07-18T08:28:05+08:00 ] 127.0.0.1 127.0.0.1 GET /index.php/index/user/login.html
[ log ] loc.m.com/index.php/index/user/login.html [运行时间：0.192784s][吞吐率：5.19req/s] [内存消耗：2,805.57kb] [文件加载：47]
[ info ] [ LANG ] E:\wamp64\www\duncan\thinkphp\lang\zh-cn.php
[ info ] [ ROUTE ] array (
  'type' => 'module',
  'module' => 
  array (
    0 => 'index',
    1 => 'user',
    2 => 'login',
  ),
)
[ info ] [ HEADER ] array (
  'host' => 'loc.m.com',
  'connection' => 'keep-alive',
  'upgrade-insecure-requests' => '1',
  'user-agent' => 'Mozilla/5.0 (Windows NT 10.0; Win64; x64) AppleWebKit/537.36 (KHTML, like Gecko) Chrome/59.0.3071.115 Safari/537.36',
  'accept' => 'text/html,application/xhtml+xml,application/xml;q=0.9,image/webp,image/apng,*/*;q=0.8',
  'referer' => 'http://loc.m.com/index.php/index/order/confirm.html?id=2&count=1',
  'accept-encoding' => 'gzip, deflate',
  'accept-language' => 'zh-CN,zh;q=0.8',
  'cookie' => 'thinkphp_show_page_trace=0|0; OUTFOX_SEARCH_USER_ID_NCOO=978554766.5293875; PHPSESSID=338q64fsjd0vsmca8tffen0r42',
)
[ info ] [ PARAM ] array (
)
[ info ] [ RUN ] app\index\controller\User->login[ E:\wamp64\www\duncan\application\index\controller\User.php ]
[ info ] [ SESSION ] INIT array (
  'id' => '',
  'var_session_id' => '',
  'prefix' => 'think',
  'type' => '',
  'auto_start' => true,
)
[ info ] [ VIEW ] E:\wamp64\www\duncan\public/../application/index\view\user\login.html [ array (
) ]
[ info ] [ LOG ] INIT File

---------------------------------------------------------------
[ 2017-07-18T08:28:12+08:00 ] 127.0.0.1 127.0.0.1 POST /index.php/index/user/logincheck.html
[ log ] loc.m.com/index.php/index/user/logincheck.html [运行时间：0.298268s][吞吐率：3.35req/s] [内存消耗：4,397.73kb] [文件加载：58]
[ info ] [ LANG ] E:\wamp64\www\duncan\thinkphp\lang\zh-cn.php
[ info ] [ ROUTE ] array (
  'type' => 'module',
  'module' => 
  array (
    0 => 'index',
    1 => 'user',
    2 => 'logincheck',
  ),
)
[ info ] [ HEADER ] array (
  'host' => 'loc.m.com',
  'connection' => 'keep-alive',
  'content-length' => '31',
  'cache-control' => 'max-age=0',
  'origin' => 'http://loc.m.com',
  'upgrade-insecure-requests' => '1',
  'user-agent' => 'Mozilla/5.0 (Windows NT 10.0; Win64; x64) AppleWebKit/537.36 (KHTML, like Gecko) Chrome/59.0.3071.115 Safari/537.36',
  'content-type' => 'application/x-www-form-urlencoded',
  'accept' => 'text/html,application/xhtml+xml,application/xml;q=0.9,image/webp,image/apng,*/*;q=0.8',
  'referer' => 'http://loc.m.com/index.php/index/user/login.html',
  'accept-encoding' => 'gzip, deflate',
  'accept-language' => 'zh-CN,zh;q=0.8',
  'cookie' => 'thinkphp_show_page_trace=0|0; thinkphp_show_page_trace=0|0; OUTFOX_SEARCH_USER_ID_NCOO=978554766.5293875; PHPSESSID=338q64fsjd0vsmca8tffen0r42',
)
[ info ] [ PARAM ] array (
  'username' => 'duncan',
  'password' => '123456',
)
[ info ] [ RUN ] app\index\controller\User->logincheck[ E:\wamp64\www\duncan\application\index\controller\User.php ]
[ info ] [ DB ] INIT mysql
[ info ] [ CACHE ] INIT File
[ info ] [ SESSION ] INIT array (
  'id' => '',
  'var_session_id' => '',
  'prefix' => 'think',
  'type' => '',
  'auto_start' => true,
)
[ info ] [ VIEW ] E:\wamp64\www\duncan\thinkphp\tpl\dispatch_jump.tpl [ array (
  0 => 'code',
  1 => 'msg',
  2 => 'data',
  3 => 'url',
  4 => 'wait',
) ]
[ info ] [ LOG ] INIT File

---------------------------------------------------------------
[ 2017-07-18T08:28:15+08:00 ] 127.0.0.1 127.0.0.1 GET /index.php/index/index/index.html
[ log ] loc.m.com/index.php/index/index/index.html [运行时间：0.223889s][吞吐率：4.47req/s] [内存消耗：4,569.45kb] [文件加载：59]
[ info ] [ LANG ] E:\wamp64\www\duncan\thinkphp\lang\zh-cn.php
[ info ] [ ROUTE ] array (
  'type' => 'module',
  'module' => 
  array (
    0 => 'index',
    1 => 'index',
    2 => 'index',
  ),
)
[ info ] [ HEADER ] array (
  'host' => 'loc.m.com',
  'connection' => 'keep-alive',
  'upgrade-insecure-requests' => '1',
  'user-agent' => 'Mozilla/5.0 (Windows NT 10.0; Win64; x64) AppleWebKit/537.36 (KHTML, like Gecko) Chrome/59.0.3071.115 Safari/537.36',
  'accept' => 'text/html,application/xhtml+xml,application/xml;q=0.9,image/webp,image/apng,*/*;q=0.8',
  'referer' => 'http://loc.m.com/index.php/index/user/logincheck.html',
  'accept-encoding' => 'gzip, deflate',
  'accept-language' => 'zh-CN,zh;q=0.8',
  'cookie' => 'thinkphp_show_page_trace=0|0; thinkphp_show_page_trace=0|0; OUTFOX_SEARCH_USER_ID_NCOO=978554766.5293875; PHPSESSID=338q64fsjd0vsmca8tffen0r42',
)
[ info ] [ PARAM ] array (
)
[ info ] [ DB ] INIT mysql
[ info ] [ SESSION ] INIT array (
  'id' => '',
  'var_session_id' => '',
  'prefix' => 'think',
  'type' => '',
  'auto_start' => true,
)
[ info ] [ RUN ] app\index\controller\Index->index[ E:\wamp64\www\duncan\application\index\controller\Index.php ]
[ info ] [ VIEW ] E:\wamp64\www\duncan\public/../application/index\view\index\index.html [ array (
  0 => 'citys',
  1 => 'city',
  2 => 'cats',
  3 => 'controler',
  4 => 'user',
  5 => 'title',
  6 => 'datas',
  7 => 'meishicates',
  8 => 'controller',
) ]
[ info ] [ LOG ] INIT File

---------------------------------------------------------------
[ 2017-07-18T08:28:21+08:00 ] 127.0.0.1 127.0.0.1 GET /index.php/index/detail/index.html?id=2
[ log ] loc.m.com/index.php/index/detail/index.html?id=2 [运行时间：0.205609s][吞吐率：4.86req/s] [内存消耗：4,632.29kb] [文件加载：60]
[ info ] [ LANG ] E:\wamp64\www\duncan\thinkphp\lang\zh-cn.php
[ info ] [ ROUTE ] array (
  'type' => 'module',
  'module' => 
  array (
    0 => 'index',
    1 => 'detail',
    2 => 'index',
  ),
)
[ info ] [ HEADER ] array (
  'host' => 'loc.m.com',
  'connection' => 'keep-alive',
  'upgrade-insecure-requests' => '1',
  'user-agent' => 'Mozilla/5.0 (Windows NT 10.0; Win64; x64) AppleWebKit/537.36 (KHTML, like Gecko) Chrome/59.0.3071.115 Safari/537.36',
  'accept' => 'text/html,application/xhtml+xml,application/xml;q=0.9,image/webp,image/apng,*/*;q=0.8',
  'referer' => 'http://loc.m.com/index.php/index/index/index.html',
  'accept-encoding' => 'gzip, deflate',
  'accept-language' => 'zh-CN,zh;q=0.8',
  'cookie' => 'thinkphp_show_page_trace=0|0; thinkphp_show_page_trace=0|0; OUTFOX_SEARCH_USER_ID_NCOO=978554766.5293875; PHPSESSID=338q64fsjd0vsmca8tffen0r42',
)
[ info ] [ PARAM ] array (
  'id' => '2',
)
[ info ] [ DB ] INIT mysql
[ info ] [ SESSION ] INIT array (
  'id' => '',
  'var_session_id' => '',
  'prefix' => 'think',
  'type' => '',
  'auto_start' => true,
)
[ info ] [ RUN ] app\index\controller\Detail->index[ E:\wamp64\www\duncan\application\index\controller\Detail.php ]
[ info ] [ VIEW ] E:\wamp64\www\duncan\public/../application/index\view\detail\index.html [ array (
  0 => 'citys',
  1 => 'city',
  2 => 'cats',
  3 => 'controler',
  4 => 'user',
  5 => 'title',
  6 => 'deal',
  7 => 'category',
  8 => 'locations',
  9 => 'overplus',
  10 => 'flag',
  11 => 'mapstr',
) ]
[ info ] [ LOG ] INIT File

---------------------------------------------------------------
[ 2017-07-18T08:28:21+08:00 ] 127.0.0.1 127.0.0.1 GET /index.php/index/map/getmapimage.html?data=118.80203760581,32.033748955263
[ log ] loc.m.com/index.php/index/map/getmapimage.html?data=118.80203760581,32.033748955263 [运行时间：0.275036s][吞吐率：3.64req/s] [内存消耗：2,682.02kb] [文件加载：46]
[ info ] [ LANG ] E:\wamp64\www\duncan\thinkphp\lang\zh-cn.php
[ info ] [ ROUTE ] array (
  'type' => 'module',
  'module' => 
  array (
    0 => 'index',
    1 => 'map',
    2 => 'getmapimage',
  ),
)
[ info ] [ HEADER ] array (
  'host' => 'loc.m.com',
  'connection' => 'keep-alive',
  'user-agent' => 'Mozilla/5.0 (Windows NT 10.0; Win64; x64) AppleWebKit/537.36 (KHTML, like Gecko) Chrome/59.0.3071.115 Safari/537.36',
  'accept' => 'image/webp,image/apng,image/*,*/*;q=0.8',
  'referer' => 'http://loc.m.com/index.php/index/detail/index.html?id=2',
  'accept-encoding' => 'gzip, deflate',
  'accept-language' => 'zh-CN,zh;q=0.8',
  'cookie' => 'thinkphp_show_page_trace=0|0; OUTFOX_SEARCH_USER_ID_NCOO=978554766.5293875; PHPSESSID=338q64fsjd0vsmca8tffen0r42',
)
[ info ] [ PARAM ] array (
  'data' => '118.80203760581,32.033748955263',
)
[ info ] [ RUN ] app\index\controller\Map->getMapImage[ E:\wamp64\www\duncan\application\index\controller\Map.php ]
[ info ] [ LOG ] INIT File

---------------------------------------------------------------
[ 2017-07-18T08:28:23+08:00 ] 127.0.0.1 127.0.0.1 GET /index.php/index/order/confirm.html?id=2&count=1
[ log ] loc.m.com/index.php/index/order/confirm.html?id=2&count=1 [运行时间：0.276321s][吞吐率：3.62req/s] [内存消耗：4,564.35kb] [文件加载：59]
[ info ] [ LANG ] E:\wamp64\www\duncan\thinkphp\lang\zh-cn.php
[ info ] [ ROUTE ] array (
  'type' => 'module',
  'module' => 
  array (
    0 => 'index',
    1 => 'order',
    2 => 'confirm',
  ),
)
[ info ] [ HEADER ] array (
  'host' => 'loc.m.com',
  'connection' => 'keep-alive',
  'upgrade-insecure-requests' => '1',
  'user-agent' => 'Mozilla/5.0 (Windows NT 10.0; Win64; x64) AppleWebKit/537.36 (KHTML, like Gecko) Chrome/59.0.3071.115 Safari/537.36',
  'accept' => 'text/html,application/xhtml+xml,application/xml;q=0.9,image/webp,image/apng,*/*;q=0.8',
  'referer' => 'http://loc.m.com/index.php/index/detail/index.html?id=2',
  'accept-encoding' => 'gzip, deflate',
  'accept-language' => 'zh-CN,zh;q=0.8',
  'cookie' => 'thinkphp_show_page_trace=0|0; thinkphp_show_page_trace=0|0; OUTFOX_SEARCH_USER_ID_NCOO=978554766.5293875; PHPSESSID=338q64fsjd0vsmca8tffen0r42',
)
[ info ] [ PARAM ] array (
  'id' => '2',
  'count' => '1',
)
[ info ] [ DB ] INIT mysql
[ info ] [ SESSION ] INIT array (
  'id' => '',
  'var_session_id' => '',
  'prefix' => 'think',
  'type' => '',
  'auto_start' => true,
)
[ info ] [ RUN ] app\index\controller\Order->confirm[ E:\wamp64\www\duncan\application\index\controller\Order.php ]
[ info ] [ VIEW ] E:\wamp64\www\duncan\public/../application/index\view\order\confirm.html [ array (
  0 => 'citys',
  1 => 'city',
  2 => 'cats',
  3 => 'controler',
  4 => 'user',
  5 => 'title',
  6 => 'controller',
  7 => 'deal',
  8 => 'count',
) ]
[ info ] [ LOG ] INIT File

---------------------------------------------------------------
[ 2017-07-18T08:28:27+08:00 ] 127.0.0.1 127.0.0.1 GET /index.php/index/order/index.html?id=2&deal_count=4&deal_price=40
[ log ] loc.m.com/index.php/index/order/index.html?id=2&deal_count=4&deal_price=40 [运行时间：0.198906s][吞吐率：5.03req/s] [内存消耗：4,475.27kb] [文件加载：58]
[ info ] [ LANG ] E:\wamp64\www\duncan\thinkphp\lang\zh-cn.php
[ info ] [ ROUTE ] array (
  'type' => 'module',
  'module' => 
  array (
    0 => 'index',
    1 => 'order',
    2 => 'index',
  ),
)
[ info ] [ HEADER ] array (
  'host' => 'loc.m.com',
  'connection' => 'keep-alive',
  'upgrade-insecure-requests' => '1',
  'user-agent' => 'Mozilla/5.0 (Windows NT 10.0; Win64; x64) AppleWebKit/537.36 (KHTML, like Gecko) Chrome/59.0.3071.115 Safari/537.36',
  'accept' => 'text/html,application/xhtml+xml,application/xml;q=0.9,image/webp,image/apng,*/*;q=0.8',
  'referer' => 'http://loc.m.com/index.php/index/order/confirm.html?id=2&count=1',
  'accept-encoding' => 'gzip, deflate',
  'accept-language' => 'zh-CN,zh;q=0.8',
  'cookie' => 'thinkphp_show_page_trace=0|0; thinkphp_show_page_trace=0|0; OUTFOX_SEARCH_USER_ID_NCOO=978554766.5293875; PHPSESSID=338q64fsjd0vsmca8tffen0r42',
)
[ info ] [ PARAM ] array (
  'id' => '2',
  'deal_count' => '4',
  'deal_price' => '40',
)
[ info ] [ DB ] INIT mysql
[ info ] [ SESSION ] INIT array (
  'id' => '',
  'var_session_id' => '',
  'prefix' => 'think',
  'type' => '',
  'auto_start' => true,
)
[ info ] [ RUN ] app\index\controller\Order->index[ E:\wamp64\www\duncan\application\index\controller\Order.php ]
[ info ] [ LOG ] INIT File

---------------------------------------------------------------
[ 2017-07-18T08:32:04+08:00 ] 127.0.0.1 127.0.0.1 GET /index.php/index/order/index.html?id=2&deal_count=4&deal_price=40
[ log ] loc.m.com/index.php/index/order/index.html?id=2&deal_count=4&deal_price=40 [运行时间：0.343276s][吞吐率：2.91req/s] [内存消耗：4,511.40kb] [文件加载：62]
[ info ] [ LANG ] E:\wamp64\www\duncan\thinkphp\lang\zh-cn.php
[ info ] [ ROUTE ] array (
  'type' => 'module',
  'module' => 
  array (
    0 => 'index',
    1 => 'order',
    2 => 'index',
  ),
)
[ info ] [ HEADER ] array (
  'host' => 'loc.m.com',
  'connection' => 'keep-alive',
  'cache-control' => 'max-age=0',
  'upgrade-insecure-requests' => '1',
  'user-agent' => 'Mozilla/5.0 (Windows NT 10.0; Win64; x64) AppleWebKit/537.36 (KHTML, like Gecko) Chrome/59.0.3071.115 Safari/537.36',
  'accept' => 'text/html,application/xhtml+xml,application/xml;q=0.9,image/webp,image/apng,*/*;q=0.8',
  'referer' => 'http://loc.m.com/index.php/index/order/confirm.html?id=2&count=1',
  'accept-encoding' => 'gzip, deflate',
  'accept-language' => 'zh-CN,zh;q=0.8',
  'cookie' => 'thinkphp_show_page_trace=0|0; thinkphp_show_page_trace=0|0; OUTFOX_SEARCH_USER_ID_NCOO=978554766.5293875; PHPSESSID=338q64fsjd0vsmca8tffen0r42',
)
[ info ] [ PARAM ] array (
  'id' => '2',
  'deal_count' => '4',
  'deal_price' => '40',
)
[ info ] [ DB ] INIT mysql
[ info ] [ SESSION ] INIT array (
  'id' => '',
  'var_session_id' => '',
  'prefix' => 'think',
  'type' => '',
  'auto_start' => true,
)
[ info ] [ RUN ] app\index\controller\Order->index[ E:\wamp64\www\duncan\application\index\controller\Order.php ]
[ info ] [ VIEW ] E:\wamp64\www\duncan\thinkphp\tpl\dispatch_jump.tpl [ array (
  0 => 'citys',
  1 => 'city',
  2 => 'cats',
  3 => 'controler',
  4 => 'user',
  5 => 'title',
  6 => 'code',
  7 => 'msg',
  8 => 'data',
  9 => 'url',
  10 => 'wait',
) ]
[ info ] [ LOG ] INIT File

---------------------------------------------------------------
[ 2017-07-18T08:32:07+08:00 ] 127.0.0.1 127.0.0.1 GET /index.php/index/order/confirm.html?id=2&count=1
[ log ] loc.m.com/index.php/index/order/confirm.html?id=2&count=1 [运行时间：0.152811s][吞吐率：6.54req/s] [内存消耗：4,564.35kb] [文件加载：59]
[ info ] [ LANG ] E:\wamp64\www\duncan\thinkphp\lang\zh-cn.php
[ info ] [ ROUTE ] array (
  'type' => 'module',
  'module' => 
  array (
    0 => 'index',
    1 => 'order',
    2 => 'confirm',
  ),
)
[ info ] [ HEADER ] array (
  'host' => 'loc.m.com',
  'connection' => 'keep-alive',
  'upgrade-insecure-requests' => '1',
  'user-agent' => 'Mozilla/5.0 (Windows NT 10.0; Win64; x64) AppleWebKit/537.36 (KHTML, like Gecko) Chrome/59.0.3071.115 Safari/537.36',
  'accept' => 'text/html,application/xhtml+xml,application/xml;q=0.9,image/webp,image/apng,*/*;q=0.8',
  'referer' => 'http://loc.m.com/index.php/index/detail/index.html?id=2',
  'accept-encoding' => 'gzip, deflate',
  'accept-language' => 'zh-CN,zh;q=0.8',
  'cookie' => 'thinkphp_show_page_trace=0|0; thinkphp_show_page_trace=0|0; OUTFOX_SEARCH_USER_ID_NCOO=978554766.5293875; PHPSESSID=338q64fsjd0vsmca8tffen0r42',
)
[ info ] [ PARAM ] array (
  'id' => '2',
  'count' => '1',
)
[ info ] [ DB ] INIT mysql
[ info ] [ SESSION ] INIT array (
  'id' => '',
  'var_session_id' => '',
  'prefix' => 'think',
  'type' => '',
  'auto_start' => true,
)
[ info ] [ RUN ] app\index\controller\Order->confirm[ E:\wamp64\www\duncan\application\index\controller\Order.php ]
[ info ] [ VIEW ] E:\wamp64\www\duncan\public/../application/index\view\order\confirm.html [ array (
  0 => 'citys',
  1 => 'city',
  2 => 'cats',
  3 => 'controler',
  4 => 'user',
  5 => 'title',
  6 => 'controller',
  7 => 'deal',
  8 => 'count',
) ]
[ info ] [ LOG ] INIT File

---------------------------------------------------------------
[ 2017-07-18T08:32:13+08:00 ] 127.0.0.1 127.0.0.1 GET /index.php/index/order/index.html?id=2&deal_count=5&deal_price=50
[ log ] loc.m.com/index.php/index/order/index.html?id=2&deal_count=5&deal_price=50 [运行时间：0.212523s][吞吐率：4.71req/s] [内存消耗：4,511.02kb] [文件加载：62]
[ info ] [ LANG ] E:\wamp64\www\duncan\thinkphp\lang\zh-cn.php
[ info ] [ ROUTE ] array (
  'type' => 'module',
  'module' => 
  array (
    0 => 'index',
    1 => 'order',
    2 => 'index',
  ),
)
[ info ] [ HEADER ] array (
  'host' => 'loc.m.com',
  'connection' => 'keep-alive',
  'upgrade-insecure-requests' => '1',
  'user-agent' => 'Mozilla/5.0 (Windows NT 10.0; Win64; x64) AppleWebKit/537.36 (KHTML, like Gecko) Chrome/59.0.3071.115 Safari/537.36',
  'accept' => 'text/html,application/xhtml+xml,application/xml;q=0.9,image/webp,image/apng,*/*;q=0.8',
  'referer' => 'http://loc.m.com/index.php/index/order/confirm.html?id=2&count=1',
  'accept-encoding' => 'gzip, deflate',
  'accept-language' => 'zh-CN,zh;q=0.8',
  'cookie' => 'thinkphp_show_page_trace=0|0; thinkphp_show_page_trace=0|0; OUTFOX_SEARCH_USER_ID_NCOO=978554766.5293875; PHPSESSID=338q64fsjd0vsmca8tffen0r42',
)
[ info ] [ PARAM ] array (
  'id' => '2',
  'deal_count' => '5',
  'deal_price' => '50',
)
[ info ] [ DB ] INIT mysql
[ info ] [ SESSION ] INIT array (
  'id' => '',
  'var_session_id' => '',
  'prefix' => 'think',
  'type' => '',
  'auto_start' => true,
)
[ info ] [ RUN ] app\index\controller\Order->index[ E:\wamp64\www\duncan\application\index\controller\Order.php ]
[ info ] [ VIEW ] E:\wamp64\www\duncan\thinkphp\tpl\dispatch_jump.tpl [ array (
  0 => 'citys',
  1 => 'city',
  2 => 'cats',
  3 => 'controler',
  4 => 'user',
  5 => 'title',
  6 => 'code',
  7 => 'msg',
  8 => 'data',
  9 => 'url',
  10 => 'wait',
) ]
[ info ] [ LOG ] INIT File

---------------------------------------------------------------
[ 2017-07-18T08:32:16+08:00 ] 127.0.0.1 127.0.0.1 GET /index.php/index/order/confirm.html?id=2&count=1
[ log ] loc.m.com/index.php/index/order/confirm.html?id=2&count=1 [运行时间：0.144685s][吞吐率：6.91req/s] [内存消耗：4,564.35kb] [文件加载：59]
[ info ] [ LANG ] E:\wamp64\www\duncan\thinkphp\lang\zh-cn.php
[ info ] [ ROUTE ] array (
  'type' => 'module',
  'module' => 
  array (
    0 => 'index',
    1 => 'order',
    2 => 'confirm',
  ),
)
[ info ] [ HEADER ] array (
  'host' => 'loc.m.com',
  'connection' => 'keep-alive',
  'upgrade-insecure-requests' => '1',
  'user-agent' => 'Mozilla/5.0 (Windows NT 10.0; Win64; x64) AppleWebKit/537.36 (KHTML, like Gecko) Chrome/59.0.3071.115 Safari/537.36',
  'accept' => 'text/html,application/xhtml+xml,application/xml;q=0.9,image/webp,image/apng,*/*;q=0.8',
  'referer' => 'http://loc.m.com/index.php/index/detail/index.html?id=2',
  'accept-encoding' => 'gzip, deflate',
  'accept-language' => 'zh-CN,zh;q=0.8',
  'cookie' => 'thinkphp_show_page_trace=0|0; thinkphp_show_page_trace=0|0; OUTFOX_SEARCH_USER_ID_NCOO=978554766.5293875; PHPSESSID=338q64fsjd0vsmca8tffen0r42',
)
[ info ] [ PARAM ] array (
  'id' => '2',
  'count' => '1',
)
[ info ] [ DB ] INIT mysql
[ info ] [ SESSION ] INIT array (
  'id' => '',
  'var_session_id' => '',
  'prefix' => 'think',
  'type' => '',
  'auto_start' => true,
)
[ info ] [ RUN ] app\index\controller\Order->confirm[ E:\wamp64\www\duncan\application\index\controller\Order.php ]
[ info ] [ VIEW ] E:\wamp64\www\duncan\public/../application/index\view\order\confirm.html [ array (
  0 => 'citys',
  1 => 'city',
  2 => 'cats',
  3 => 'controler',
  4 => 'user',
  5 => 'title',
  6 => 'controller',
  7 => 'deal',
  8 => 'count',
) ]
[ info ] [ LOG ] INIT File

---------------------------------------------------------------
[ 2017-07-18T08:34:02+08:00 ] 127.0.0.1 127.0.0.1 GET /index.php/index/order/confirm.html?id=2&count=1
[ log ] loc.m.com/index.php/index/order/confirm.html?id=2&count=1 [运行时间：0.173206s][吞吐率：5.77req/s] [内存消耗：4,564.75kb] [文件加载：59]
[ info ] [ LANG ] E:\wamp64\www\duncan\thinkphp\lang\zh-cn.php
[ info ] [ ROUTE ] array (
  'type' => 'module',
  'module' => 
  array (
    0 => 'index',
    1 => 'order',
    2 => 'confirm',
  ),
)
[ info ] [ HEADER ] array (
  'host' => 'loc.m.com',
  'connection' => 'keep-alive',
  'cache-control' => 'max-age=0',
  'upgrade-insecure-requests' => '1',
  'user-agent' => 'Mozilla/5.0 (Windows NT 10.0; Win64; x64) AppleWebKit/537.36 (KHTML, like Gecko) Chrome/59.0.3071.115 Safari/537.36',
  'accept' => 'text/html,application/xhtml+xml,application/xml;q=0.9,image/webp,image/apng,*/*;q=0.8',
  'referer' => 'http://loc.m.com/index.php/index/detail/index.html?id=2',
  'accept-encoding' => 'gzip, deflate',
  'accept-language' => 'zh-CN,zh;q=0.8',
  'cookie' => 'thinkphp_show_page_trace=0|0; thinkphp_show_page_trace=0|0; OUTFOX_SEARCH_USER_ID_NCOO=978554766.5293875; PHPSESSID=338q64fsjd0vsmca8tffen0r42',
)
[ info ] [ PARAM ] array (
  'id' => '2',
  'count' => '1',
)
[ info ] [ DB ] INIT mysql
[ info ] [ SESSION ] INIT array (
  'id' => '',
  'var_session_id' => '',
  'prefix' => 'think',
  'type' => '',
  'auto_start' => true,
)
[ info ] [ RUN ] app\index\controller\Order->confirm[ E:\wamp64\www\duncan\application\index\controller\Order.php ]
[ info ] [ VIEW ] E:\wamp64\www\duncan\public/../application/index\view\order\confirm.html [ array (
  0 => 'citys',
  1 => 'city',
  2 => 'cats',
  3 => 'controler',
  4 => 'user',
  5 => 'title',
  6 => 'controller',
  7 => 'deal',
  8 => 'count',
) ]
[ info ] [ LOG ] INIT File

---------------------------------------------------------------
[ 2017-07-18T08:34:05+08:00 ] 127.0.0.1 127.0.0.1 GET /index.php/index/order/index.html?id=2&deal_count=6&deal_price=60
[ log ] loc.m.com/index.php/index/order/index.html?id=2&deal_count=6&deal_price=60 [运行时间：0.201023s][吞吐率：4.97req/s] [内存消耗：4,510.51kb] [文件加载：62]
[ info ] [ LANG ] E:\wamp64\www\duncan\thinkphp\lang\zh-cn.php
[ info ] [ ROUTE ] array (
  'type' => 'module',
  'module' => 
  array (
    0 => 'index',
    1 => 'order',
    2 => 'index',
  ),
)
[ info ] [ HEADER ] array (
  'host' => 'loc.m.com',
  'connection' => 'keep-alive',
  'upgrade-insecure-requests' => '1',
  'user-agent' => 'Mozilla/5.0 (Windows NT 10.0; Win64; x64) AppleWebKit/537.36 (KHTML, like Gecko) Chrome/59.0.3071.115 Safari/537.36',
  'accept' => 'text/html,application/xhtml+xml,application/xml;q=0.9,image/webp,image/apng,*/*;q=0.8',
  'referer' => 'http://loc.m.com/index.php/index/order/confirm.html?id=2&count=1',
  'accept-encoding' => 'gzip, deflate',
  'accept-language' => 'zh-CN,zh;q=0.8',
  'cookie' => 'thinkphp_show_page_trace=0|0; thinkphp_show_page_trace=0|0; OUTFOX_SEARCH_USER_ID_NCOO=978554766.5293875; PHPSESSID=338q64fsjd0vsmca8tffen0r42',
)
[ info ] [ PARAM ] array (
  'id' => '2',
  'deal_count' => '6',
  'deal_price' => '60',
)
[ info ] [ DB ] INIT mysql
[ info ] [ SESSION ] INIT array (
  'id' => '',
  'var_session_id' => '',
  'prefix' => 'think',
  'type' => '',
  'auto_start' => true,
)
[ info ] [ RUN ] app\index\controller\Order->index[ E:\wamp64\www\duncan\application\index\controller\Order.php ]
[ info ] [ VIEW ] E:\wamp64\www\duncan\thinkphp\tpl\dispatch_jump.tpl [ array (
  0 => 'citys',
  1 => 'city',
  2 => 'cats',
  3 => 'controler',
  4 => 'user',
  5 => 'title',
  6 => 'code',
  7 => 'msg',
  8 => 'data',
  9 => 'url',
  10 => 'wait',
) ]
[ info ] [ LOG ] INIT File

---------------------------------------------------------------
[ 2017-07-18T08:34:08+08:00 ] 127.0.0.1 127.0.0.1 GET /index.php/index/order/confirm.html?id=2&count=1
[ log ] loc.m.com/index.php/index/order/confirm.html?id=2&count=1 [运行时间：0.141516s][吞吐率：7.07req/s] [内存消耗：4,564.35kb] [文件加载：59]
[ info ] [ LANG ] E:\wamp64\www\duncan\thinkphp\lang\zh-cn.php
[ info ] [ ROUTE ] array (
  'type' => 'module',
  'module' => 
  array (
    0 => 'index',
    1 => 'order',
    2 => 'confirm',
  ),
)
[ info ] [ HEADER ] array (
  'host' => 'loc.m.com',
  'connection' => 'keep-alive',
  'upgrade-insecure-requests' => '1',
  'user-agent' => 'Mozilla/5.0 (Windows NT 10.0; Win64; x64) AppleWebKit/537.36 (KHTML, like Gecko) Chrome/59.0.3071.115 Safari/537.36',
  'accept' => 'text/html,application/xhtml+xml,application/xml;q=0.9,image/webp,image/apng,*/*;q=0.8',
  'referer' => 'http://loc.m.com/index.php/index/detail/index.html?id=2',
  'accept-encoding' => 'gzip, deflate',
  'accept-language' => 'zh-CN,zh;q=0.8',
  'cookie' => 'thinkphp_show_page_trace=0|0; thinkphp_show_page_trace=0|0; OUTFOX_SEARCH_USER_ID_NCOO=978554766.5293875; PHPSESSID=338q64fsjd0vsmca8tffen0r42',
)
[ info ] [ PARAM ] array (
  'id' => '2',
  'count' => '1',
)
[ info ] [ DB ] INIT mysql
[ info ] [ SESSION ] INIT array (
  'id' => '',
  'var_session_id' => '',
  'prefix' => 'think',
  'type' => '',
  'auto_start' => true,
)
[ info ] [ RUN ] app\index\controller\Order->confirm[ E:\wamp64\www\duncan\application\index\controller\Order.php ]
[ info ] [ VIEW ] E:\wamp64\www\duncan\public/../application/index\view\order\confirm.html [ array (
  0 => 'citys',
  1 => 'city',
  2 => 'cats',
  3 => 'controler',
  4 => 'user',
  5 => 'title',
  6 => 'controller',
  7 => 'deal',
  8 => 'count',
) ]
[ info ] [ LOG ] INIT File

---------------------------------------------------------------
[ 2017-07-18T08:34:34+08:00 ] 127.0.0.1 127.0.0.1 GET /index.php/index/order/confirm.html?id=2&count=1
[ log ] loc.m.com/index.php/index/order/confirm.html?id=2&count=1 [运行时间：0.171897s][吞吐率：5.82req/s] [内存消耗：4,565.56kb] [文件加载：59]
[ info ] [ LANG ] E:\wamp64\www\duncan\thinkphp\lang\zh-cn.php
[ info ] [ ROUTE ] array (
  'type' => 'module',
  'module' => 
  array (
    0 => 'index',
    1 => 'order',
    2 => 'confirm',
  ),
)
[ info ] [ HEADER ] array (
  'host' => 'loc.m.com',
  'connection' => 'keep-alive',
  'cache-control' => 'max-age=0',
  'upgrade-insecure-requests' => '1',
  'user-agent' => 'Mozilla/5.0 (Windows NT 10.0; Win64; x64) AppleWebKit/537.36 (KHTML, like Gecko) Chrome/59.0.3071.115 Safari/537.36',
  'accept' => 'text/html,application/xhtml+xml,application/xml;q=0.9,image/webp,image/apng,*/*;q=0.8',
  'referer' => 'http://loc.m.com/index.php/index/detail/index.html?id=2',
  'accept-encoding' => 'gzip, deflate',
  'accept-language' => 'zh-CN,zh;q=0.8',
  'cookie' => 'thinkphp_show_page_trace=0|0; thinkphp_show_page_trace=0|0; OUTFOX_SEARCH_USER_ID_NCOO=978554766.5293875; PHPSESSID=338q64fsjd0vsmca8tffen0r42',
)
[ info ] [ PARAM ] array (
  'id' => '2',
  'count' => '1',
)
[ info ] [ DB ] INIT mysql
[ info ] [ SESSION ] INIT array (
  'id' => '',
  'var_session_id' => '',
  'prefix' => 'think',
  'type' => '',
  'auto_start' => true,
)
[ info ] [ RUN ] app\index\controller\Order->confirm[ E:\wamp64\www\duncan\application\index\controller\Order.php ]
[ info ] [ VIEW ] E:\wamp64\www\duncan\public/../application/index\view\order\confirm.html [ array (
  0 => 'citys',
  1 => 'city',
  2 => 'cats',
  3 => 'controler',
  4 => 'user',
  5 => 'title',
  6 => 'controller',
  7 => 'deal',
  8 => 'count',
) ]
[ info ] [ LOG ] INIT File

---------------------------------------------------------------
[ 2017-07-18T08:34:35+08:00 ] 127.0.0.1 127.0.0.1 GET /index.php/index/order/index.html?id=2&deal_count=1&deal_price=10
[ log ] loc.m.com/index.php/index/order/index.html?id=2&deal_count=1&deal_price=10 [运行时间：0.242057s][吞吐率：4.13req/s] [内存消耗：4,511.57kb] [文件加载：62]
[ info ] [ LANG ] E:\wamp64\www\duncan\thinkphp\lang\zh-cn.php
[ info ] [ ROUTE ] array (
  'type' => 'module',
  'module' => 
  array (
    0 => 'index',
    1 => 'order',
    2 => 'index',
  ),
)
[ info ] [ HEADER ] array (
  'host' => 'loc.m.com',
  'connection' => 'keep-alive',
  'upgrade-insecure-requests' => '1',
  'user-agent' => 'Mozilla/5.0 (Windows NT 10.0; Win64; x64) AppleWebKit/537.36 (KHTML, like Gecko) Chrome/59.0.3071.115 Safari/537.36',
  'accept' => 'text/html,application/xhtml+xml,application/xml;q=0.9,image/webp,image/apng,*/*;q=0.8',
  'referer' => 'http://loc.m.com/index.php/index/order/confirm.html?id=2&count=1',
  'accept-encoding' => 'gzip, deflate',
  'accept-language' => 'zh-CN,zh;q=0.8',
  'cookie' => 'thinkphp_show_page_trace=0|0; thinkphp_show_page_trace=0|0; OUTFOX_SEARCH_USER_ID_NCOO=978554766.5293875; PHPSESSID=338q64fsjd0vsmca8tffen0r42',
)
[ info ] [ PARAM ] array (
  'id' => '2',
  'deal_count' => '1',
  'deal_price' => '10',
)
[ info ] [ DB ] INIT mysql
[ info ] [ SESSION ] INIT array (
  'id' => '',
  'var_session_id' => '',
  'prefix' => 'think',
  'type' => '',
  'auto_start' => true,
)
[ info ] [ RUN ] app\index\controller\Order->index[ E:\wamp64\www\duncan\application\index\controller\Order.php ]
[ info ] [ VIEW ] E:\wamp64\www\duncan\thinkphp\tpl\dispatch_jump.tpl [ array (
  0 => 'citys',
  1 => 'city',
  2 => 'cats',
  3 => 'controler',
  4 => 'user',
  5 => 'title',
  6 => 'code',
  7 => 'msg',
  8 => 'data',
  9 => 'url',
  10 => 'wait',
) ]
[ info ] [ LOG ] INIT File

---------------------------------------------------------------
[ 2017-07-18T08:34:39+08:00 ] 127.0.0.1 127.0.0.1 GET /index.php/index/order/confirm.html?id=2&count=1
[ log ] loc.m.com/index.php/index/order/confirm.html?id=2&count=1 [运行时间：0.155209s][吞吐率：6.44req/s] [内存消耗：4,565.37kb] [文件加载：59]
[ info ] [ LANG ] E:\wamp64\www\duncan\thinkphp\lang\zh-cn.php
[ info ] [ ROUTE ] array (
  'type' => 'module',
  'module' => 
  array (
    0 => 'index',
    1 => 'order',
    2 => 'confirm',
  ),
)
[ info ] [ HEADER ] array (
  'host' => 'loc.m.com',
  'connection' => 'keep-alive',
  'upgrade-insecure-requests' => '1',
  'user-agent' => 'Mozilla/5.0 (Windows NT 10.0; Win64; x64) AppleWebKit/537.36 (KHTML, like Gecko) Chrome/59.0.3071.115 Safari/537.36',
  'accept' => 'text/html,application/xhtml+xml,application/xml;q=0.9,image/webp,image/apng,*/*;q=0.8',
  'referer' => 'http://loc.m.com/index.php/index/detail/index.html?id=2',
  'accept-encoding' => 'gzip, deflate',
  'accept-language' => 'zh-CN,zh;q=0.8',
  'cookie' => 'thinkphp_show_page_trace=0|0; thinkphp_show_page_trace=0|0; OUTFOX_SEARCH_USER_ID_NCOO=978554766.5293875; PHPSESSID=338q64fsjd0vsmca8tffen0r42',
)
[ info ] [ PARAM ] array (
  'id' => '2',
  'count' => '1',
)
[ info ] [ DB ] INIT mysql
[ info ] [ SESSION ] INIT array (
  'id' => '',
  'var_session_id' => '',
  'prefix' => 'think',
  'type' => '',
  'auto_start' => true,
)
[ info ] [ RUN ] app\index\controller\Order->confirm[ E:\wamp64\www\duncan\application\index\controller\Order.php ]
[ info ] [ VIEW ] E:\wamp64\www\duncan\public/../application/index\view\order\confirm.html [ array (
  0 => 'citys',
  1 => 'city',
  2 => 'cats',
  3 => 'controler',
  4 => 'user',
  5 => 'title',
  6 => 'controller',
  7 => 'deal',
  8 => 'count',
) ]
[ info ] [ LOG ] INIT File

---------------------------------------------------------------
[ 2017-07-18T08:35:22+08:00 ] 127.0.0.1 127.0.0.1 GET /index.php/index/order/confirm.html?id=2&count=1
[ log ] loc.m.com/index.php/index/order/confirm.html?id=2&count=1 [运行时间：0.161897s][吞吐率：6.18req/s] [内存消耗：4,566.21kb] [文件加载：59]
[ info ] [ LANG ] E:\wamp64\www\duncan\thinkphp\lang\zh-cn.php
[ info ] [ ROUTE ] array (
  'type' => 'module',
  'module' => 
  array (
    0 => 'index',
    1 => 'order',
    2 => 'confirm',
  ),
)
[ info ] [ HEADER ] array (
  'host' => 'loc.m.com',
  'connection' => 'keep-alive',
  'cache-control' => 'max-age=0',
  'upgrade-insecure-requests' => '1',
  'user-agent' => 'Mozilla/5.0 (Windows NT 10.0; Win64; x64) AppleWebKit/537.36 (KHTML, like Gecko) Chrome/59.0.3071.115 Safari/537.36',
  'accept' => 'text/html,application/xhtml+xml,application/xml;q=0.9,image/webp,image/apng,*/*;q=0.8',
  'referer' => 'http://loc.m.com/index.php/index/detail/index.html?id=2',
  'accept-encoding' => 'gzip, deflate',
  'accept-language' => 'zh-CN,zh;q=0.8',
  'cookie' => 'thinkphp_show_page_trace=0|0; thinkphp_show_page_trace=0|0; OUTFOX_SEARCH_USER_ID_NCOO=978554766.5293875; PHPSESSID=338q64fsjd0vsmca8tffen0r42',
)
[ info ] [ PARAM ] array (
  'id' => '2',
  'count' => '1',
)
[ info ] [ DB ] INIT mysql
[ info ] [ SESSION ] INIT array (
  'id' => '',
  'var_session_id' => '',
  'prefix' => 'think',
  'type' => '',
  'auto_start' => true,
)
[ info ] [ RUN ] app\index\controller\Order->confirm[ E:\wamp64\www\duncan\application\index\controller\Order.php ]
[ info ] [ VIEW ] E:\wamp64\www\duncan\public/../application/index\view\order\confirm.html [ array (
  0 => 'citys',
  1 => 'city',
  2 => 'cats',
  3 => 'controler',
  4 => 'user',
  5 => 'title',
  6 => 'controller',
  7 => 'deal',
  8 => 'count',
) ]
[ info ] [ LOG ] INIT File

---------------------------------------------------------------
[ 2017-07-18T08:35:24+08:00 ] 127.0.0.1 127.0.0.1 GET /index.php/index/order/index.html?id=2&deal_count=1&deal_price=10
[ log ] loc.m.com/index.php/index/order/index.html?id=2&deal_count=1&deal_price=10 [运行时间：0.245655s][吞吐率：4.07req/s] [内存消耗：4,516.23kb] [文件加载：62]
[ info ] [ LANG ] E:\wamp64\www\duncan\thinkphp\lang\zh-cn.php
[ info ] [ ROUTE ] array (
  'type' => 'module',
  'module' => 
  array (
    0 => 'index',
    1 => 'order',
    2 => 'index',
  ),
)
[ info ] [ HEADER ] array (
  'host' => 'loc.m.com',
  'connection' => 'keep-alive',
  'upgrade-insecure-requests' => '1',
  'user-agent' => 'Mozilla/5.0 (Windows NT 10.0; Win64; x64) AppleWebKit/537.36 (KHTML, like Gecko) Chrome/59.0.3071.115 Safari/537.36',
  'accept' => 'text/html,application/xhtml+xml,application/xml;q=0.9,image/webp,image/apng,*/*;q=0.8',
  'referer' => 'http://loc.m.com/index.php/index/order/confirm.html?id=2&count=1',
  'accept-encoding' => 'gzip, deflate',
  'accept-language' => 'zh-CN,zh;q=0.8',
  'cookie' => 'thinkphp_show_page_trace=0|0; thinkphp_show_page_trace=0|0; OUTFOX_SEARCH_USER_ID_NCOO=978554766.5293875; PHPSESSID=338q64fsjd0vsmca8tffen0r42',
)
[ info ] [ PARAM ] array (
  'id' => '2',
  'deal_count' => '1',
  'deal_price' => '10',
)
[ info ] [ DB ] INIT mysql
[ info ] [ SESSION ] INIT array (
  'id' => '',
  'var_session_id' => '',
  'prefix' => 'think',
  'type' => '',
  'auto_start' => true,
)
[ info ] [ RUN ] app\index\controller\Order->index[ E:\wamp64\www\duncan\application\index\controller\Order.php ]
[ info ] [ VIEW ] E:\wamp64\www\duncan\thinkphp\tpl\dispatch_jump.tpl [ array (
  0 => 'citys',
  1 => 'city',
  2 => 'cats',
  3 => 'controler',
  4 => 'user',
  5 => 'title',
  6 => 'code',
  7 => 'msg',
  8 => 'data',
  9 => 'url',
  10 => 'wait',
) ]
[ info ] [ LOG ] INIT File

---------------------------------------------------------------
[ 2017-07-18T08:35:27+08:00 ] 127.0.0.1 127.0.0.1 GET /index.php/index/order/confirm.html?id=2&count=1
[ log ] loc.m.com/index.php/index/order/confirm.html?id=2&count=1 [运行时间：0.146414s][吞吐率：6.83req/s] [内存消耗：4,566.03kb] [文件加载：59]
[ info ] [ LANG ] E:\wamp64\www\duncan\thinkphp\lang\zh-cn.php
[ info ] [ ROUTE ] array (
  'type' => 'module',
  'module' => 
  array (
    0 => 'index',
    1 => 'order',
    2 => 'confirm',
  ),
)
[ info ] [ HEADER ] array (
  'host' => 'loc.m.com',
  'connection' => 'keep-alive',
  'upgrade-insecure-requests' => '1',
  'user-agent' => 'Mozilla/5.0 (Windows NT 10.0; Win64; x64) AppleWebKit/537.36 (KHTML, like Gecko) Chrome/59.0.3071.115 Safari/537.36',
  'accept' => 'text/html,application/xhtml+xml,application/xml;q=0.9,image/webp,image/apng,*/*;q=0.8',
  'referer' => 'http://loc.m.com/index.php/index/detail/index.html?id=2',
  'accept-encoding' => 'gzip, deflate',
  'accept-language' => 'zh-CN,zh;q=0.8',
  'cookie' => 'thinkphp_show_page_trace=0|0; thinkphp_show_page_trace=0|0; OUTFOX_SEARCH_USER_ID_NCOO=978554766.5293875; PHPSESSID=338q64fsjd0vsmca8tffen0r42',
)
[ info ] [ PARAM ] array (
  'id' => '2',
  'count' => '1',
)
[ info ] [ DB ] INIT mysql
[ info ] [ SESSION ] INIT array (
  'id' => '',
  'var_session_id' => '',
  'prefix' => 'think',
  'type' => '',
  'auto_start' => true,
)
[ info ] [ RUN ] app\index\controller\Order->confirm[ E:\wamp64\www\duncan\application\index\controller\Order.php ]
[ info ] [ VIEW ] E:\wamp64\www\duncan\public/../application/index\view\order\confirm.html [ array (
  0 => 'citys',
  1 => 'city',
  2 => 'cats',
  3 => 'controler',
  4 => 'user',
  5 => 'title',
  6 => 'controller',
  7 => 'deal',
  8 => 'count',
) ]
[ info ] [ LOG ] INIT File

---------------------------------------------------------------
[ 2017-07-18T08:35:50+08:00 ] 127.0.0.1 127.0.0.1 GET /index.php/index/order/index.html?id=2&deal_count=1&deal_price=10
[ log ] loc.m.com/index.php/index/order/index.html?id=2&deal_count=1&deal_price=10 [运行时间：0.200165s][吞吐率：5.00req/s] [内存消耗：4,501.69kb] [文件加载：60]
[ info ] [ LANG ] E:\wamp64\www\duncan\thinkphp\lang\zh-cn.php
[ info ] [ ROUTE ] array (
  'type' => 'module',
  'module' => 
  array (
    0 => 'index',
    1 => 'order',
    2 => 'index',
  ),
)
[ info ] [ HEADER ] array (
  'host' => 'loc.m.com',
  'connection' => 'keep-alive',
  'upgrade-insecure-requests' => '1',
  'user-agent' => 'Mozilla/5.0 (Windows NT 10.0; Win64; x64) AppleWebKit/537.36 (KHTML, like Gecko) Chrome/59.0.3071.115 Safari/537.36',
  'accept' => 'text/html,application/xhtml+xml,application/xml;q=0.9,image/webp,image/apng,*/*;q=0.8',
  'referer' => 'http://loc.m.com/index.php/index/order/confirm.html?id=2&count=1',
  'accept-encoding' => 'gzip, deflate',
  'accept-language' => 'zh-CN,zh;q=0.8',
  'cookie' => 'thinkphp_show_page_trace=0|0; thinkphp_show_page_trace=0|0; OUTFOX_SEARCH_USER_ID_NCOO=978554766.5293875; PHPSESSID=338q64fsjd0vsmca8tffen0r42',
)
[ info ] [ PARAM ] array (
  'id' => '2',
  'deal_count' => '1',
  'deal_price' => '10',
)
[ info ] [ DB ] INIT mysql
[ info ] [ SESSION ] INIT array (
  'id' => '',
  'var_session_id' => '',
  'prefix' => 'think',
  'type' => '',
  'auto_start' => true,
)
[ info ] [ RUN ] app\index\controller\Order->index[ E:\wamp64\www\duncan\application\index\controller\Order.php ]
[ info ] [ LOG ] INIT File

---------------------------------------------------------------
[ 2017-07-18T08:38:48+08:00 ] 127.0.0.1 127.0.0.1 GET /index.php/index/order/index.html?id=2&deal_count=1&deal_price=10
[ log ] loc.m.com/index.php/index/order/index.html?id=2&deal_count=1&deal_price=10 [运行时间：0.540437s][吞吐率：1.85req/s] [内存消耗：4,565.91kb] [文件加载：62]
[ info ] [ LANG ] E:\wamp64\www\duncan\thinkphp\lang\zh-cn.php
[ info ] [ ROUTE ] array (
  'type' => 'module',
  'module' => 
  array (
    0 => 'index',
    1 => 'order',
    2 => 'index',
  ),
)
[ info ] [ HEADER ] array (
  'host' => 'loc.m.com',
  'connection' => 'keep-alive',
  'cache-control' => 'max-age=0',
  'upgrade-insecure-requests' => '1',
  'user-agent' => 'Mozilla/5.0 (Windows NT 10.0; Win64; x64) AppleWebKit/537.36 (KHTML, like Gecko) Chrome/59.0.3071.115 Safari/537.36',
  'accept' => 'text/html,application/xhtml+xml,application/xml;q=0.9,image/webp,image/apng,*/*;q=0.8',
  'referer' => 'http://loc.m.com/index.php/index/order/confirm.html?id=2&count=1',
  'accept-encoding' => 'gzip, deflate',
  'accept-language' => 'zh-CN,zh;q=0.8',
  'cookie' => 'thinkphp_show_page_trace=0|0; thinkphp_show_page_trace=0|0; OUTFOX_SEARCH_USER_ID_NCOO=978554766.5293875; PHPSESSID=338q64fsjd0vsmca8tffen0r42',
)
[ info ] [ PARAM ] array (
  'id' => '2',
  'deal_count' => '1',
  'deal_price' => '10',
)
[ info ] [ DB ] INIT mysql
[ info ] [ SESSION ] INIT array (
  'id' => '',
  'var_session_id' => '',
  'prefix' => 'think',
  'type' => '',
  'auto_start' => true,
)
[ info ] [ RUN ] app\index\controller\Order->index[ E:\wamp64\www\duncan\application\index\controller\Order.php ]
[ info ] [ LOG ] INIT File

---------------------------------------------------------------
[ 2017-07-18T08:39:45+08:00 ] 127.0.0.1 127.0.0.1 GET /index.php/index/order/index.html?id=2&deal_count=1&deal_price=10
[ log ] loc.m.com/index.php/index/order/index.html?id=2&deal_count=1&deal_price=10 [运行时间：0.244115s][吞吐率：4.10req/s] [内存消耗：4,564.20kb] [文件加载：62]
[ info ] [ LANG ] E:\wamp64\www\duncan\thinkphp\lang\zh-cn.php
[ info ] [ ROUTE ] array (
  'type' => 'module',
  'module' => 
  array (
    0 => 'index',
    1 => 'order',
    2 => 'index',
  ),
)
[ info ] [ HEADER ] array (
  'host' => 'loc.m.com',
  'connection' => 'keep-alive',
  'cache-control' => 'max-age=0',
  'upgrade-insecure-requests' => '1',
  'user-agent' => 'Mozilla/5.0 (Windows NT 10.0; Win64; x64) AppleWebKit/537.36 (KHTML, like Gecko) Chrome/59.0.3071.115 Safari/537.36',
  'accept' => 'text/html,application/xhtml+xml,application/xml;q=0.9,image/webp,image/apng,*/*;q=0.8',
  'referer' => 'http://loc.m.com/index.php/index/order/confirm.html?id=2&count=1',
  'accept-encoding' => 'gzip, deflate',
  'accept-language' => 'zh-CN,zh;q=0.8',
  'cookie' => 'thinkphp_show_page_trace=0|0; thinkphp_show_page_trace=0|0; OUTFOX_SEARCH_USER_ID_NCOO=978554766.5293875; PHPSESSID=338q64fsjd0vsmca8tffen0r42',
)
[ info ] [ PARAM ] array (
  'id' => '2',
  'deal_count' => '1',
  'deal_price' => '10',
)
[ info ] [ DB ] INIT mysql
[ info ] [ SESSION ] INIT array (
  'id' => '',
  'var_session_id' => '',
  'prefix' => 'think',
  'type' => '',
  'auto_start' => true,
)
[ info ] [ RUN ] app\index\controller\Order->index[ E:\wamp64\www\duncan\application\index\controller\Order.php ]
[ info ] [ LOG ] INIT File

---------------------------------------------------------------
[ 2017-07-18T08:40:11+08:00 ] 127.0.0.1 127.0.0.1 GET /index.php/index/order/index.html?id=2&deal_count=1&deal_price=10
[ log ] loc.m.com/index.php/index/order/index.html?id=2&deal_count=1&deal_price=10 [运行时间：0.280836s][吞吐率：3.56req/s] [内存消耗：4,562.80kb] [文件加载：59]
[ info ] [ LANG ] E:\wamp64\www\duncan\thinkphp\lang\zh-cn.php
[ info ] [ ROUTE ] array (
  'type' => 'module',
  'module' => 
  array (
    0 => 'index',
    1 => 'order',
    2 => 'index',
  ),
)
[ info ] [ HEADER ] array (
  'host' => 'loc.m.com',
  'connection' => 'keep-alive',
  'cache-control' => 'max-age=0',
  'upgrade-insecure-requests' => '1',
  'user-agent' => 'Mozilla/5.0 (Windows NT 10.0; Win64; x64) AppleWebKit/537.36 (KHTML, like Gecko) Chrome/59.0.3071.115 Safari/537.36',
  'accept' => 'text/html,application/xhtml+xml,application/xml;q=0.9,image/webp,image/apng,*/*;q=0.8',
  'referer' => 'http://loc.m.com/index.php/index/order/confirm.html?id=2&count=1',
  'accept-encoding' => 'gzip, deflate',
  'accept-language' => 'zh-CN,zh;q=0.8',
  'cookie' => 'thinkphp_show_page_trace=0|0; thinkphp_show_page_trace=0|0; OUTFOX_SEARCH_USER_ID_NCOO=978554766.5293875; PHPSESSID=338q64fsjd0vsmca8tffen0r42',
)
[ info ] [ PARAM ] array (
  'id' => '2',
  'deal_count' => '1',
  'deal_price' => '10',
)
[ info ] [ DB ] INIT mysql
[ info ] [ SESSION ] INIT array (
  'id' => '',
  'var_session_id' => '',
  'prefix' => 'think',
  'type' => '',
  'auto_start' => true,
)
[ info ] [ RUN ] app\index\controller\Order->index[ E:\wamp64\www\duncan\application\index\controller\Order.php ]
[ info ] [ LOG ] INIT File

---------------------------------------------------------------
[ 2017-07-18T08:40:12+08:00 ] 127.0.0.1 127.0.0.1 GET /index.php/index/pay/index.html?id=19
[ log ] loc.m.com/index.php/index/pay/index.html?id=19 [运行时间：0.158243s][吞吐率：6.32req/s] [内存消耗：4,344.84kb] [文件加载：56]
[ info ] [ LANG ] E:\wamp64\www\duncan\thinkphp\lang\zh-cn.php
[ info ] [ ROUTE ] array (
  'type' => 'module',
  'module' => 
  array (
    0 => 'index',
    1 => 'pay',
    2 => 'index',
  ),
)
[ info ] [ HEADER ] array (
  'host' => 'loc.m.com',
  'connection' => 'keep-alive',
  'cache-control' => 'max-age=0',
  'upgrade-insecure-requests' => '1',
  'user-agent' => 'Mozilla/5.0 (Windows NT 10.0; Win64; x64) AppleWebKit/537.36 (KHTML, like Gecko) Chrome/59.0.3071.115 Safari/537.36',
  'accept' => 'text/html,application/xhtml+xml,application/xml;q=0.9,image/webp,image/apng,*/*;q=0.8',
  'referer' => 'http://loc.m.com/index.php/index/order/confirm.html?id=2&count=1',
  'accept-encoding' => 'gzip, deflate',
  'accept-language' => 'zh-CN,zh;q=0.8',
  'cookie' => 'thinkphp_show_page_trace=0|0; OUTFOX_SEARCH_USER_ID_NCOO=978554766.5293875; PHPSESSID=338q64fsjd0vsmca8tffen0r42',
)
[ info ] [ PARAM ] array (
  'id' => '19',
)
[ info ] [ DB ] INIT mysql
[ info ] [ SESSION ] INIT array (
  'id' => '',
  'var_session_id' => '',
  'prefix' => 'think',
  'type' => '',
  'auto_start' => true,
)
[ info ] [ RUN ] app\index\controller\Pay->index[ E:\wamp64\www\duncan\application\index\controller\Pay.php ]
[ info ] [ LOG ] INIT File

---------------------------------------------------------------
[ 2017-07-18T08:40:17+08:00 ] 127.0.0.1 127.0.0.1 GET /index.php/index/order/confirm.html?id=2&count=1
[ log ] loc.m.com/index.php/index/order/confirm.html?id=2&count=1 [运行时间：0.152304s][吞吐率：6.57req/s] [内存消耗：4,565.63kb] [文件加载：59]
[ info ] [ LANG ] E:\wamp64\www\duncan\thinkphp\lang\zh-cn.php
[ info ] [ ROUTE ] array (
  'type' => 'module',
  'module' => 
  array (
    0 => 'index',
    1 => 'order',
    2 => 'confirm',
  ),
)
[ info ] [ HEADER ] array (
  'host' => 'loc.m.com',
  'connection' => 'keep-alive',
  'upgrade-insecure-requests' => '1',
  'user-agent' => 'Mozilla/5.0 (Windows NT 10.0; Win64; x64) AppleWebKit/537.36 (KHTML, like Gecko) Chrome/59.0.3071.115 Safari/537.36',
  'accept' => 'text/html,application/xhtml+xml,application/xml;q=0.9,image/webp,image/apng,*/*;q=0.8',
  'referer' => 'http://loc.m.com/index.php/index/detail/index.html?id=2',
  'accept-encoding' => 'gzip, deflate',
  'accept-language' => 'zh-CN,zh;q=0.8',
  'cookie' => 'thinkphp_show_page_trace=0|0; thinkphp_show_page_trace=0|0; OUTFOX_SEARCH_USER_ID_NCOO=978554766.5293875; PHPSESSID=338q64fsjd0vsmca8tffen0r42',
)
[ info ] [ PARAM ] array (
  'id' => '2',
  'count' => '1',
)
[ info ] [ DB ] INIT mysql
[ info ] [ SESSION ] INIT array (
  'id' => '',
  'var_session_id' => '',
  'prefix' => 'think',
  'type' => '',
  'auto_start' => true,
)
[ info ] [ RUN ] app\index\controller\Order->confirm[ E:\wamp64\www\duncan\application\index\controller\Order.php ]
[ info ] [ VIEW ] E:\wamp64\www\duncan\public/../application/index\view\order\confirm.html [ array (
  0 => 'citys',
  1 => 'city',
  2 => 'cats',
  3 => 'controler',
  4 => 'user',
  5 => 'title',
  6 => 'controller',
  7 => 'deal',
  8 => 'count',
) ]
[ info ] [ LOG ] INIT File

---------------------------------------------------------------
[ 2017-07-18T14:21:29+08:00 ] 127.0.0.1 127.0.0.1 GET /
[ log ] loc.m.com/ [运行时间：2.594608s][吞吐率：0.39req/s] [内存消耗：4,491.38kb] [文件加载：58]
[ info ] [ LANG ] E:\wamp64\www\duncan\thinkphp\lang\zh-cn.php
[ info ] [ ROUTE ] array (
  'type' => 'module',
  'module' => 
  array (
    0 => '',
    1 => NULL,
    2 => NULL,
  ),
)
[ info ] [ HEADER ] array (
  'host' => 'loc.m.com',
  'connection' => 'keep-alive',
  'upgrade-insecure-requests' => '1',
  'user-agent' => 'Mozilla/5.0 (Windows NT 10.0; Win64; x64) AppleWebKit/537.36 (KHTML, like Gecko) Chrome/59.0.3071.115 Safari/537.36',
  'accept' => 'text/html,application/xhtml+xml,application/xml;q=0.9,image/webp,image/apng,*/*;q=0.8',
  'accept-encoding' => 'gzip, deflate',
  'accept-language' => 'zh-CN,zh;q=0.8',
  'cookie' => 'OUTFOX_SEARCH_USER_ID_NCOO=978554766.5293875',
)
[ info ] [ PARAM ] array (
)
[ info ] [ DB ] INIT mysql
[ info ] [ SESSION ] INIT array (
  'id' => '',
  'var_session_id' => '',
  'prefix' => 'think',
  'type' => '',
  'auto_start' => true,
)
[ info ] [ RUN ] app\index\controller\Index->index[ E:\wamp64\www\duncan\application\index\controller\Index.php ]
[ info ] [ VIEW ] E:\wamp64\www\duncan\public/../application/index\view\index\index.html [ array (
  0 => 'citys',
  1 => 'city',
  2 => 'cats',
  3 => 'controler',
  4 => 'user',
  5 => 'title',
  6 => 'datas',
  7 => 'meishicates',
  8 => 'controller',
) ]
[ info ] [ LOG ] INIT File

---------------------------------------------------------------
[ 2017-07-18T14:21:46+08:00 ] 127.0.0.1 127.0.0.1 GET /index/index/index.html?city=nanjing
[ log ] loc.m.com/index/index/index.html?city=nanjing [运行时间：0.173447s][吞吐率：5.77req/s] [内存消耗：4,522.13kb] [文件加载：58]
[ info ] [ LANG ] E:\wamp64\www\duncan\thinkphp\lang\zh-cn.php
[ info ] [ ROUTE ] array (
  'type' => 'module',
  'module' => 
  array (
    0 => 'index',
    1 => 'index',
    2 => 'index',
  ),
)
[ info ] [ HEADER ] array (
  'host' => 'loc.m.com',
  'connection' => 'keep-alive',
  'upgrade-insecure-requests' => '1',
  'user-agent' => 'Mozilla/5.0 (Windows NT 10.0; Win64; x64) AppleWebKit/537.36 (KHTML, like Gecko) Chrome/59.0.3071.115 Safari/537.36',
  'accept' => 'text/html,application/xhtml+xml,application/xml;q=0.9,image/webp,image/apng,*/*;q=0.8',
  'referer' => 'http://loc.m.com/',
  'accept-encoding' => 'gzip, deflate',
  'accept-language' => 'zh-CN,zh;q=0.8',
  'cookie' => 'OUTFOX_SEARCH_USER_ID_NCOO=978554766.5293875; PHPSESSID=gd6ggqo4iuseg5q2a6etiveli6; thinkphp_show_page_trace=0|0',
)
[ info ] [ PARAM ] array (
  'city' => 'nanjing',
)
[ info ] [ DB ] INIT mysql
[ info ] [ SESSION ] INIT array (
  'id' => '',
  'var_session_id' => '',
  'prefix' => 'think',
  'type' => '',
  'auto_start' => true,
)
[ info ] [ RUN ] app\index\controller\Index->index[ E:\wamp64\www\duncan\application\index\controller\Index.php ]
[ info ] [ VIEW ] E:\wamp64\www\duncan\public/../application/index\view\index\index.html [ array (
  0 => 'citys',
  1 => 'city',
  2 => 'cats',
  3 => 'controler',
  4 => 'user',
  5 => 'title',
  6 => 'datas',
  7 => 'meishicates',
  8 => 'controller',
) ]
[ info ] [ LOG ] INIT File

---------------------------------------------------------------
[ 2017-07-18T14:21:55+08:00 ] 127.0.0.1 127.0.0.1 GET /index/detail/index.html?id=2
[ log ] loc.m.com/index/detail/index.html?id=2 [运行时间：0.462261s][吞吐率：2.16req/s] [内存消耗：4,584.73kb] [文件加载：59]
[ info ] [ LANG ] E:\wamp64\www\duncan\thinkphp\lang\zh-cn.php
[ info ] [ ROUTE ] array (
  'type' => 'module',
  'module' => 
  array (
    0 => 'index',
    1 => 'detail',
    2 => 'index',
  ),
)
[ info ] [ HEADER ] array (
  'host' => 'loc.m.com',
  'connection' => 'keep-alive',
  'upgrade-insecure-requests' => '1',
  'user-agent' => 'Mozilla/5.0 (Windows NT 10.0; Win64; x64) AppleWebKit/537.36 (KHTML, like Gecko) Chrome/59.0.3071.115 Safari/537.36',
  'accept' => 'text/html,application/xhtml+xml,application/xml;q=0.9,image/webp,image/apng,*/*;q=0.8',
  'referer' => 'http://loc.m.com/index/index/index.html?city=nanjing',
  'accept-encoding' => 'gzip, deflate',
  'accept-language' => 'zh-CN,zh;q=0.8',
  'cookie' => 'OUTFOX_SEARCH_USER_ID_NCOO=978554766.5293875; PHPSESSID=gd6ggqo4iuseg5q2a6etiveli6; thinkphp_show_page_trace=0|0',
)
[ info ] [ PARAM ] array (
  'id' => '2',
)
[ info ] [ DB ] INIT mysql
[ info ] [ SESSION ] INIT array (
  'id' => '',
  'var_session_id' => '',
  'prefix' => 'think',
  'type' => '',
  'auto_start' => true,
)
[ info ] [ RUN ] app\index\controller\Detail->index[ E:\wamp64\www\duncan\application\index\controller\Detail.php ]
[ info ] [ VIEW ] E:\wamp64\www\duncan\public/../application/index\view\detail\index.html [ array (
  0 => 'citys',
  1 => 'city',
  2 => 'cats',
  3 => 'controler',
  4 => 'user',
  5 => 'title',
  6 => 'deal',
  7 => 'category',
  8 => 'locations',
  9 => 'overplus',
  10 => 'flag',
  11 => 'mapstr',
) ]
[ info ] [ LOG ] INIT File

---------------------------------------------------------------
[ 2017-07-18T14:21:56+08:00 ] 127.0.0.1 127.0.0.1 GET /index/map/getmapimage.html?data=118.80203760581,32.033748955263
[ log ] loc.m.com/index/map/getmapimage.html?data=118.80203760581,32.033748955263 [运行时间：0.359613s][吞吐率：2.78req/s] [内存消耗：2,682.16kb] [文件加载：46]
[ info ] [ LANG ] E:\wamp64\www\duncan\thinkphp\lang\zh-cn.php
[ info ] [ ROUTE ] array (
  'type' => 'module',
  'module' => 
  array (
    0 => 'index',
    1 => 'map',
    2 => 'getmapimage',
  ),
)
[ info ] [ HEADER ] array (
  'host' => 'loc.m.com',
  'connection' => 'keep-alive',
  'user-agent' => 'Mozilla/5.0 (Windows NT 10.0; Win64; x64) AppleWebKit/537.36 (KHTML, like Gecko) Chrome/59.0.3071.115 Safari/537.36',
  'accept' => 'image/webp,image/apng,image/*,*/*;q=0.8',
  'referer' => 'http://loc.m.com/index/detail/index.html?id=2',
  'accept-encoding' => 'gzip, deflate',
  'accept-language' => 'zh-CN,zh;q=0.8',
  'cookie' => 'OUTFOX_SEARCH_USER_ID_NCOO=978554766.5293875; PHPSESSID=gd6ggqo4iuseg5q2a6etiveli6; thinkphp_show_page_trace=0|0',
)
[ info ] [ PARAM ] array (
  'data' => '118.80203760581,32.033748955263',
)
[ info ] [ RUN ] app\index\controller\Map->getMapImage[ E:\wamp64\www\duncan\application\index\controller\Map.php ]
[ info ] [ LOG ] INIT File

---------------------------------------------------------------
[ 2017-07-18T14:21:58+08:00 ] 127.0.0.1 127.0.0.1 GET /index/order/confirm.html?id=2&count=1
[ log ] loc.m.com/index/order/confirm.html?id=2&count=1 [运行时间：0.269623s][吞吐率：3.71req/s] [内存消耗：4,410.75kb] [文件加载：57]
[ info ] [ LANG ] E:\wamp64\www\duncan\thinkphp\lang\zh-cn.php
[ info ] [ ROUTE ] array (
  'type' => 'module',
  'module' => 
  array (
    0 => 'index',
    1 => 'order',
    2 => 'confirm',
  ),
)
[ info ] [ HEADER ] array (
  'host' => 'loc.m.com',
  'connection' => 'keep-alive',
  'upgrade-insecure-requests' => '1',
  'user-agent' => 'Mozilla/5.0 (Windows NT 10.0; Win64; x64) AppleWebKit/537.36 (KHTML, like Gecko) Chrome/59.0.3071.115 Safari/537.36',
  'accept' => 'text/html,application/xhtml+xml,application/xml;q=0.9,image/webp,image/apng,*/*;q=0.8',
  'referer' => 'http://loc.m.com/index/detail/index.html?id=2',
  'accept-encoding' => 'gzip, deflate',
  'accept-language' => 'zh-CN,zh;q=0.8',
  'cookie' => 'OUTFOX_SEARCH_USER_ID_NCOO=978554766.5293875; PHPSESSID=gd6ggqo4iuseg5q2a6etiveli6; thinkphp_show_page_trace=0|0',
)
[ info ] [ PARAM ] array (
  'id' => '2',
  'count' => '1',
)
[ info ] [ DB ] INIT mysql
[ info ] [ SESSION ] INIT array (
  'id' => '',
  'var_session_id' => '',
  'prefix' => 'think',
  'type' => '',
  'auto_start' => true,
)
[ info ] [ RUN ] app\index\controller\Order->confirm[ E:\wamp64\www\duncan\application\index\controller\Order.php ]
[ info ] [ VIEW ] E:\wamp64\www\duncan\thinkphp\tpl\dispatch_jump.tpl [ array (
  0 => 'citys',
  1 => 'city',
  2 => 'cats',
  3 => 'controler',
  4 => 'user',
  5 => 'title',
  6 => 'code',
  7 => 'msg',
  8 => 'data',
  9 => 'url',
  10 => 'wait',
) ]
[ info ] [ LOG ] INIT File

---------------------------------------------------------------
[ 2017-07-18T14:22:01+08:00 ] 127.0.0.1 127.0.0.1 GET /index/user/login.html
[ log ] loc.m.com/index/user/login.html [运行时间：0.172612s][吞吐率：5.79req/s] [内存消耗：2,805.51kb] [文件加载：47]
[ info ] [ LANG ] E:\wamp64\www\duncan\thinkphp\lang\zh-cn.php
[ info ] [ ROUTE ] array (
  'type' => 'module',
  'module' => 
  array (
    0 => 'index',
    1 => 'user',
    2 => 'login',
  ),
)
[ info ] [ HEADER ] array (
  'host' => 'loc.m.com',
  'connection' => 'keep-alive',
  'upgrade-insecure-requests' => '1',
  'user-agent' => 'Mozilla/5.0 (Windows NT 10.0; Win64; x64) AppleWebKit/537.36 (KHTML, like Gecko) Chrome/59.0.3071.115 Safari/537.36',
  'accept' => 'text/html,application/xhtml+xml,application/xml;q=0.9,image/webp,image/apng,*/*;q=0.8',
  'referer' => 'http://loc.m.com/index/order/confirm.html?id=2&count=1',
  'accept-encoding' => 'gzip, deflate',
  'accept-language' => 'zh-CN,zh;q=0.8',
  'cookie' => 'OUTFOX_SEARCH_USER_ID_NCOO=978554766.5293875; PHPSESSID=gd6ggqo4iuseg5q2a6etiveli6; thinkphp_show_page_trace=0|0',
)
[ info ] [ PARAM ] array (
)
[ info ] [ RUN ] app\index\controller\User->login[ E:\wamp64\www\duncan\application\index\controller\User.php ]
[ info ] [ SESSION ] INIT array (
  'id' => '',
  'var_session_id' => '',
  'prefix' => 'think',
  'type' => '',
  'auto_start' => true,
)
[ info ] [ VIEW ] E:\wamp64\www\duncan\public/../application/index\view\user\login.html [ array (
) ]
[ info ] [ LOG ] INIT File

---------------------------------------------------------------
