[ 2017-07-18T08:27:51+08:00 ] 127.0.0.1 127.0.0.1 GET /index.php/
[ sql ] [ DB ] CONNECT:[ UseTime:0.003621s ] mysql:dbname=o2ot;host=localhost;port=3306;charset=utf8
[ sql ] [ SQL ] SHOW COLUMNS FROM `o2o_city` [ RunTime:0.004675s ]
[ sql ] [ SQL ] SELECT * FROM `o2o_city` WHERE  `status` = 1  AND `parent_id` > 0 ORDER BY `id`  desc [ RunTime:0.001717s ]
[ sql ] [ SQL ] SELECT * FROM `o2o_city` WHERE  `uname` = 'nanchang' LIMIT 1 [ RunTime:0.001240s ]
[ sql ] [ SQL ] SHOW COLUMNS FROM `o2o_category` [ RunTime:0.001975s ]
[ sql ] [ SQL ] SELECT * FROM `o2o_category` WHERE  `parent_id` = 0  AND `status` = 1 ORDER BY `listorder`  desc,`id`  desc LIMIT 5 [ RunTime:0.001350s ]
[ sql ] [ SQL ] SELECT * FROM `o2o_category` WHERE  `parent_id` IN (2,5,1,14)  AND `status` = 1 ORDER BY `listorder`  desc,`id`  desc [ RunTime:0.001281s ]
[ sql ] [ SQL ] SHOW COLUMNS FROM `o2o_deal` [ RunTime:0.002189s ]
[ sql ] [ SQL ] SELECT * FROM `o2o_deal` WHERE  `end_time` > 1500337671  AND `category_id` = 1  AND `city_id` = 5  AND `status` = 1 ORDER BY `listorder`  desc,`id`  desc LIMIT 10 [ RunTime:0.001667s ]
[ sql ] [ SQL ] SELECT * FROM `o2o_category` WHERE  `parent_id` = 1  AND `status` = 1 ORDER BY `listorder`  desc,`id`  desc LIMIT 4 [ RunTime:0.000906s ]

---------------------------------------------------------------
[ 2017-07-18T08:27:56+08:00 ] 127.0.0.1 127.0.0.1 GET /index.php/index/index/index.html?city=nanjing
[ sql ] [ DB ] CONNECT:[ UseTime:0.001906s ] mysql:dbname=o2ot;host=localhost;port=3306;charset=utf8
[ sql ] [ SQL ] SHOW COLUMNS FROM `o2o_city` [ RunTime:0.002165s ]
[ sql ] [ SQL ] SELECT * FROM `o2o_city` WHERE  `status` = 1  AND `parent_id` > 0 ORDER BY `id`  desc [ RunTime:0.001626s ]
[ sql ] [ SQL ] SELECT * FROM `o2o_city` WHERE  `uname` = 'nanjing' LIMIT 1 [ RunTime:0.001182s ]
[ sql ] [ SQL ] SHOW COLUMNS FROM `o2o_category` [ RunTime:0.003203s ]
[ sql ] [ SQL ] SELECT * FROM `o2o_category` WHERE  `parent_id` = 0  AND `status` = 1 ORDER BY `listorder`  desc,`id`  desc LIMIT 5 [ RunTime:0.001215s ]
[ sql ] [ SQL ] SELECT * FROM `o2o_category` WHERE  `parent_id` IN (2,5,1,14)  AND `status` = 1 ORDER BY `listorder`  desc,`id`  desc [ RunTime:0.001184s ]
[ sql ] [ SQL ] SHOW COLUMNS FROM `o2o_deal` [ RunTime:0.002943s ]
[ sql ] [ SQL ] SELECT * FROM `o2o_deal` WHERE  `end_time` > 1500337676  AND `category_id` = 1  AND `city_id` = 15  AND `status` = 1 ORDER BY `listorder`  desc,`id`  desc LIMIT 10 [ RunTime:0.001706s ]
[ sql ] [ SQL ] SELECT * FROM `o2o_category` WHERE  `parent_id` = 1  AND `status` = 1 ORDER BY `listorder`  desc,`id`  desc LIMIT 4 [ RunTime:0.001021s ]

---------------------------------------------------------------
[ 2017-07-18T08:27:59+08:00 ] 127.0.0.1 127.0.0.1 GET /index.php/index/detail/index.html?id=2
[ sql ] [ DB ] CONNECT:[ UseTime:0.001945s ] mysql:dbname=o2ot;host=localhost;port=3306;charset=utf8
[ sql ] [ SQL ] SHOW COLUMNS FROM `o2o_city` [ RunTime:0.002979s ]
[ sql ] [ SQL ] SELECT * FROM `o2o_city` WHERE  `status` = 1  AND `parent_id` > 0 ORDER BY `id`  desc [ RunTime:0.001456s ]
[ sql ] [ SQL ] SELECT * FROM `o2o_city` WHERE  `uname` = 'nanjing' LIMIT 1 [ RunTime:0.001237s ]
[ sql ] [ SQL ] SHOW COLUMNS FROM `o2o_category` [ RunTime:0.001795s ]
[ sql ] [ SQL ] SELECT * FROM `o2o_category` WHERE  `parent_id` = 0  AND `status` = 1 ORDER BY `listorder`  desc,`id`  desc LIMIT 5 [ RunTime:0.000968s ]
[ sql ] [ SQL ] SELECT * FROM `o2o_category` WHERE  `parent_id` IN (2,5,1,14)  AND `status` = 1 ORDER BY `listorder`  desc,`id`  desc [ RunTime:0.001040s ]
[ sql ] [ SQL ] SHOW COLUMNS FROM `o2o_deal` [ RunTime:0.001947s ]
[ sql ] [ SQL ] SELECT * FROM `o2o_deal` WHERE  `id` = 2 LIMIT 1 [ RunTime:0.001047s ]
[ sql ] [ SQL ] SELECT * FROM `o2o_category` WHERE  `id` = 1 LIMIT 1 [ RunTime:0.000907s ]
[ sql ] [ SQL ] SHOW COLUMNS FROM `o2o_bis_location` [ RunTime:0.004707s ]
[ sql ] [ SQL ] SELECT * FROM `o2o_bis_location` WHERE  `id` IN (2)  AND `status` = 1 [ RunTime:0.001216s ]

---------------------------------------------------------------
[ 2017-07-18T08:28:02+08:00 ] 127.0.0.1 127.0.0.1 GET /index.php/index/order/confirm.html?id=2&count=1
[ sql ] [ DB ] CONNECT:[ UseTime:0.005945s ] mysql:dbname=o2ot;host=localhost;port=3306;charset=utf8
[ sql ] [ SQL ] SHOW COLUMNS FROM `o2o_city` [ RunTime:0.003953s ]
[ sql ] [ SQL ] SELECT * FROM `o2o_city` WHERE  `status` = 1  AND `parent_id` > 0 ORDER BY `id`  desc [ RunTime:0.001589s ]
[ sql ] [ SQL ] SELECT * FROM `o2o_city` WHERE  `uname` = 'nanjing' LIMIT 1 [ RunTime:0.000850s ]
[ sql ] [ SQL ] SHOW COLUMNS FROM `o2o_category` [ RunTime:0.003647s ]
[ sql ] [ SQL ] SELECT * FROM `o2o_category` WHERE  `parent_id` = 0  AND `status` = 1 ORDER BY `listorder`  desc,`id`  desc LIMIT 5 [ RunTime:0.001279s ]
[ sql ] [ SQL ] SELECT * FROM `o2o_category` WHERE  `parent_id` IN (2,5,1,14)  AND `status` = 1 ORDER BY `listorder`  desc,`id`  desc [ RunTime:0.001254s ]

---------------------------------------------------------------
[ 2017-07-18T08:28:12+08:00 ] 127.0.0.1 127.0.0.1 POST /index.php/index/user/logincheck.html
[ sql ] [ DB ] CONNECT:[ UseTime:0.002011s ] mysql:dbname=o2ot;host=localhost;port=3306;charset=utf8
[ sql ] [ SQL ] SHOW COLUMNS FROM `o2o_user` [ RunTime:0.003067s ]
[ sql ] [ SQL ] SELECT * FROM `o2o_user` WHERE  `username` = 'duncan' LIMIT 1 [ RunTime:0.001249s ]
[ sql ] [ SQL ] UPDATE `o2o_user`  SET `last_login_time`=1500337692,`update_time`=1500337691  WHERE  `id` = 1 [ RunTime:0.019975s ]

---------------------------------------------------------------
[ 2017-07-18T08:28:15+08:00 ] 127.0.0.1 127.0.0.1 GET /index.php/index/index/index.html
[ sql ] [ DB ] CONNECT:[ UseTime:0.002269s ] mysql:dbname=o2ot;host=localhost;port=3306;charset=utf8
[ sql ] [ SQL ] SHOW COLUMNS FROM `o2o_city` [ RunTime:0.002384s ]
[ sql ] [ SQL ] SELECT * FROM `o2o_city` WHERE  `status` = 1  AND `parent_id` > 0 ORDER BY `id`  desc [ RunTime:0.001247s ]
[ sql ] [ SQL ] SELECT * FROM `o2o_city` WHERE  `uname` = 'nanjing' LIMIT 1 [ RunTime:0.000732s ]
[ sql ] [ SQL ] SHOW COLUMNS FROM `o2o_category` [ RunTime:0.001916s ]
[ sql ] [ SQL ] SELECT * FROM `o2o_category` WHERE  `parent_id` = 0  AND `status` = 1 ORDER BY `listorder`  desc,`id`  desc LIMIT 5 [ RunTime:0.001377s ]
[ sql ] [ SQL ] SELECT * FROM `o2o_category` WHERE  `parent_id` IN (2,5,1,14)  AND `status` = 1 ORDER BY `listorder`  desc,`id`  desc [ RunTime:0.001152s ]
[ sql ] [ SQL ] SHOW COLUMNS FROM `o2o_deal` [ RunTime:0.001853s ]
[ sql ] [ SQL ] SELECT * FROM `o2o_deal` WHERE  `end_time` > 1500337695  AND `category_id` = 1  AND `city_id` = 15  AND `status` = 1 ORDER BY `listorder`  desc,`id`  desc LIMIT 10 [ RunTime:0.001672s ]
[ sql ] [ SQL ] SELECT * FROM `o2o_category` WHERE  `parent_id` = 1  AND `status` = 1 ORDER BY `listorder`  desc,`id`  desc LIMIT 4 [ RunTime:0.000833s ]

---------------------------------------------------------------
[ 2017-07-18T08:28:21+08:00 ] 127.0.0.1 127.0.0.1 GET /index.php/index/detail/index.html?id=2
[ sql ] [ DB ] CONNECT:[ UseTime:0.001800s ] mysql:dbname=o2ot;host=localhost;port=3306;charset=utf8
[ sql ] [ SQL ] SHOW COLUMNS FROM `o2o_city` [ RunTime:0.001922s ]
[ sql ] [ SQL ] SELECT * FROM `o2o_city` WHERE  `status` = 1  AND `parent_id` > 0 ORDER BY `id`  desc [ RunTime:0.005058s ]
[ sql ] [ SQL ] SELECT * FROM `o2o_city` WHERE  `uname` = 'nanjing' LIMIT 1 [ RunTime:0.001475s ]
[ sql ] [ SQL ] SHOW COLUMNS FROM `o2o_category` [ RunTime:0.001632s ]
[ sql ] [ SQL ] SELECT * FROM `o2o_category` WHERE  `parent_id` = 0  AND `status` = 1 ORDER BY `listorder`  desc,`id`  desc LIMIT 5 [ RunTime:0.000962s ]
[ sql ] [ SQL ] SELECT * FROM `o2o_category` WHERE  `parent_id` IN (2,5,1,14)  AND `status` = 1 ORDER BY `listorder`  desc,`id`  desc [ RunTime:0.000879s ]
[ sql ] [ SQL ] SHOW COLUMNS FROM `o2o_deal` [ RunTime:0.002368s ]
[ sql ] [ SQL ] SELECT * FROM `o2o_deal` WHERE  `id` = 2 LIMIT 1 [ RunTime:0.001293s ]
[ sql ] [ SQL ] SELECT * FROM `o2o_category` WHERE  `id` = 1 LIMIT 1 [ RunTime:0.000783s ]
[ sql ] [ SQL ] SHOW COLUMNS FROM `o2o_bis_location` [ RunTime:0.001923s ]
[ sql ] [ SQL ] SELECT * FROM `o2o_bis_location` WHERE  `id` IN (2)  AND `status` = 1 [ RunTime:0.000927s ]

---------------------------------------------------------------
[ 2017-07-18T08:28:23+08:00 ] 127.0.0.1 127.0.0.1 GET /index.php/index/order/confirm.html?id=2&count=1
[ sql ] [ DB ] CONNECT:[ UseTime:0.005884s ] mysql:dbname=o2ot;host=localhost;port=3306;charset=utf8
[ sql ] [ SQL ] SHOW COLUMNS FROM `o2o_city` [ RunTime:0.004624s ]
[ sql ] [ SQL ] SELECT * FROM `o2o_city` WHERE  `status` = 1  AND `parent_id` > 0 ORDER BY `id`  desc [ RunTime:0.001440s ]
[ sql ] [ SQL ] SELECT * FROM `o2o_city` WHERE  `uname` = 'nanjing' LIMIT 1 [ RunTime:0.000747s ]
[ sql ] [ SQL ] SHOW COLUMNS FROM `o2o_category` [ RunTime:0.001846s ]
[ sql ] [ SQL ] SELECT * FROM `o2o_category` WHERE  `parent_id` = 0  AND `status` = 1 ORDER BY `listorder`  desc,`id`  desc LIMIT 5 [ RunTime:0.001312s ]
[ sql ] [ SQL ] SELECT * FROM `o2o_category` WHERE  `parent_id` IN (2,5,1,14)  AND `status` = 1 ORDER BY `listorder`  desc,`id`  desc [ RunTime:0.001291s ]
[ sql ] [ SQL ] SHOW COLUMNS FROM `o2o_deal` [ RunTime:0.001917s ]
[ sql ] [ SQL ] SELECT * FROM `o2o_deal` WHERE  `id` = 2 LIMIT 1 [ RunTime:0.001828s ]

---------------------------------------------------------------
[ 2017-07-18T08:28:27+08:00 ] 127.0.0.1 127.0.0.1 GET /index.php/index/order/index.html?id=2&deal_count=4&deal_price=40
[ sql ] [ DB ] CONNECT:[ UseTime:0.001719s ] mysql:dbname=o2ot;host=localhost;port=3306;charset=utf8
[ sql ] [ SQL ] SHOW COLUMNS FROM `o2o_city` [ RunTime:0.002662s ]
[ sql ] [ SQL ] SELECT * FROM `o2o_city` WHERE  `status` = 1  AND `parent_id` > 0 ORDER BY `id`  desc [ RunTime:0.001785s ]
[ sql ] [ SQL ] SELECT * FROM `o2o_city` WHERE  `uname` = 'nanjing' LIMIT 1 [ RunTime:0.000778s ]
[ sql ] [ SQL ] SHOW COLUMNS FROM `o2o_category` [ RunTime:0.001494s ]
[ sql ] [ SQL ] SELECT * FROM `o2o_category` WHERE  `parent_id` = 0  AND `status` = 1 ORDER BY `listorder`  desc,`id`  desc LIMIT 5 [ RunTime:0.000929s ]
[ sql ] [ SQL ] SELECT * FROM `o2o_category` WHERE  `parent_id` IN (2,5,1,14)  AND `status` = 1 ORDER BY `listorder`  desc,`id`  desc [ RunTime:0.001089s ]
[ sql ] [ SQL ] SHOW COLUMNS FROM `o2o_deal` [ RunTime:0.002072s ]
[ sql ] [ SQL ] SELECT * FROM `o2o_deal` WHERE  `id` = 2 LIMIT 1 [ RunTime:0.001562s ]
[ sql ] [ SQL ] SHOW COLUMNS FROM `o2o_order` [ RunTime:0.005948s ]
[ sql ] [ SQL ] INSERT INTO `o2o_order` (`out_trade_no` , `user_id` , `username` , `referer` , `create_time` , `deal_count` , `total_price` , `status`) VALUES ('150033770725689302' , 1 , 'duncan' , 'http://loc.m.com/index.php/index/order/confirm.html?id=2&count=1' , 1500337707 , 4 , 40 , 1) [ RunTime:0.048252s ]

---------------------------------------------------------------
[ 2017-07-18T08:32:04+08:00 ] 127.0.0.1 127.0.0.1 GET /index.php/index/order/index.html?id=2&deal_count=4&deal_price=40
[ sql ] [ DB ] CONNECT:[ UseTime:0.001967s ] mysql:dbname=o2ot;host=localhost;port=3306;charset=utf8
[ sql ] [ SQL ] SHOW COLUMNS FROM `o2o_city` [ RunTime:0.001901s ]
[ sql ] [ SQL ] SELECT * FROM `o2o_city` WHERE  `status` = 1  AND `parent_id` > 0 ORDER BY `id`  desc [ RunTime:0.000963s ]
[ sql ] [ SQL ] SELECT * FROM `o2o_city` WHERE  `uname` = 'nanjing' LIMIT 1 [ RunTime:0.000819s ]
[ sql ] [ SQL ] SHOW COLUMNS FROM `o2o_category` [ RunTime:0.002492s ]
[ sql ] [ SQL ] SELECT * FROM `o2o_category` WHERE  `parent_id` = 0  AND `status` = 1 ORDER BY `listorder`  desc,`id`  desc LIMIT 5 [ RunTime:0.001210s ]
[ sql ] [ SQL ] SELECT * FROM `o2o_category` WHERE  `parent_id` IN (2,5,1,14)  AND `status` = 1 ORDER BY `listorder`  desc,`id`  desc [ RunTime:0.001351s ]
[ sql ] [ SQL ] SHOW COLUMNS FROM `o2o_deal` [ RunTime:0.002354s ]
[ sql ] [ SQL ] SELECT * FROM `o2o_deal` WHERE  `id` = 2 LIMIT 1 [ RunTime:0.001387s ]
[ sql ] [ SQL ] SHOW COLUMNS FROM `o2o_order` [ RunTime:0.005241s ]
[ sql ] [ SQL ] INSERT INTO `o2o_order` (`out_trade_no` , `user_id` , `username` , `referer` , `create_time` , `deal_count` , `total_price` , `status`) VALUES ('150033792447178722' , 1 , 'duncan' , 'http://loc.m.com/index.php/index/order/confirm.html?id=2&count=1' , 1500337924 , 4 , 40 , 1) [ RunTime:0.047445s ]

---------------------------------------------------------------
[ 2017-07-18T08:32:07+08:00 ] 127.0.0.1 127.0.0.1 GET /index.php/index/order/confirm.html?id=2&count=1
[ sql ] [ DB ] CONNECT:[ UseTime:0.001814s ] mysql:dbname=o2ot;host=localhost;port=3306;charset=utf8
[ sql ] [ SQL ] SHOW COLUMNS FROM `o2o_city` [ RunTime:0.002232s ]
[ sql ] [ SQL ] SELECT * FROM `o2o_city` WHERE  `status` = 1  AND `parent_id` > 0 ORDER BY `id`  desc [ RunTime:0.002376s ]
[ sql ] [ SQL ] SELECT * FROM `o2o_city` WHERE  `uname` = 'nanjing' LIMIT 1 [ RunTime:0.001712s ]
[ sql ] [ SQL ] SHOW COLUMNS FROM `o2o_category` [ RunTime:0.001575s ]
[ sql ] [ SQL ] SELECT * FROM `o2o_category` WHERE  `parent_id` = 0  AND `status` = 1 ORDER BY `listorder`  desc,`id`  desc LIMIT 5 [ RunTime:0.000893s ]
[ sql ] [ SQL ] SELECT * FROM `o2o_category` WHERE  `parent_id` IN (2,5,1,14)  AND `status` = 1 ORDER BY `listorder`  desc,`id`  desc [ RunTime:0.000883s ]
[ sql ] [ SQL ] SHOW COLUMNS FROM `o2o_deal` [ RunTime:0.002201s ]
[ sql ] [ SQL ] SELECT * FROM `o2o_deal` WHERE  `id` = 2 LIMIT 1 [ RunTime:0.001045s ]

---------------------------------------------------------------
[ 2017-07-18T08:32:13+08:00 ] 127.0.0.1 127.0.0.1 GET /index.php/index/order/index.html?id=2&deal_count=5&deal_price=50
[ sql ] [ DB ] CONNECT:[ UseTime:0.001805s ] mysql:dbname=o2ot;host=localhost;port=3306;charset=utf8
[ sql ] [ SQL ] SHOW COLUMNS FROM `o2o_city` [ RunTime:0.001984s ]
[ sql ] [ SQL ] SELECT * FROM `o2o_city` WHERE  `status` = 1  AND `parent_id` > 0 ORDER BY `id`  desc [ RunTime:0.000957s ]
[ sql ] [ SQL ] SELECT * FROM `o2o_city` WHERE  `uname` = 'nanjing' LIMIT 1 [ RunTime:0.000741s ]
[ sql ] [ SQL ] SHOW COLUMNS FROM `o2o_category` [ RunTime:0.001565s ]
[ sql ] [ SQL ] SELECT * FROM `o2o_category` WHERE  `parent_id` = 0  AND `status` = 1 ORDER BY `listorder`  desc,`id`  desc LIMIT 5 [ RunTime:0.001951s ]
[ sql ] [ SQL ] SELECT * FROM `o2o_category` WHERE  `parent_id` IN (2,5,1,14)  AND `status` = 1 ORDER BY `listorder`  desc,`id`  desc [ RunTime:0.001040s ]
[ sql ] [ SQL ] SHOW COLUMNS FROM `o2o_deal` [ RunTime:0.001741s ]
[ sql ] [ SQL ] SELECT * FROM `o2o_deal` WHERE  `id` = 2 LIMIT 1 [ RunTime:0.001247s ]
[ sql ] [ SQL ] SHOW COLUMNS FROM `o2o_order` [ RunTime:0.001802s ]
[ sql ] [ SQL ] INSERT INTO `o2o_order` (`out_trade_no` , `user_id` , `username` , `referer` , `create_time` , `deal_count` , `total_price` , `status`) VALUES ('150033793313558392' , 1 , 'duncan' , 'http://loc.m.com/index.php/index/order/confirm.html?id=2&count=1' , 1500337933 , 5 , 50 , 1) [ RunTime:0.054472s ]

---------------------------------------------------------------
[ 2017-07-18T08:32:16+08:00 ] 127.0.0.1 127.0.0.1 GET /index.php/index/order/confirm.html?id=2&count=1
[ sql ] [ DB ] CONNECT:[ UseTime:0.001881s ] mysql:dbname=o2ot;host=localhost;port=3306;charset=utf8
[ sql ] [ SQL ] SHOW COLUMNS FROM `o2o_city` [ RunTime:0.001936s ]
[ sql ] [ SQL ] SELECT * FROM `o2o_city` WHERE  `status` = 1  AND `parent_id` > 0 ORDER BY `id`  desc [ RunTime:0.001110s ]
[ sql ] [ SQL ] SELECT * FROM `o2o_city` WHERE  `uname` = 'nanjing' LIMIT 1 [ RunTime:0.000960s ]
[ sql ] [ SQL ] SHOW COLUMNS FROM `o2o_category` [ RunTime:0.002041s ]
[ sql ] [ SQL ] SELECT * FROM `o2o_category` WHERE  `parent_id` = 0  AND `status` = 1 ORDER BY `listorder`  desc,`id`  desc LIMIT 5 [ RunTime:0.000919s ]
[ sql ] [ SQL ] SELECT * FROM `o2o_category` WHERE  `parent_id` IN (2,5,1,14)  AND `status` = 1 ORDER BY `listorder`  desc,`id`  desc [ RunTime:0.001845s ]
[ sql ] [ SQL ] SHOW COLUMNS FROM `o2o_deal` [ RunTime:0.001772s ]
[ sql ] [ SQL ] SELECT * FROM `o2o_deal` WHERE  `id` = 2 LIMIT 1 [ RunTime:0.000949s ]

---------------------------------------------------------------
[ 2017-07-18T08:34:02+08:00 ] 127.0.0.1 127.0.0.1 GET /index.php/index/order/confirm.html?id=2&count=1
[ sql ] [ DB ] CONNECT:[ UseTime:0.001865s ] mysql:dbname=o2ot;host=localhost;port=3306;charset=utf8
[ sql ] [ SQL ] SHOW COLUMNS FROM `o2o_city` [ RunTime:0.002409s ]
[ sql ] [ SQL ] SELECT * FROM `o2o_city` WHERE  `status` = 1  AND `parent_id` > 0 ORDER BY `id`  desc [ RunTime:0.001265s ]
[ sql ] [ SQL ] SELECT * FROM `o2o_city` WHERE  `uname` = 'nanjing' LIMIT 1 [ RunTime:0.000821s ]
[ sql ] [ SQL ] SHOW COLUMNS FROM `o2o_category` [ RunTime:0.001428s ]
[ sql ] [ SQL ] SELECT * FROM `o2o_category` WHERE  `parent_id` = 0  AND `status` = 1 ORDER BY `listorder`  desc,`id`  desc LIMIT 5 [ RunTime:0.000835s ]
[ sql ] [ SQL ] SELECT * FROM `o2o_category` WHERE  `parent_id` IN (2,5,1,14)  AND `status` = 1 ORDER BY `listorder`  desc,`id`  desc [ RunTime:0.003393s ]
[ sql ] [ SQL ] SHOW COLUMNS FROM `o2o_deal` [ RunTime:0.001717s ]
[ sql ] [ SQL ] SELECT * FROM `o2o_deal` WHERE  `id` = 2 LIMIT 1 [ RunTime:0.002508s ]

---------------------------------------------------------------
[ 2017-07-18T08:34:05+08:00 ] 127.0.0.1 127.0.0.1 GET /index.php/index/order/index.html?id=2&deal_count=6&deal_price=60
[ sql ] [ DB ] CONNECT:[ UseTime:0.001814s ] mysql:dbname=o2ot;host=localhost;port=3306;charset=utf8
[ sql ] [ SQL ] SHOW COLUMNS FROM `o2o_city` [ RunTime:0.001901s ]
[ sql ] [ SQL ] SELECT * FROM `o2o_city` WHERE  `status` = 1  AND `parent_id` > 0 ORDER BY `id`  desc [ RunTime:0.001167s ]
[ sql ] [ SQL ] SELECT * FROM `o2o_city` WHERE  `uname` = 'nanjing' LIMIT 1 [ RunTime:0.001248s ]
[ sql ] [ SQL ] SHOW COLUMNS FROM `o2o_category` [ RunTime:0.001442s ]
[ sql ] [ SQL ] SELECT * FROM `o2o_category` WHERE  `parent_id` = 0  AND `status` = 1 ORDER BY `listorder`  desc,`id`  desc LIMIT 5 [ RunTime:0.000951s ]
[ sql ] [ SQL ] SELECT * FROM `o2o_category` WHERE  `parent_id` IN (2,5,1,14)  AND `status` = 1 ORDER BY `listorder`  desc,`id`  desc [ RunTime:0.001237s ]
[ sql ] [ SQL ] SHOW COLUMNS FROM `o2o_deal` [ RunTime:0.002269s ]
[ sql ] [ SQL ] SELECT * FROM `o2o_deal` WHERE  `id` = 2 LIMIT 1 [ RunTime:0.001244s ]
[ sql ] [ SQL ] SHOW COLUMNS FROM `o2o_order` [ RunTime:0.003104s ]
[ sql ] [ SQL ] INSERT INTO `o2o_order` (`out_trade_no` , `user_id` , `username` , `referer` , `create_time` , `deal_count` , `total_price` , `status`) VALUES ('150033804561860668' , 1 , 'duncan' , 'http://loc.m.com/index.php/index/order/confirm.html?id=2&count=1' , 1500338045 , 6 , 60 , 1) [ RunTime:0.054165s ]

---------------------------------------------------------------
[ 2017-07-18T08:34:08+08:00 ] 127.0.0.1 127.0.0.1 GET /index.php/index/order/confirm.html?id=2&count=1
[ sql ] [ DB ] CONNECT:[ UseTime:0.001929s ] mysql:dbname=o2ot;host=localhost;port=3306;charset=utf8
[ sql ] [ SQL ] SHOW COLUMNS FROM `o2o_city` [ RunTime:0.002289s ]
[ sql ] [ SQL ] SELECT * FROM `o2o_city` WHERE  `status` = 1  AND `parent_id` > 0 ORDER BY `id`  desc [ RunTime:0.001035s ]
[ sql ] [ SQL ] SELECT * FROM `o2o_city` WHERE  `uname` = 'nanjing' LIMIT 1 [ RunTime:0.000881s ]
[ sql ] [ SQL ] SHOW COLUMNS FROM `o2o_category` [ RunTime:0.001748s ]
[ sql ] [ SQL ] SELECT * FROM `o2o_category` WHERE  `parent_id` = 0  AND `status` = 1 ORDER BY `listorder`  desc,`id`  desc LIMIT 5 [ RunTime:0.001041s ]
[ sql ] [ SQL ] SELECT * FROM `o2o_category` WHERE  `parent_id` IN (2,5,1,14)  AND `status` = 1 ORDER BY `listorder`  desc,`id`  desc [ RunTime:0.001116s ]
[ sql ] [ SQL ] SHOW COLUMNS FROM `o2o_deal` [ RunTime:0.002039s ]
[ sql ] [ SQL ] SELECT * FROM `o2o_deal` WHERE  `id` = 2 LIMIT 1 [ RunTime:0.001082s ]

---------------------------------------------------------------
[ 2017-07-18T08:34:34+08:00 ] 127.0.0.1 127.0.0.1 GET /index.php/index/order/confirm.html?id=2&count=1
[ sql ] [ DB ] CONNECT:[ UseTime:0.001770s ] mysql:dbname=o2ot;host=localhost;port=3306;charset=utf8
[ sql ] [ SQL ] SHOW COLUMNS FROM `o2o_city` [ RunTime:0.001775s ]
[ sql ] [ SQL ] SELECT * FROM `o2o_city` WHERE  `status` = 1  AND `parent_id` > 0 ORDER BY `id`  desc [ RunTime:0.001180s ]
[ sql ] [ SQL ] SELECT * FROM `o2o_city` WHERE  `uname` = 'nanjing' LIMIT 1 [ RunTime:0.000778s ]
[ sql ] [ SQL ] SHOW COLUMNS FROM `o2o_category` [ RunTime:0.001834s ]
[ sql ] [ SQL ] SELECT * FROM `o2o_category` WHERE  `parent_id` = 0  AND `status` = 1 ORDER BY `listorder`  desc,`id`  desc LIMIT 5 [ RunTime:0.001185s ]
[ sql ] [ SQL ] SELECT * FROM `o2o_category` WHERE  `parent_id` IN (2,5,1,14)  AND `status` = 1 ORDER BY `listorder`  desc,`id`  desc [ RunTime:0.000907s ]
[ sql ] [ SQL ] SHOW COLUMNS FROM `o2o_deal` [ RunTime:0.001733s ]
[ sql ] [ SQL ] SELECT * FROM `o2o_deal` WHERE  `id` = 2 LIMIT 1 [ RunTime:0.001652s ]

---------------------------------------------------------------
[ 2017-07-18T08:34:35+08:00 ] 127.0.0.1 127.0.0.1 GET /index.php/index/order/index.html?id=2&deal_count=1&deal_price=10
[ sql ] [ DB ] CONNECT:[ UseTime:0.003130s ] mysql:dbname=o2ot;host=localhost;port=3306;charset=utf8
[ sql ] [ SQL ] SHOW COLUMNS FROM `o2o_city` [ RunTime:0.002095s ]
[ sql ] [ SQL ] SELECT * FROM `o2o_city` WHERE  `status` = 1  AND `parent_id` > 0 ORDER BY `id`  desc [ RunTime:0.000868s ]
[ sql ] [ SQL ] SELECT * FROM `o2o_city` WHERE  `uname` = 'nanjing' LIMIT 1 [ RunTime:0.001558s ]
[ sql ] [ SQL ] SHOW COLUMNS FROM `o2o_category` [ RunTime:0.001588s ]
[ sql ] [ SQL ] SELECT * FROM `o2o_category` WHERE  `parent_id` = 0  AND `status` = 1 ORDER BY `listorder`  desc,`id`  desc LIMIT 5 [ RunTime:0.000859s ]
[ sql ] [ SQL ] SELECT * FROM `o2o_category` WHERE  `parent_id` IN (2,5,1,14)  AND `status` = 1 ORDER BY `listorder`  desc,`id`  desc [ RunTime:0.000872s ]
[ sql ] [ SQL ] SHOW COLUMNS FROM `o2o_deal` [ RunTime:0.001676s ]
[ sql ] [ SQL ] SELECT * FROM `o2o_deal` WHERE  `id` = 2 LIMIT 1 [ RunTime:0.000907s ]
[ sql ] [ SQL ] SHOW COLUMNS FROM `o2o_order` [ RunTime:0.001552s ]
[ sql ] [ SQL ] INSERT INTO `o2o_order` (`out_trade_no` , `user_id` , `username` , `referer` , `create_time` , `deal_count` , `total_price` , `status`) VALUES ('150033807584227254' , 1 , 'duncan' , 'http://loc.m.com/index.php/index/order/confirm.html?id=2&count=1' , 1500338075 , 1 , 10 , 1) [ RunTime:0.080215s ]

---------------------------------------------------------------
[ 2017-07-18T08:34:39+08:00 ] 127.0.0.1 127.0.0.1 GET /index.php/index/order/confirm.html?id=2&count=1
[ sql ] [ DB ] CONNECT:[ UseTime:0.002320s ] mysql:dbname=o2ot;host=localhost;port=3306;charset=utf8
[ sql ] [ SQL ] SHOW COLUMNS FROM `o2o_city` [ RunTime:0.002190s ]
[ sql ] [ SQL ] SELECT * FROM `o2o_city` WHERE  `status` = 1  AND `parent_id` > 0 ORDER BY `id`  desc [ RunTime:0.001005s ]
[ sql ] [ SQL ] SELECT * FROM `o2o_city` WHERE  `uname` = 'nanjing' LIMIT 1 [ RunTime:0.000744s ]
[ sql ] [ SQL ] SHOW COLUMNS FROM `o2o_category` [ RunTime:0.001425s ]
[ sql ] [ SQL ] SELECT * FROM `o2o_category` WHERE  `parent_id` = 0  AND `status` = 1 ORDER BY `listorder`  desc,`id`  desc LIMIT 5 [ RunTime:0.000831s ]
[ sql ] [ SQL ] SELECT * FROM `o2o_category` WHERE  `parent_id` IN (2,5,1,14)  AND `status` = 1 ORDER BY `listorder`  desc,`id`  desc [ RunTime:0.001314s ]
[ sql ] [ SQL ] SHOW COLUMNS FROM `o2o_deal` [ RunTime:0.002430s ]
[ sql ] [ SQL ] SELECT * FROM `o2o_deal` WHERE  `id` = 2 LIMIT 1 [ RunTime:0.001484s ]

---------------------------------------------------------------
[ 2017-07-18T08:35:22+08:00 ] 127.0.0.1 127.0.0.1 GET /index.php/index/order/confirm.html?id=2&count=1
[ sql ] [ DB ] CONNECT:[ UseTime:0.001744s ] mysql:dbname=o2ot;host=localhost;port=3306;charset=utf8
[ sql ] [ SQL ] SHOW COLUMNS FROM `o2o_city` [ RunTime:0.001777s ]
[ sql ] [ SQL ] SELECT * FROM `o2o_city` WHERE  `status` = 1  AND `parent_id` > 0 ORDER BY `id`  desc [ RunTime:0.000863s ]
[ sql ] [ SQL ] SELECT * FROM `o2o_city` WHERE  `uname` = 'nanjing' LIMIT 1 [ RunTime:0.001259s ]
[ sql ] [ SQL ] SHOW COLUMNS FROM `o2o_category` [ RunTime:0.002626s ]
[ sql ] [ SQL ] SELECT * FROM `o2o_category` WHERE  `parent_id` = 0  AND `status` = 1 ORDER BY `listorder`  desc,`id`  desc LIMIT 5 [ RunTime:0.000933s ]
[ sql ] [ SQL ] SELECT * FROM `o2o_category` WHERE  `parent_id` IN (2,5,1,14)  AND `status` = 1 ORDER BY `listorder`  desc,`id`  desc [ RunTime:0.000960s ]
[ sql ] [ SQL ] SHOW COLUMNS FROM `o2o_deal` [ RunTime:0.001764s ]
[ sql ] [ SQL ] SELECT * FROM `o2o_deal` WHERE  `id` = 2 LIMIT 1 [ RunTime:0.000995s ]

---------------------------------------------------------------
[ 2017-07-18T08:35:24+08:00 ] 127.0.0.1 127.0.0.1 GET /index.php/index/order/index.html?id=2&deal_count=1&deal_price=10
[ sql ] [ DB ] CONNECT:[ UseTime:0.002533s ] mysql:dbname=o2ot;host=localhost;port=3306;charset=utf8
[ sql ] [ SQL ] SHOW COLUMNS FROM `o2o_city` [ RunTime:0.002230s ]
[ sql ] [ SQL ] SELECT * FROM `o2o_city` WHERE  `status` = 1  AND `parent_id` > 0 ORDER BY `id`  desc [ RunTime:0.001084s ]
[ sql ] [ SQL ] SELECT * FROM `o2o_city` WHERE  `uname` = 'nanjing' LIMIT 1 [ RunTime:0.000791s ]
[ sql ] [ SQL ] SHOW COLUMNS FROM `o2o_category` [ RunTime:0.001781s ]
[ sql ] [ SQL ] SELECT * FROM `o2o_category` WHERE  `parent_id` = 0  AND `status` = 1 ORDER BY `listorder`  desc,`id`  desc LIMIT 5 [ RunTime:0.000980s ]
[ sql ] [ SQL ] SELECT * FROM `o2o_category` WHERE  `parent_id` IN (2,5,1,14)  AND `status` = 1 ORDER BY `listorder`  desc,`id`  desc [ RunTime:0.001829s ]
[ sql ] [ SQL ] SHOW COLUMNS FROM `o2o_deal` [ RunTime:0.002429s ]
[ sql ] [ SQL ] SELECT * FROM `o2o_deal` WHERE  `id` = 2 LIMIT 1 [ RunTime:0.001098s ]
[ sql ] [ SQL ] SHOW COLUMNS FROM `o2o_order` [ RunTime:0.001558s ]
[ sql ] [ SQL ] INSERT INTO `o2o_order` (`out_trade_no` , `user_id` , `username` , `referer` , `create_time` , `deal_count` , `total_price` , `status`) VALUES ('15003381241975703' , 1 , 'duncan' , 'http://loc.m.com/index.php/index/order/confirm.html?id=2&count=1' , 1500338124 , 1 , 10 , 1) [ RunTime:0.095577s ]

---------------------------------------------------------------
[ 2017-07-18T08:35:27+08:00 ] 127.0.0.1 127.0.0.1 GET /index.php/index/order/confirm.html?id=2&count=1
[ sql ] [ DB ] CONNECT:[ UseTime:0.002492s ] mysql:dbname=o2ot;host=localhost;port=3306;charset=utf8
[ sql ] [ SQL ] SHOW COLUMNS FROM `o2o_city` [ RunTime:0.002021s ]
[ sql ] [ SQL ] SELECT * FROM `o2o_city` WHERE  `status` = 1  AND `parent_id` > 0 ORDER BY `id`  desc [ RunTime:0.001068s ]
[ sql ] [ SQL ] SELECT * FROM `o2o_city` WHERE  `uname` = 'nanjing' LIMIT 1 [ RunTime:0.000799s ]
[ sql ] [ SQL ] SHOW COLUMNS FROM `o2o_category` [ RunTime:0.001502s ]
[ sql ] [ SQL ] SELECT * FROM `o2o_category` WHERE  `parent_id` = 0  AND `status` = 1 ORDER BY `listorder`  desc,`id`  desc LIMIT 5 [ RunTime:0.000905s ]
[ sql ] [ SQL ] SELECT * FROM `o2o_category` WHERE  `parent_id` IN (2,5,1,14)  AND `status` = 1 ORDER BY `listorder`  desc,`id`  desc [ RunTime:0.001967s ]
[ sql ] [ SQL ] SHOW COLUMNS FROM `o2o_deal` [ RunTime:0.001848s ]
[ sql ] [ SQL ] SELECT * FROM `o2o_deal` WHERE  `id` = 2 LIMIT 1 [ RunTime:0.001090s ]

---------------------------------------------------------------
[ 2017-07-18T08:35:50+08:00 ] 127.0.0.1 127.0.0.1 GET /index.php/index/order/index.html?id=2&deal_count=1&deal_price=10
[ sql ] [ DB ] CONNECT:[ UseTime:0.002032s ] mysql:dbname=o2ot;host=localhost;port=3306;charset=utf8
[ sql ] [ SQL ] SHOW COLUMNS FROM `o2o_city` [ RunTime:0.001907s ]
[ sql ] [ SQL ] SELECT * FROM `o2o_city` WHERE  `status` = 1  AND `parent_id` > 0 ORDER BY `id`  desc [ RunTime:0.000905s ]
[ sql ] [ SQL ] SELECT * FROM `o2o_city` WHERE  `uname` = 'nanjing' LIMIT 1 [ RunTime:0.000777s ]
[ sql ] [ SQL ] SHOW COLUMNS FROM `o2o_category` [ RunTime:0.001873s ]
[ sql ] [ SQL ] SELECT * FROM `o2o_category` WHERE  `parent_id` = 0  AND `status` = 1 ORDER BY `listorder`  desc,`id`  desc LIMIT 5 [ RunTime:0.001020s ]
[ sql ] [ SQL ] SELECT * FROM `o2o_category` WHERE  `parent_id` IN (2,5,1,14)  AND `status` = 1 ORDER BY `listorder`  desc,`id`  desc [ RunTime:0.000974s ]
[ sql ] [ SQL ] SHOW COLUMNS FROM `o2o_deal` [ RunTime:0.001808s ]
[ sql ] [ SQL ] SELECT * FROM `o2o_deal` WHERE  `id` = 2 LIMIT 1 [ RunTime:0.001153s ]
[ sql ] [ SQL ] SHOW COLUMNS FROM `o2o_order` [ RunTime:0.002246s ]
[ sql ] [ SQL ] INSERT INTO `o2o_order` (`out_trade_no` , `user_id` , `username` , `referer` , `create_time` , `deal_count` , `total_price` , `status`) VALUES ('150033815014547801' , 1 , 'duncan' , 'http://loc.m.com/index.php/index/order/confirm.html?id=2&count=1' , 1500338150 , 1 , 10 , 1) [ RunTime:0.047084s ]

---------------------------------------------------------------
[ 2017-07-18T08:38:48+08:00 ] 127.0.0.1 127.0.0.1 GET /index.php/index/order/index.html?id=2&deal_count=1&deal_price=10
[ sql ] [ DB ] CONNECT:[ UseTime:0.001984s ] mysql:dbname=o2ot;host=localhost;port=3306;charset=utf8
[ sql ] [ SQL ] SHOW COLUMNS FROM `o2o_city` [ RunTime:0.002473s ]
[ sql ] [ SQL ] SELECT * FROM `o2o_city` WHERE  `status` = 1  AND `parent_id` > 0 ORDER BY `id`  desc [ RunTime:0.001677s ]
[ sql ] [ SQL ] SELECT * FROM `o2o_city` WHERE  `uname` = 'nanjing' LIMIT 1 [ RunTime:0.002103s ]
[ sql ] [ SQL ] SHOW COLUMNS FROM `o2o_category` [ RunTime:0.001631s ]
[ sql ] [ SQL ] SELECT * FROM `o2o_category` WHERE  `parent_id` = 0  AND `status` = 1 ORDER BY `listorder`  desc,`id`  desc LIMIT 5 [ RunTime:0.000982s ]
[ sql ] [ SQL ] SELECT * FROM `o2o_category` WHERE  `parent_id` IN (2,5,1,14)  AND `status` = 1 ORDER BY `listorder`  desc,`id`  desc [ RunTime:0.001162s ]
[ sql ] [ SQL ] SHOW COLUMNS FROM `o2o_deal` [ RunTime:0.002237s ]
[ sql ] [ SQL ] SELECT * FROM `o2o_deal` WHERE  `id` = 2 LIMIT 1 [ RunTime:0.001000s ]
[ sql ] [ SQL ] SHOW COLUMNS FROM `o2o_order` [ RunTime:0.001916s ]
[ sql ] [ SQL ] INSERT INTO `o2o_order` (`out_trade_no` , `user_id` , `username` , `referer` , `create_time` , `deal_count` , `total_price` , `status`) VALUES ('150033832834498769' , 1 , 'duncan' , 'http://loc.m.com/index.php/index/order/confirm.html?id=2&count=1' , 1500338328 , 1 , 10 , 1) [ RunTime:0.078341s ]

---------------------------------------------------------------
[ 2017-07-18T08:39:45+08:00 ] 127.0.0.1 127.0.0.1 GET /index.php/index/order/index.html?id=2&deal_count=1&deal_price=10
[ sql ] [ DB ] CONNECT:[ UseTime:0.001896s ] mysql:dbname=o2ot;host=localhost;port=3306;charset=utf8
[ sql ] [ SQL ] SHOW COLUMNS FROM `o2o_city` [ RunTime:0.003944s ]
[ sql ] [ SQL ] SELECT * FROM `o2o_city` WHERE  `status` = 1  AND `parent_id` > 0 ORDER BY `id`  desc [ RunTime:0.001671s ]
[ sql ] [ SQL ] SELECT * FROM `o2o_city` WHERE  `uname` = 'nanjing' LIMIT 1 [ RunTime:0.000742s ]
[ sql ] [ SQL ] SHOW COLUMNS FROM `o2o_category` [ RunTime:0.001585s ]
[ sql ] [ SQL ] SELECT * FROM `o2o_category` WHERE  `parent_id` = 0  AND `status` = 1 ORDER BY `listorder`  desc,`id`  desc LIMIT 5 [ RunTime:0.000855s ]
[ sql ] [ SQL ] SELECT * FROM `o2o_category` WHERE  `parent_id` IN (2,5,1,14)  AND `status` = 1 ORDER BY `listorder`  desc,`id`  desc [ RunTime:0.002902s ]
[ sql ] [ SQL ] SHOW COLUMNS FROM `o2o_deal` [ RunTime:0.001851s ]
[ sql ] [ SQL ] SELECT * FROM `o2o_deal` WHERE  `id` = 2 LIMIT 1 [ RunTime:0.000925s ]
[ sql ] [ SQL ] SHOW COLUMNS FROM `o2o_order` [ RunTime:0.001911s ]
[ sql ] [ SQL ] INSERT INTO `o2o_order` (`out_trade_no` , `user_id` , `username` , `referer` , `create_time` , `deal_count` , `total_price` , `status`) VALUES ('150033838519389785' , 1 , 'duncan' , 'http://loc.m.com/index.php/index/order/confirm.html?id=2&count=1' , 1500338385 , 1 , 10 , 1) [ RunTime:0.070398s ]

---------------------------------------------------------------
[ 2017-07-18T08:40:11+08:00 ] 127.0.0.1 127.0.0.1 GET /index.php/index/order/index.html?id=2&deal_count=1&deal_price=10
[ sql ] [ DB ] CONNECT:[ UseTime:0.002296s ] mysql:dbname=o2ot;host=localhost;port=3306;charset=utf8
[ sql ] [ SQL ] SHOW COLUMNS FROM `o2o_city` [ RunTime:0.002272s ]
[ sql ] [ SQL ] SELECT * FROM `o2o_city` WHERE  `status` = 1  AND `parent_id` > 0 ORDER BY `id`  desc [ RunTime:0.001047s ]
[ sql ] [ SQL ] SELECT * FROM `o2o_city` WHERE  `uname` = 'nanjing' LIMIT 1 [ RunTime:0.000834s ]
[ sql ] [ SQL ] SHOW COLUMNS FROM `o2o_category` [ RunTime:0.002111s ]
[ sql ] [ SQL ] SELECT * FROM `o2o_category` WHERE  `parent_id` = 0  AND `status` = 1 ORDER BY `listorder`  desc,`id`  desc LIMIT 5 [ RunTime:0.000870s ]
[ sql ] [ SQL ] SELECT * FROM `o2o_category` WHERE  `parent_id` IN (2,5,1,14)  AND `status` = 1 ORDER BY `listorder`  desc,`id`  desc [ RunTime:0.001069s ]
[ sql ] [ SQL ] SHOW COLUMNS FROM `o2o_deal` [ RunTime:0.001716s ]
[ sql ] [ SQL ] SELECT * FROM `o2o_deal` WHERE  `id` = 2 LIMIT 1 [ RunTime:0.001405s ]
[ sql ] [ SQL ] SHOW COLUMNS FROM `o2o_order` [ RunTime:0.001565s ]
[ sql ] [ SQL ] INSERT INTO `o2o_order` (`out_trade_no` , `user_id` , `username` , `referer` , `create_time` , `deal_count` , `total_price` , `status`) VALUES ('150033841177276615' , 1 , 'duncan' , 'http://loc.m.com/index.php/index/order/confirm.html?id=2&count=1' , 1500338411 , 1 , 10 , 1) [ RunTime:0.070294s ]

---------------------------------------------------------------
[ 2017-07-18T08:40:12+08:00 ] 127.0.0.1 127.0.0.1 GET /index.php/index/pay/index.html?id=19
[ sql ] [ DB ] CONNECT:[ UseTime:0.002221s ] mysql:dbname=o2ot;host=localhost;port=3306;charset=utf8
[ sql ] [ SQL ] SHOW COLUMNS FROM `o2o_city` [ RunTime:0.004335s ]
[ sql ] [ SQL ] SELECT * FROM `o2o_city` WHERE  `status` = 1  AND `parent_id` > 0 ORDER BY `id`  desc [ RunTime:0.001286s ]
[ sql ] [ SQL ] SELECT * FROM `o2o_city` WHERE  `uname` = 'nanjing' LIMIT 1 [ RunTime:0.000852s ]
[ sql ] [ SQL ] SHOW COLUMNS FROM `o2o_category` [ RunTime:0.002029s ]
[ sql ] [ SQL ] SELECT * FROM `o2o_category` WHERE  `parent_id` = 0  AND `status` = 1 ORDER BY `listorder`  desc,`id`  desc LIMIT 5 [ RunTime:0.000955s ]
[ sql ] [ SQL ] SELECT * FROM `o2o_category` WHERE  `parent_id` IN (2,5,1,14)  AND `status` = 1 ORDER BY `listorder`  desc,`id`  desc [ RunTime:0.001179s ]

---------------------------------------------------------------
[ 2017-07-18T08:40:17+08:00 ] 127.0.0.1 127.0.0.1 GET /index.php/index/order/confirm.html?id=2&count=1
[ sql ] [ DB ] CONNECT:[ UseTime:0.001861s ] mysql:dbname=o2ot;host=localhost;port=3306;charset=utf8
[ sql ] [ SQL ] SHOW COLUMNS FROM `o2o_city` [ RunTime:0.003076s ]
[ sql ] [ SQL ] SELECT * FROM `o2o_city` WHERE  `status` = 1  AND `parent_id` > 0 ORDER BY `id`  desc [ RunTime:0.001273s ]
[ sql ] [ SQL ] SELECT * FROM `o2o_city` WHERE  `uname` = 'nanjing' LIMIT 1 [ RunTime:0.000993s ]
[ sql ] [ SQL ] SHOW COLUMNS FROM `o2o_category` [ RunTime:0.001423s ]
[ sql ] [ SQL ] SELECT * FROM `o2o_category` WHERE  `parent_id` = 0  AND `status` = 1 ORDER BY `listorder`  desc,`id`  desc LIMIT 5 [ RunTime:0.001040s ]
[ sql ] [ SQL ] SELECT * FROM `o2o_category` WHERE  `parent_id` IN (2,5,1,14)  AND `status` = 1 ORDER BY `listorder`  desc,`id`  desc [ RunTime:0.000991s ]
[ sql ] [ SQL ] SHOW COLUMNS FROM `o2o_deal` [ RunTime:0.002094s ]
[ sql ] [ SQL ] SELECT * FROM `o2o_deal` WHERE  `id` = 2 LIMIT 1 [ RunTime:0.001017s ]

---------------------------------------------------------------
[ 2017-07-18T14:21:29+08:00 ] 127.0.0.1 127.0.0.1 GET /
[ sql ] [ DB ] CONNECT:[ UseTime:0.005608s ] mysql:dbname=o2ot;host=localhost;port=3306;charset=utf8
[ sql ] [ SQL ] SHOW COLUMNS FROM `o2o_city` [ RunTime:0.007981s ]
[ sql ] [ SQL ] SELECT * FROM `o2o_city` WHERE  `status` = 1  AND `parent_id` > 0 ORDER BY `id`  desc [ RunTime:0.001651s ]
[ sql ] [ SQL ] SELECT * FROM `o2o_city` WHERE  `uname` = 'nanchang' LIMIT 1 [ RunTime:0.000931s ]
[ sql ] [ SQL ] SHOW COLUMNS FROM `o2o_category` [ RunTime:0.002153s ]
[ sql ] [ SQL ] SELECT * FROM `o2o_category` WHERE  `parent_id` = 0  AND `status` = 1 ORDER BY `listorder`  desc,`id`  desc LIMIT 5 [ RunTime:0.002257s ]
[ sql ] [ SQL ] SELECT * FROM `o2o_category` WHERE  `parent_id` IN (2,5,1,14)  AND `status` = 1 ORDER BY `listorder`  desc,`id`  desc [ RunTime:0.001345s ]
[ sql ] [ SQL ] SHOW COLUMNS FROM `o2o_deal` [ RunTime:0.002762s ]
[ sql ] [ SQL ] SELECT * FROM `o2o_deal` WHERE  `end_time` > 1500358888  AND `category_id` = 1  AND `city_id` = 5  AND `status` = 1 ORDER BY `listorder`  desc,`id`  desc LIMIT 10 [ RunTime:0.001629s ]
[ sql ] [ SQL ] SELECT * FROM `o2o_category` WHERE  `parent_id` = 1  AND `status` = 1 ORDER BY `listorder`  desc,`id`  desc LIMIT 4 [ RunTime:0.001189s ]

---------------------------------------------------------------
[ 2017-07-18T14:21:46+08:00 ] 127.0.0.1 127.0.0.1 GET /index/index/index.html?city=nanjing
[ sql ] [ DB ] CONNECT:[ UseTime:0.002111s ] mysql:dbname=o2ot;host=localhost;port=3306;charset=utf8
[ sql ] [ SQL ] SHOW COLUMNS FROM `o2o_city` [ RunTime:0.002724s ]
[ sql ] [ SQL ] SELECT * FROM `o2o_city` WHERE  `status` = 1  AND `parent_id` > 0 ORDER BY `id`  desc [ RunTime:0.001311s ]
[ sql ] [ SQL ] SELECT * FROM `o2o_city` WHERE  `uname` = 'nanjing' LIMIT 1 [ RunTime:0.001167s ]
[ sql ] [ SQL ] SHOW COLUMNS FROM `o2o_category` [ RunTime:0.001559s ]
[ sql ] [ SQL ] SELECT * FROM `o2o_category` WHERE  `parent_id` = 0  AND `status` = 1 ORDER BY `listorder`  desc,`id`  desc LIMIT 5 [ RunTime:0.000930s ]
[ sql ] [ SQL ] SELECT * FROM `o2o_category` WHERE  `parent_id` IN (2,5,1,14)  AND `status` = 1 ORDER BY `listorder`  desc,`id`  desc [ RunTime:0.001507s ]
[ sql ] [ SQL ] SHOW COLUMNS FROM `o2o_deal` [ RunTime:0.001976s ]
[ sql ] [ SQL ] SELECT * FROM `o2o_deal` WHERE  `end_time` > 1500358906  AND `category_id` = 1  AND `city_id` = 15  AND `status` = 1 ORDER BY `listorder`  desc,`id`  desc LIMIT 10 [ RunTime:0.002143s ]
[ sql ] [ SQL ] SELECT * FROM `o2o_category` WHERE  `parent_id` = 1  AND `status` = 1 ORDER BY `listorder`  desc,`id`  desc LIMIT 4 [ RunTime:0.001468s ]

---------------------------------------------------------------
[ 2017-07-18T14:21:55+08:00 ] 127.0.0.1 127.0.0.1 GET /index/detail/index.html?id=2
[ sql ] [ DB ] CONNECT:[ UseTime:0.002970s ] mysql:dbname=o2ot;host=localhost;port=3306;charset=utf8
[ sql ] [ SQL ] SHOW COLUMNS FROM `o2o_city` [ RunTime:0.003341s ]
[ sql ] [ SQL ] SELECT * FROM `o2o_city` WHERE  `status` = 1  AND `parent_id` > 0 ORDER BY `id`  desc [ RunTime:0.001540s ]
[ sql ] [ SQL ] SELECT * FROM `o2o_city` WHERE  `uname` = 'nanjing' LIMIT 1 [ RunTime:0.000939s ]
[ sql ] [ SQL ] SHOW COLUMNS FROM `o2o_category` [ RunTime:0.002166s ]
[ sql ] [ SQL ] SELECT * FROM `o2o_category` WHERE  `parent_id` = 0  AND `status` = 1 ORDER BY `listorder`  desc,`id`  desc LIMIT 5 [ RunTime:0.001165s ]
[ sql ] [ SQL ] SELECT * FROM `o2o_category` WHERE  `parent_id` IN (2,5,1,14)  AND `status` = 1 ORDER BY `listorder`  desc,`id`  desc [ RunTime:0.001271s ]
[ sql ] [ SQL ] SHOW COLUMNS FROM `o2o_deal` [ RunTime:0.002268s ]
[ sql ] [ SQL ] SELECT * FROM `o2o_deal` WHERE  `id` = 2 LIMIT 1 [ RunTime:0.001205s ]
[ sql ] [ SQL ] SELECT * FROM `o2o_category` WHERE  `id` = 1 LIMIT 1 [ RunTime:0.002164s ]
[ sql ] [ SQL ] SHOW COLUMNS FROM `o2o_bis_location` [ RunTime:0.002589s ]
[ sql ] [ SQL ] SELECT * FROM `o2o_bis_location` WHERE  `id` IN (2)  AND `status` = 1 [ RunTime:0.001097s ]

---------------------------------------------------------------
[ 2017-07-18T14:21:58+08:00 ] 127.0.0.1 127.0.0.1 GET /index/order/confirm.html?id=2&count=1
[ sql ] [ DB ] CONNECT:[ UseTime:0.002173s ] mysql:dbname=o2ot;host=localhost;port=3306;charset=utf8
[ sql ] [ SQL ] SHOW COLUMNS FROM `o2o_city` [ RunTime:0.002079s ]
[ sql ] [ SQL ] SELECT * FROM `o2o_city` WHERE  `status` = 1  AND `parent_id` > 0 ORDER BY `id`  desc [ RunTime:0.001060s ]
[ sql ] [ SQL ] SELECT * FROM `o2o_city` WHERE  `uname` = 'nanjing' LIMIT 1 [ RunTime:0.000723s ]
[ sql ] [ SQL ] SHOW COLUMNS FROM `o2o_category` [ RunTime:0.001717s ]
[ sql ] [ SQL ] SELECT * FROM `o2o_category` WHERE  `parent_id` = 0  AND `status` = 1 ORDER BY `listorder`  desc,`id`  desc LIMIT 5 [ RunTime:0.001606s ]
[ sql ] [ SQL ] SELECT * FROM `o2o_category` WHERE  `parent_id` IN (2,5,1,14)  AND `status` = 1 ORDER BY `listorder`  desc,`id`  desc [ RunTime:0.000968s ]

---------------------------------------------------------------
