[ 2017-07-19T15:20:57+08:00 ] 127.0.0.1 127.0.0.1 GET /index.php/admin
[ log ] loc.m.com/index.php/admin [运行时间：2.144768s][吞吐率：0.47req/s] [内存消耗：2,787.38kb] [文件加载：49]
[ info ] [ LANG ] E:\wamp64\www\duncan\thinkphp\lang\zh-cn.php
[ info ] [ ROUTE ] array (
  'type' => 'module',
  'module' => 
  array (
    0 => 'admin',
    1 => NULL,
    2 => NULL,
  ),
)
[ info ] [ HEADER ] array (
  'host' => 'loc.m.com',
  'connection' => 'keep-alive',
  'upgrade-insecure-requests' => '1',
  'user-agent' => 'Mozilla/5.0 (Windows NT 10.0; Win64; x64) AppleWebKit/537.36 (KHTML, like Gecko) Chrome/59.0.3071.115 Safari/537.36',
  'accept' => 'text/html,application/xhtml+xml,application/xml;q=0.9,image/webp,image/apng,*/*;q=0.8',
  'accept-encoding' => 'gzip, deflate',
  'accept-language' => 'zh-CN,zh;q=0.8',
  'cookie' => 'OUTFOX_SEARCH_USER_ID_NCOO=978554766.5293875',
)
[ info ] [ PARAM ] array (
)
[ info ] [ RUN ] app\admin\controller\Index->index[ E:\wamp64\www\duncan\application\admin\controller\Index.php ]
[ info ] [ VIEW ] E:\wamp64\www\duncan\public/../application/admin\view\index\index.html [ array (
) ]
[ info ] [ LOG ] INIT File

---------------------------------------------------------------
[ 2017-07-19T15:20:57+08:00 ] 127.0.0.1 127.0.0.1 GET /index.php/admin/index/welcome.html
[ log ] loc.m.com/index.php/admin/index/welcome.html [运行时间：0.129959s][吞吐率：7.69req/s] [内存消耗：2,675.05kb] [文件加载：47]
[ info ] [ LANG ] E:\wamp64\www\duncan\thinkphp\lang\zh-cn.php
[ info ] [ ROUTE ] array (
  'type' => 'module',
  'module' => 
  array (
    0 => 'admin',
    1 => 'index',
    2 => 'welcome',
  ),
)
[ info ] [ HEADER ] array (
  'host' => 'loc.m.com',
  'connection' => 'keep-alive',
  'upgrade-insecure-requests' => '1',
  'user-agent' => 'Mozilla/5.0 (Windows NT 10.0; Win64; x64) AppleWebKit/537.36 (KHTML, like Gecko) Chrome/59.0.3071.115 Safari/537.36',
  'accept' => 'text/html,application/xhtml+xml,application/xml;q=0.9,image/webp,image/apng,*/*;q=0.8',
  'referer' => 'http://loc.m.com/index.php/admin',
  'accept-encoding' => 'gzip, deflate',
  'accept-language' => 'zh-CN,zh;q=0.8',
  'cookie' => 'OUTFOX_SEARCH_USER_ID_NCOO=978554766.5293875',
)
[ info ] [ PARAM ] array (
)
[ info ] [ RUN ] app\admin\controller\Index->welcome[ E:\wamp64\www\duncan\application\admin\controller\Index.php ]
[ info ] [ LOG ] INIT File

---------------------------------------------------------------
[ 2017-07-19T15:21:02+08:00 ] 127.0.0.1 127.0.0.1 GET /index.php/
[ log ] loc.m.com/index.php/ [运行时间：1.471891s][吞吐率：0.68req/s] [内存消耗：4,491.56kb] [文件加载：58]
[ info ] [ LANG ] E:\wamp64\www\duncan\thinkphp\lang\zh-cn.php
[ info ] [ ROUTE ] array (
  'type' => 'module',
  'module' => 
  array (
    0 => '',
    1 => NULL,
    2 => NULL,
  ),
)
[ info ] [ HEADER ] array (
  'host' => 'loc.m.com',
  'connection' => 'keep-alive',
  'upgrade-insecure-requests' => '1',
  'user-agent' => 'Mozilla/5.0 (Windows NT 10.0; Win64; x64) AppleWebKit/537.36 (KHTML, like Gecko) Chrome/59.0.3071.115 Safari/537.36',
  'accept' => 'text/html,application/xhtml+xml,application/xml;q=0.9,image/webp,image/apng,*/*;q=0.8',
  'accept-encoding' => 'gzip, deflate',
  'accept-language' => 'zh-CN,zh;q=0.8',
  'cookie' => 'thinkphp_show_page_trace=0|0; OUTFOX_SEARCH_USER_ID_NCOO=978554766.5293875',
)
[ info ] [ PARAM ] array (
)
[ info ] [ DB ] INIT mysql
[ info ] [ SESSION ] INIT array (
  'id' => '',
  'var_session_id' => '',
  'prefix' => 'think',
  'type' => '',
  'auto_start' => true,
)
[ info ] [ RUN ] app\index\controller\Index->index[ E:\wamp64\www\duncan\application\index\controller\Index.php ]
[ info ] [ VIEW ] E:\wamp64\www\duncan\public/../application/index\view\index\index.html [ array (
  0 => 'citys',
  1 => 'city',
  2 => 'cats',
  3 => 'controler',
  4 => 'user',
  5 => 'title',
  6 => 'datas',
  7 => 'meishicates',
  8 => 'controller',
) ]
[ info ] [ LOG ] INIT File

---------------------------------------------------------------
[ 2017-07-19T15:21:05+08:00 ] 127.0.0.1 127.0.0.1 GET /index.php/bis/login/index.html
[ log ] loc.m.com/index.php/bis/login/index.html [运行时间：0.142594s][吞吐率：7.01req/s] [内存消耗：2,799.49kb] [文件加载：49]
[ info ] [ LANG ] E:\wamp64\www\duncan\thinkphp\lang\zh-cn.php
[ info ] [ ROUTE ] array (
  'type' => 'module',
  'module' => 
  array (
    0 => 'bis',
    1 => 'login',
    2 => 'index',
  ),
)
[ info ] [ HEADER ] array (
  'host' => 'loc.m.com',
  'connection' => 'keep-alive',
  'upgrade-insecure-requests' => '1',
  'user-agent' => 'Mozilla/5.0 (Windows NT 10.0; Win64; x64) AppleWebKit/537.36 (KHTML, like Gecko) Chrome/59.0.3071.115 Safari/537.36',
  'accept' => 'text/html,application/xhtml+xml,application/xml;q=0.9,image/webp,image/apng,*/*;q=0.8',
  'referer' => 'http://loc.m.com/index.php/',
  'accept-encoding' => 'gzip, deflate',
  'accept-language' => 'zh-CN,zh;q=0.8',
  'cookie' => 'thinkphp_show_page_trace=0|0; OUTFOX_SEARCH_USER_ID_NCOO=978554766.5293875; PHPSESSID=066gkemudto9pumjqjeuiv4cb0',
)
[ info ] [ PARAM ] array (
)
[ info ] [ RUN ] app\bis\controller\Login->index[ E:\wamp64\www\duncan\application\bis\controller\Login.php ]
[ info ] [ SESSION ] INIT array (
  'id' => '',
  'var_session_id' => '',
  'prefix' => 'think',
  'type' => '',
  'auto_start' => true,
)
[ info ] [ VIEW ] E:\wamp64\www\duncan\public/../application/bis\view\login\index.html [ array (
) ]
[ info ] [ LOG ] INIT File

---------------------------------------------------------------
[ 2017-07-19T15:21:07+08:00 ] 127.0.0.1 127.0.0.1 GET /index.php/bis/register/index.html
[ log ] loc.m.com/index.php/bis/register/index.html [运行时间：0.269370s][吞吐率：3.71req/s] [内存消耗：4,352.55kb] [文件加载：57]
[ info ] [ LANG ] E:\wamp64\www\duncan\thinkphp\lang\zh-cn.php
[ info ] [ ROUTE ] array (
  'type' => 'module',
  'module' => 
  array (
    0 => 'bis',
    1 => 'register',
    2 => 'index',
  ),
)
[ info ] [ HEADER ] array (
  'host' => 'loc.m.com',
  'connection' => 'keep-alive',
  'upgrade-insecure-requests' => '1',
  'user-agent' => 'Mozilla/5.0 (Windows NT 10.0; Win64; x64) AppleWebKit/537.36 (KHTML, like Gecko) Chrome/59.0.3071.115 Safari/537.36',
  'accept' => 'text/html,application/xhtml+xml,application/xml;q=0.9,image/webp,image/apng,*/*;q=0.8',
  'referer' => 'http://loc.m.com/index.php/bis/login/index.html',
  'accept-encoding' => 'gzip, deflate',
  'accept-language' => 'zh-CN,zh;q=0.8',
  'cookie' => 'thinkphp_show_page_trace=0|0; OUTFOX_SEARCH_USER_ID_NCOO=978554766.5293875; PHPSESSID=066gkemudto9pumjqjeuiv4cb0',
)
[ info ] [ PARAM ] array (
)
[ info ] [ RUN ] app\bis\controller\Register->index[ E:\wamp64\www\duncan\application\bis\controller\Register.php ]
[ info ] [ DB ] INIT mysql
[ info ] [ VIEW ] E:\wamp64\www\duncan\public/../application/bis\view\register\index.html [ array (
  0 => 'citys',
  1 => 'categorys',
) ]
[ info ] [ LOG ] INIT File

---------------------------------------------------------------
[ 2017-07-19T15:21:09+08:00 ] 127.0.0.1 127.0.0.1 GET /index.php/bis/register/
[ log ] loc.m.com/index.php/bis/register/ [运行时间：0.171656s][吞吐率：5.83req/s] [内存消耗：4,352.79kb] [文件加载：57]
[ info ] [ LANG ] E:\wamp64\www\duncan\thinkphp\lang\zh-cn.php
[ info ] [ ROUTE ] array (
  'type' => 'module',
  'module' => 
  array (
    0 => 'bis',
    1 => 'register',
    2 => NULL,
  ),
)
[ info ] [ HEADER ] array (
  'host' => 'loc.m.com',
  'connection' => 'keep-alive',
  'user-agent' => 'Mozilla/5.0 (Windows NT 10.0; Win64; x64) AppleWebKit/537.36 (KHTML, like Gecko) Chrome/59.0.3071.115 Safari/537.36',
  'x-requested-with' => 'ShockwaveFlash/26.0.0.137',
  'accept' => '*/*',
  'referer' => 'http://loc.m.com/index.php/bis/register/index.html',
  'accept-encoding' => 'gzip, deflate',
  'accept-language' => 'zh-CN,zh;q=0.8',
  'cookie' => 'thinkphp_show_page_trace=0|0; thinkphp_show_page_trace=0|0; OUTFOX_SEARCH_USER_ID_NCOO=978554766.5293875; PHPSESSID=066gkemudto9pumjqjeuiv4cb0',
)
[ info ] [ PARAM ] array (
)
[ info ] [ RUN ] app\bis\controller\Register->index[ E:\wamp64\www\duncan\application\bis\controller\Register.php ]
[ info ] [ DB ] INIT mysql
[ info ] [ VIEW ] E:\wamp64\www\duncan\public/../application/bis\view\register\index.html [ array (
  0 => 'citys',
  1 => 'categorys',
) ]
[ info ] [ LOG ] INIT File

---------------------------------------------------------------
[ 2017-07-19T15:21:09+08:00 ] 127.0.0.1 127.0.0.1 GET /index.php/bis/register/
[ log ] loc.m.com/index.php/bis/register/ [运行时间：0.170361s][吞吐率：5.87req/s] [内存消耗：4,352.93kb] [文件加载：57]
[ info ] [ LANG ] E:\wamp64\www\duncan\thinkphp\lang\zh-cn.php
[ info ] [ ROUTE ] array (
  'type' => 'module',
  'module' => 
  array (
    0 => 'bis',
    1 => 'register',
    2 => NULL,
  ),
)
[ info ] [ HEADER ] array (
  'host' => 'loc.m.com',
  'connection' => 'keep-alive',
  'user-agent' => 'Mozilla/5.0 (Windows NT 10.0; Win64; x64) AppleWebKit/537.36 (KHTML, like Gecko) Chrome/59.0.3071.115 Safari/537.36',
  'x-requested-with' => 'ShockwaveFlash/26.0.0.137',
  'accept' => '*/*',
  'referer' => 'http://loc.m.com/index.php/bis/register/index.html',
  'accept-encoding' => 'gzip, deflate',
  'accept-language' => 'zh-CN,zh;q=0.8',
  'cookie' => 'thinkphp_show_page_trace=0|0; thinkphp_show_page_trace=0|0; OUTFOX_SEARCH_USER_ID_NCOO=978554766.5293875; PHPSESSID=066gkemudto9pumjqjeuiv4cb0',
)
[ info ] [ PARAM ] array (
)
[ info ] [ RUN ] app\bis\controller\Register->index[ E:\wamp64\www\duncan\application\bis\controller\Register.php ]
[ info ] [ DB ] INIT mysql
[ info ] [ VIEW ] E:\wamp64\www\duncan\public/../application/bis\view\register\index.html [ array (
  0 => 'citys',
  1 => 'categorys',
) ]
[ info ] [ LOG ] INIT File

---------------------------------------------------------------
[ 2017-07-19T15:24:20+08:00 ] 127.0.0.1 127.0.0.1 GET /index.php/bis/login
[ log ] loc.m.com/index.php/bis/login [运行时间：0.080059s][吞吐率：12.49req/s] [内存消耗：2,799.35kb] [文件加载：49]
[ info ] [ LANG ] E:\wamp64\www\duncan\thinkphp\lang\zh-cn.php
[ info ] [ ROUTE ] array (
  'type' => 'module',
  'module' => 
  array (
    0 => 'bis',
    1 => 'login',
    2 => NULL,
  ),
)
[ info ] [ HEADER ] array (
  'host' => 'loc.m.com',
  'connection' => 'keep-alive',
  'upgrade-insecure-requests' => '1',
  'user-agent' => 'Mozilla/5.0 (Windows NT 10.0; Win64; x64) AppleWebKit/537.36 (KHTML, like Gecko) Chrome/59.0.3071.115 Safari/537.36',
  'accept' => 'text/html,application/xhtml+xml,application/xml;q=0.9,image/webp,image/apng,*/*;q=0.8',
  'accept-encoding' => 'gzip, deflate',
  'accept-language' => 'zh-CN,zh;q=0.8',
  'cookie' => 'thinkphp_show_page_trace=0|0; thinkphp_show_page_trace=0|0; OUTFOX_SEARCH_USER_ID_NCOO=978554766.5293875; PHPSESSID=066gkemudto9pumjqjeuiv4cb0',
)
[ info ] [ PARAM ] array (
)
[ info ] [ RUN ] app\bis\controller\Login->index[ E:\wamp64\www\duncan\application\bis\controller\Login.php ]
[ info ] [ SESSION ] INIT array (
  'id' => '',
  'var_session_id' => '',
  'prefix' => 'think',
  'type' => '',
  'auto_start' => true,
)
[ info ] [ VIEW ] E:\wamp64\www\duncan\public/../application/bis\view\login\index.html [ array (
) ]
[ info ] [ LOG ] INIT File

---------------------------------------------------------------
[ 2017-07-19T15:24:22+08:00 ] 127.0.0.1 127.0.0.1 GET /index.php/bis/register/index.html
[ log ] loc.m.com/index.php/bis/register/index.html [运行时间：0.129206s][吞吐率：7.74req/s] [内存消耗：4,352.66kb] [文件加载：57]
[ info ] [ LANG ] E:\wamp64\www\duncan\thinkphp\lang\zh-cn.php
[ info ] [ ROUTE ] array (
  'type' => 'module',
  'module' => 
  array (
    0 => 'bis',
    1 => 'register',
    2 => 'index',
  ),
)
[ info ] [ HEADER ] array (
  'host' => 'loc.m.com',
  'connection' => 'keep-alive',
  'upgrade-insecure-requests' => '1',
  'user-agent' => 'Mozilla/5.0 (Windows NT 10.0; Win64; x64) AppleWebKit/537.36 (KHTML, like Gecko) Chrome/59.0.3071.115 Safari/537.36',
  'accept' => 'text/html,application/xhtml+xml,application/xml;q=0.9,image/webp,image/apng,*/*;q=0.8',
  'referer' => 'http://loc.m.com/index.php/bis/login',
  'accept-encoding' => 'gzip, deflate',
  'accept-language' => 'zh-CN,zh;q=0.8',
  'cookie' => 'thinkphp_show_page_trace=0|0; thinkphp_show_page_trace=0|0; thinkphp_show_page_trace=0|0; OUTFOX_SEARCH_USER_ID_NCOO=978554766.5293875; PHPSESSID=066gkemudto9pumjqjeuiv4cb0',
)
[ info ] [ PARAM ] array (
)
[ info ] [ RUN ] app\bis\controller\Register->index[ E:\wamp64\www\duncan\application\bis\controller\Register.php ]
[ info ] [ DB ] INIT mysql
[ info ] [ VIEW ] E:\wamp64\www\duncan\public/../application/bis\view\register\index.html [ array (
  0 => 'citys',
  1 => 'categorys',
) ]
[ info ] [ LOG ] INIT File

---------------------------------------------------------------
[ 2017-07-19T15:24:24+08:00 ] 127.0.0.1 127.0.0.1 GET /index.php/bis/register/
[ log ] loc.m.com/index.php/bis/register/ [运行时间：0.152692s][吞吐率：6.55req/s] [内存消耗：4,352.87kb] [文件加载：57]
[ info ] [ LANG ] E:\wamp64\www\duncan\thinkphp\lang\zh-cn.php
[ info ] [ ROUTE ] array (
  'type' => 'module',
  'module' => 
  array (
    0 => 'bis',
    1 => 'register',
    2 => NULL,
  ),
)
[ info ] [ HEADER ] array (
  'host' => 'loc.m.com',
  'connection' => 'keep-alive',
  'user-agent' => 'Mozilla/5.0 (Windows NT 10.0; Win64; x64) AppleWebKit/537.36 (KHTML, like Gecko) Chrome/59.0.3071.115 Safari/537.36',
  'x-requested-with' => 'ShockwaveFlash/26.0.0.137',
  'accept' => '*/*',
  'referer' => 'http://loc.m.com/index.php/bis/register/index.html',
  'accept-encoding' => 'gzip, deflate',
  'accept-language' => 'zh-CN,zh;q=0.8',
  'cookie' => 'thinkphp_show_page_trace=0|0; thinkphp_show_page_trace=0|0; thinkphp_show_page_trace=0|0; OUTFOX_SEARCH_USER_ID_NCOO=978554766.5293875; PHPSESSID=066gkemudto9pumjqjeuiv4cb0',
)
[ info ] [ PARAM ] array (
)
[ info ] [ RUN ] app\bis\controller\Register->index[ E:\wamp64\www\duncan\application\bis\controller\Register.php ]
[ info ] [ DB ] INIT mysql
[ info ] [ VIEW ] E:\wamp64\www\duncan\public/../application/bis\view\register\index.html [ array (
  0 => 'citys',
  1 => 'categorys',
) ]
[ info ] [ LOG ] INIT File

---------------------------------------------------------------
[ 2017-07-19T15:24:24+08:00 ] 127.0.0.1 127.0.0.1 GET /index.php/bis/register/
[ log ] loc.m.com/index.php/bis/register/ [运行时间：0.291364s][吞吐率：3.43req/s] [内存消耗：4,352.87kb] [文件加载：57]
[ info ] [ LANG ] E:\wamp64\www\duncan\thinkphp\lang\zh-cn.php
[ info ] [ ROUTE ] array (
  'type' => 'module',
  'module' => 
  array (
    0 => 'bis',
    1 => 'register',
    2 => NULL,
  ),
)
[ info ] [ HEADER ] array (
  'host' => 'loc.m.com',
  'connection' => 'keep-alive',
  'user-agent' => 'Mozilla/5.0 (Windows NT 10.0; Win64; x64) AppleWebKit/537.36 (KHTML, like Gecko) Chrome/59.0.3071.115 Safari/537.36',
  'x-requested-with' => 'ShockwaveFlash/26.0.0.137',
  'accept' => '*/*',
  'referer' => 'http://loc.m.com/index.php/bis/register/index.html',
  'accept-encoding' => 'gzip, deflate',
  'accept-language' => 'zh-CN,zh;q=0.8',
  'cookie' => 'thinkphp_show_page_trace=0|0; thinkphp_show_page_trace=0|0; thinkphp_show_page_trace=0|0; OUTFOX_SEARCH_USER_ID_NCOO=978554766.5293875; PHPSESSID=066gkemudto9pumjqjeuiv4cb0',
)
[ info ] [ PARAM ] array (
)
[ info ] [ RUN ] app\bis\controller\Register->index[ E:\wamp64\www\duncan\application\bis\controller\Register.php ]
[ info ] [ DB ] INIT mysql
[ info ] [ VIEW ] E:\wamp64\www\duncan\public/../application/bis\view\register\index.html [ array (
  0 => 'citys',
  1 => 'categorys',
) ]
[ info ] [ LOG ] INIT File

---------------------------------------------------------------
[ 2017-07-19T15:25:04+08:00 ] 127.0.0.1 127.0.0.1 GET /index.php/bis/register/index.html
[ log ] loc.m.com/index.php/bis/register/index.html [运行时间：0.182530s][吞吐率：5.48req/s] [内存消耗：4,352.73kb] [文件加载：57]
[ info ] [ LANG ] E:\wamp64\www\duncan\thinkphp\lang\zh-cn.php
[ info ] [ ROUTE ] array (
  'type' => 'module',
  'module' => 
  array (
    0 => 'bis',
    1 => 'register',
    2 => 'index',
  ),
)
[ info ] [ HEADER ] array (
  'host' => 'loc.m.com',
  'connection' => 'keep-alive',
  'cache-control' => 'max-age=0',
  'upgrade-insecure-requests' => '1',
  'user-agent' => 'Mozilla/5.0 (Windows NT 10.0; Win64; x64) AppleWebKit/537.36 (KHTML, like Gecko) Chrome/59.0.3071.115 Safari/537.36',
  'accept' => 'text/html,application/xhtml+xml,application/xml;q=0.9,image/webp,image/apng,*/*;q=0.8',
  'referer' => 'http://loc.m.com/index.php/bis/login',
  'accept-encoding' => 'gzip, deflate',
  'accept-language' => 'zh-CN,zh;q=0.8',
  'cookie' => 'thinkphp_show_page_trace=0|0; thinkphp_show_page_trace=0|0; thinkphp_show_page_trace=0|0; OUTFOX_SEARCH_USER_ID_NCOO=978554766.5293875; PHPSESSID=066gkemudto9pumjqjeuiv4cb0',
)
[ info ] [ PARAM ] array (
)
[ info ] [ RUN ] app\bis\controller\Register->index[ E:\wamp64\www\duncan\application\bis\controller\Register.php ]
[ info ] [ DB ] INIT mysql
[ info ] [ VIEW ] E:\wamp64\www\duncan\public/../application/bis\view\register\index.html [ array (
  0 => 'citys',
  1 => 'categorys',
) ]
[ info ] [ LOG ] INIT File

---------------------------------------------------------------
[ 2017-07-19T15:25:08+08:00 ] 127.0.0.1 127.0.0.1 GET /index.php/bis/register/
[ log ] loc.m.com/index.php/bis/register/ [运行时间：0.200425s][吞吐率：4.99req/s] [内存消耗：4,352.70kb] [文件加载：57]
[ info ] [ LANG ] E:\wamp64\www\duncan\thinkphp\lang\zh-cn.php
[ info ] [ ROUTE ] array (
  'type' => 'module',
  'module' => 
  array (
    0 => 'bis',
    1 => 'register',
    2 => NULL,
  ),
)
[ info ] [ HEADER ] array (
  'host' => 'loc.m.com',
  'connection' => 'keep-alive',
  'x-requested-with' => 'ShockwaveFlash/26.0.0.137',
  'user-agent' => 'Mozilla/5.0 (Windows NT 10.0; Win64; x64) AppleWebKit/537.36 (KHTML, like Gecko) Chrome/59.0.3071.115 Safari/537.36',
  'accept' => '*/*',
  'referer' => 'http://loc.m.com/index.php/bis/register/index.html',
  'accept-encoding' => 'gzip, deflate',
  'accept-language' => 'zh-CN,zh;q=0.8',
  'cookie' => 'thinkphp_show_page_trace=0|0; thinkphp_show_page_trace=0|0; thinkphp_show_page_trace=0|0; OUTFOX_SEARCH_USER_ID_NCOO=978554766.5293875; PHPSESSID=066gkemudto9pumjqjeuiv4cb0',
)
[ info ] [ PARAM ] array (
)
[ info ] [ RUN ] app\bis\controller\Register->index[ E:\wamp64\www\duncan\application\bis\controller\Register.php ]
[ info ] [ DB ] INIT mysql
[ info ] [ VIEW ] E:\wamp64\www\duncan\public/../application/bis\view\register\index.html [ array (
  0 => 'citys',
  1 => 'categorys',
) ]
[ info ] [ LOG ] INIT File

---------------------------------------------------------------
[ 2017-07-19T15:25:08+08:00 ] 127.0.0.1 127.0.0.1 GET /index.php/bis/register/
[ log ] loc.m.com/index.php/bis/register/ [运行时间：0.174467s][吞吐率：5.73req/s] [内存消耗：4,352.70kb] [文件加载：57]
[ info ] [ LANG ] E:\wamp64\www\duncan\thinkphp\lang\zh-cn.php
[ info ] [ ROUTE ] array (
  'type' => 'module',
  'module' => 
  array (
    0 => 'bis',
    1 => 'register',
    2 => NULL,
  ),
)
[ info ] [ HEADER ] array (
  'host' => 'loc.m.com',
  'connection' => 'keep-alive',
  'x-requested-with' => 'ShockwaveFlash/26.0.0.137',
  'user-agent' => 'Mozilla/5.0 (Windows NT 10.0; Win64; x64) AppleWebKit/537.36 (KHTML, like Gecko) Chrome/59.0.3071.115 Safari/537.36',
  'accept' => '*/*',
  'referer' => 'http://loc.m.com/index.php/bis/register/index.html',
  'accept-encoding' => 'gzip, deflate',
  'accept-language' => 'zh-CN,zh;q=0.8',
  'cookie' => 'thinkphp_show_page_trace=0|0; thinkphp_show_page_trace=0|0; thinkphp_show_page_trace=0|0; OUTFOX_SEARCH_USER_ID_NCOO=978554766.5293875; PHPSESSID=066gkemudto9pumjqjeuiv4cb0',
)
[ info ] [ PARAM ] array (
)
[ info ] [ RUN ] app\bis\controller\Register->index[ E:\wamp64\www\duncan\application\bis\controller\Register.php ]
[ info ] [ DB ] INIT mysql
[ info ] [ VIEW ] E:\wamp64\www\duncan\public/../application/bis\view\register\index.html [ array (
  0 => 'citys',
  1 => 'categorys',
) ]
[ info ] [ LOG ] INIT File

---------------------------------------------------------------
[ 2017-07-19T15:33:31+08:00 ] 127.0.0.1 127.0.0.1 GET /index.php/bis/register/index.html
[ log ] loc.m.com/index.php/bis/register/index.html [运行时间：0.206678s][吞吐率：4.84req/s] [内存消耗：4,352.73kb] [文件加载：57]
[ info ] [ LANG ] E:\wamp64\www\duncan\thinkphp\lang\zh-cn.php
[ info ] [ ROUTE ] array (
  'type' => 'module',
  'module' => 
  array (
    0 => 'bis',
    1 => 'register',
    2 => 'index',
  ),
)
[ info ] [ HEADER ] array (
  'host' => 'loc.m.com',
  'connection' => 'keep-alive',
  'cache-control' => 'max-age=0',
  'upgrade-insecure-requests' => '1',
  'user-agent' => 'Mozilla/5.0 (Windows NT 10.0; Win64; x64) AppleWebKit/537.36 (KHTML, like Gecko) Chrome/59.0.3071.115 Safari/537.36',
  'accept' => 'text/html,application/xhtml+xml,application/xml;q=0.9,image/webp,image/apng,*/*;q=0.8',
  'referer' => 'http://loc.m.com/index.php/bis/login',
  'accept-encoding' => 'gzip, deflate',
  'accept-language' => 'zh-CN,zh;q=0.8',
  'cookie' => 'thinkphp_show_page_trace=0|0; thinkphp_show_page_trace=0|0; thinkphp_show_page_trace=0|0; OUTFOX_SEARCH_USER_ID_NCOO=978554766.5293875; PHPSESSID=066gkemudto9pumjqjeuiv4cb0',
)
[ info ] [ PARAM ] array (
)
[ info ] [ RUN ] app\bis\controller\Register->index[ E:\wamp64\www\duncan\application\bis\controller\Register.php ]
[ info ] [ DB ] INIT mysql
[ info ] [ VIEW ] E:\wamp64\www\duncan\public/../application/bis\view\register\index.html [ array (
  0 => 'citys',
  1 => 'categorys',
) ]
[ info ] [ LOG ] INIT File

---------------------------------------------------------------
[ 2017-07-19T15:33:34+08:00 ] 127.0.0.1 127.0.0.1 GET /index.php/bis/register/
[ log ] loc.m.com/index.php/bis/register/ [运行时间：0.151599s][吞吐率：6.60req/s] [内存消耗：4,352.70kb] [文件加载：57]
[ info ] [ LANG ] E:\wamp64\www\duncan\thinkphp\lang\zh-cn.php
[ info ] [ ROUTE ] array (
  'type' => 'module',
  'module' => 
  array (
    0 => 'bis',
    1 => 'register',
    2 => NULL,
  ),
)
[ info ] [ HEADER ] array (
  'host' => 'loc.m.com',
  'connection' => 'keep-alive',
  'x-requested-with' => 'ShockwaveFlash/26.0.0.137',
  'user-agent' => 'Mozilla/5.0 (Windows NT 10.0; Win64; x64) AppleWebKit/537.36 (KHTML, like Gecko) Chrome/59.0.3071.115 Safari/537.36',
  'accept' => '*/*',
  'referer' => 'http://loc.m.com/index.php/bis/register/index.html',
  'accept-encoding' => 'gzip, deflate',
  'accept-language' => 'zh-CN,zh;q=0.8',
  'cookie' => 'thinkphp_show_page_trace=0|0; thinkphp_show_page_trace=0|0; thinkphp_show_page_trace=0|0; OUTFOX_SEARCH_USER_ID_NCOO=978554766.5293875; PHPSESSID=066gkemudto9pumjqjeuiv4cb0',
)
[ info ] [ PARAM ] array (
)
[ info ] [ RUN ] app\bis\controller\Register->index[ E:\wamp64\www\duncan\application\bis\controller\Register.php ]
[ info ] [ DB ] INIT mysql
[ info ] [ VIEW ] E:\wamp64\www\duncan\public/../application/bis\view\register\index.html [ array (
  0 => 'citys',
  1 => 'categorys',
) ]
[ info ] [ LOG ] INIT File

---------------------------------------------------------------
[ 2017-07-19T15:33:35+08:00 ] 127.0.0.1 127.0.0.1 GET /index.php/bis/register/
[ log ] loc.m.com/index.php/bis/register/ [运行时间：0.218138s][吞吐率：4.58req/s] [内存消耗：4,352.70kb] [文件加载：57]
[ info ] [ LANG ] E:\wamp64\www\duncan\thinkphp\lang\zh-cn.php
[ info ] [ ROUTE ] array (
  'type' => 'module',
  'module' => 
  array (
    0 => 'bis',
    1 => 'register',
    2 => NULL,
  ),
)
[ info ] [ HEADER ] array (
  'host' => 'loc.m.com',
  'connection' => 'keep-alive',
  'x-requested-with' => 'ShockwaveFlash/26.0.0.137',
  'user-agent' => 'Mozilla/5.0 (Windows NT 10.0; Win64; x64) AppleWebKit/537.36 (KHTML, like Gecko) Chrome/59.0.3071.115 Safari/537.36',
  'accept' => '*/*',
  'referer' => 'http://loc.m.com/index.php/bis/register/index.html',
  'accept-encoding' => 'gzip, deflate',
  'accept-language' => 'zh-CN,zh;q=0.8',
  'cookie' => 'thinkphp_show_page_trace=0|0; thinkphp_show_page_trace=0|0; thinkphp_show_page_trace=0|0; OUTFOX_SEARCH_USER_ID_NCOO=978554766.5293875; PHPSESSID=066gkemudto9pumjqjeuiv4cb0',
)
[ info ] [ PARAM ] array (
)
[ info ] [ RUN ] app\bis\controller\Register->index[ E:\wamp64\www\duncan\application\bis\controller\Register.php ]
[ info ] [ DB ] INIT mysql
[ info ] [ VIEW ] E:\wamp64\www\duncan\public/../application/bis\view\register\index.html [ array (
  0 => 'citys',
  1 => 'categorys',
) ]
[ info ] [ LOG ] INIT File

---------------------------------------------------------------
[ 2017-07-19T15:51:10+08:00 ] 127.0.0.1 127.0.0.1 GET /index.php/bis/register/index.html
[ log ] loc.m.com/index.php/bis/register/index.html [运行时间：0.186156s][吞吐率：5.37req/s] [内存消耗：4,352.73kb] [文件加载：57]
[ info ] [ LANG ] E:\wamp64\www\duncan\thinkphp\lang\zh-cn.php
[ info ] [ ROUTE ] array (
  'type' => 'module',
  'module' => 
  array (
    0 => 'bis',
    1 => 'register',
    2 => 'index',
  ),
)
[ info ] [ HEADER ] array (
  'host' => 'loc.m.com',
  'connection' => 'keep-alive',
  'cache-control' => 'max-age=0',
  'upgrade-insecure-requests' => '1',
  'user-agent' => 'Mozilla/5.0 (Windows NT 10.0; Win64; x64) AppleWebKit/537.36 (KHTML, like Gecko) Chrome/59.0.3071.115 Safari/537.36',
  'accept' => 'text/html,application/xhtml+xml,application/xml;q=0.9,image/webp,image/apng,*/*;q=0.8',
  'referer' => 'http://loc.m.com/index.php/bis/login',
  'accept-encoding' => 'gzip, deflate',
  'accept-language' => 'zh-CN,zh;q=0.8',
  'cookie' => 'thinkphp_show_page_trace=0|0; thinkphp_show_page_trace=0|0; thinkphp_show_page_trace=0|0; OUTFOX_SEARCH_USER_ID_NCOO=978554766.5293875; PHPSESSID=066gkemudto9pumjqjeuiv4cb0',
)
[ info ] [ PARAM ] array (
)
[ info ] [ RUN ] app\bis\controller\Register->index[ E:\wamp64\www\duncan\application\bis\controller\Register.php ]
[ info ] [ DB ] INIT mysql
[ info ] [ VIEW ] E:\wamp64\www\duncan\public/../application/bis\view\register\index.html [ array (
  0 => 'citys',
  1 => 'categorys',
) ]
[ info ] [ LOG ] INIT File

---------------------------------------------------------------
[ 2017-07-19T15:51:13+08:00 ] 127.0.0.1 127.0.0.1 GET /index.php/bis/register/
[ log ] loc.m.com/index.php/bis/register/ [运行时间：0.150224s][吞吐率：6.66req/s] [内存消耗：4,352.70kb] [文件加载：57]
[ info ] [ LANG ] E:\wamp64\www\duncan\thinkphp\lang\zh-cn.php
[ info ] [ ROUTE ] array (
  'type' => 'module',
  'module' => 
  array (
    0 => 'bis',
    1 => 'register',
    2 => NULL,
  ),
)
[ info ] [ HEADER ] array (
  'host' => 'loc.m.com',
  'connection' => 'keep-alive',
  'x-requested-with' => 'ShockwaveFlash/26.0.0.137',
  'user-agent' => 'Mozilla/5.0 (Windows NT 10.0; Win64; x64) AppleWebKit/537.36 (KHTML, like Gecko) Chrome/59.0.3071.115 Safari/537.36',
  'accept' => '*/*',
  'referer' => 'http://loc.m.com/index.php/bis/register/index.html',
  'accept-encoding' => 'gzip, deflate',
  'accept-language' => 'zh-CN,zh;q=0.8',
  'cookie' => 'thinkphp_show_page_trace=0|0; thinkphp_show_page_trace=0|0; thinkphp_show_page_trace=0|0; OUTFOX_SEARCH_USER_ID_NCOO=978554766.5293875; PHPSESSID=066gkemudto9pumjqjeuiv4cb0',
)
[ info ] [ PARAM ] array (
)
[ info ] [ RUN ] app\bis\controller\Register->index[ E:\wamp64\www\duncan\application\bis\controller\Register.php ]
[ info ] [ DB ] INIT mysql
[ info ] [ VIEW ] E:\wamp64\www\duncan\public/../application/bis\view\register\index.html [ array (
  0 => 'citys',
  1 => 'categorys',
) ]
[ info ] [ LOG ] INIT File

---------------------------------------------------------------
[ 2017-07-19T15:51:13+08:00 ] 127.0.0.1 127.0.0.1 GET /index.php/bis/register/
[ log ] loc.m.com/index.php/bis/register/ [运行时间：0.140314s][吞吐率：7.13req/s] [内存消耗：4,352.70kb] [文件加载：57]
[ info ] [ LANG ] E:\wamp64\www\duncan\thinkphp\lang\zh-cn.php
[ info ] [ ROUTE ] array (
  'type' => 'module',
  'module' => 
  array (
    0 => 'bis',
    1 => 'register',
    2 => NULL,
  ),
)
[ info ] [ HEADER ] array (
  'host' => 'loc.m.com',
  'connection' => 'keep-alive',
  'x-requested-with' => 'ShockwaveFlash/26.0.0.137',
  'user-agent' => 'Mozilla/5.0 (Windows NT 10.0; Win64; x64) AppleWebKit/537.36 (KHTML, like Gecko) Chrome/59.0.3071.115 Safari/537.36',
  'accept' => '*/*',
  'referer' => 'http://loc.m.com/index.php/bis/register/index.html',
  'accept-encoding' => 'gzip, deflate',
  'accept-language' => 'zh-CN,zh;q=0.8',
  'cookie' => 'thinkphp_show_page_trace=0|0; thinkphp_show_page_trace=0|0; thinkphp_show_page_trace=0|0; OUTFOX_SEARCH_USER_ID_NCOO=978554766.5293875; PHPSESSID=066gkemudto9pumjqjeuiv4cb0',
)
[ info ] [ PARAM ] array (
)
[ info ] [ RUN ] app\bis\controller\Register->index[ E:\wamp64\www\duncan\application\bis\controller\Register.php ]
[ info ] [ DB ] INIT mysql
[ info ] [ VIEW ] E:\wamp64\www\duncan\public/../application/bis\view\register\index.html [ array (
  0 => 'citys',
  1 => 'categorys',
) ]
[ info ] [ LOG ] INIT File

---------------------------------------------------------------
[ 2017-07-19T15:51:16+08:00 ] 127.0.0.1 127.0.0.1 GET /index.php/bis/register/index.html
[ log ] loc.m.com/index.php/bis/register/index.html [运行时间：0.112983s][吞吐率：8.85req/s] [内存消耗：4,352.67kb] [文件加载：57]
[ info ] [ LANG ] E:\wamp64\www\duncan\thinkphp\lang\zh-cn.php
[ info ] [ ROUTE ] array (
  'type' => 'module',
  'module' => 
  array (
    0 => 'bis',
    1 => 'register',
    2 => 'index',
  ),
)
[ info ] [ HEADER ] array (
  'host' => 'loc.m.com',
  'connection' => 'keep-alive',
  'cache-control' => 'max-age=0',
  'upgrade-insecure-requests' => '1',
  'user-agent' => 'Mozilla/5.0 (Windows NT 10.0; Win64; x64) AppleWebKit/537.36 (KHTML, like Gecko) Chrome/59.0.3071.115 Safari/537.36',
  'accept' => 'text/html,application/xhtml+xml,application/xml;q=0.9,image/webp,image/apng,*/*;q=0.8',
  'referer' => 'http://loc.m.com/index.php/bis/login',
  'accept-encoding' => 'gzip, deflate',
  'accept-language' => 'zh-CN,zh;q=0.8',
  'cookie' => 'thinkphp_show_page_trace=0|0; thinkphp_show_page_trace=0|0; thinkphp_show_page_trace=0|0; OUTFOX_SEARCH_USER_ID_NCOO=978554766.5293875; PHPSESSID=066gkemudto9pumjqjeuiv4cb0',
)
[ info ] [ PARAM ] array (
)
[ info ] [ RUN ] app\bis\controller\Register->index[ E:\wamp64\www\duncan\application\bis\controller\Register.php ]
[ info ] [ DB ] INIT mysql
[ info ] [ VIEW ] E:\wamp64\www\duncan\public/../application/bis\view\register\index.html [ array (
  0 => 'citys',
  1 => 'categorys',
) ]
[ info ] [ LOG ] INIT File

---------------------------------------------------------------
[ 2017-07-19T15:51:18+08:00 ] 127.0.0.1 127.0.0.1 GET /index.php/bis/register/
[ log ] loc.m.com/index.php/bis/register/ [运行时间：0.158099s][吞吐率：6.33req/s] [内存消耗：4,352.70kb] [文件加载：57]
[ info ] [ LANG ] E:\wamp64\www\duncan\thinkphp\lang\zh-cn.php
[ info ] [ ROUTE ] array (
  'type' => 'module',
  'module' => 
  array (
    0 => 'bis',
    1 => 'register',
    2 => NULL,
  ),
)
[ info ] [ HEADER ] array (
  'host' => 'loc.m.com',
  'connection' => 'keep-alive',
  'x-requested-with' => 'ShockwaveFlash/26.0.0.137',
  'user-agent' => 'Mozilla/5.0 (Windows NT 10.0; Win64; x64) AppleWebKit/537.36 (KHTML, like Gecko) Chrome/59.0.3071.115 Safari/537.36',
  'accept' => '*/*',
  'referer' => 'http://loc.m.com/index.php/bis/register/index.html',
  'accept-encoding' => 'gzip, deflate',
  'accept-language' => 'zh-CN,zh;q=0.8',
  'cookie' => 'thinkphp_show_page_trace=0|0; thinkphp_show_page_trace=0|0; thinkphp_show_page_trace=0|0; OUTFOX_SEARCH_USER_ID_NCOO=978554766.5293875; PHPSESSID=066gkemudto9pumjqjeuiv4cb0',
)
[ info ] [ PARAM ] array (
)
[ info ] [ RUN ] app\bis\controller\Register->index[ E:\wamp64\www\duncan\application\bis\controller\Register.php ]
[ info ] [ DB ] INIT mysql
[ info ] [ VIEW ] E:\wamp64\www\duncan\public/../application/bis\view\register\index.html [ array (
  0 => 'citys',
  1 => 'categorys',
) ]
[ info ] [ LOG ] INIT File

---------------------------------------------------------------
[ 2017-07-19T15:51:19+08:00 ] 127.0.0.1 127.0.0.1 GET /index.php/bis/register/
[ log ] loc.m.com/index.php/bis/register/ [运行时间：0.180790s][吞吐率：5.53req/s] [内存消耗：4,352.70kb] [文件加载：57]
[ info ] [ LANG ] E:\wamp64\www\duncan\thinkphp\lang\zh-cn.php
[ info ] [ ROUTE ] array (
  'type' => 'module',
  'module' => 
  array (
    0 => 'bis',
    1 => 'register',
    2 => NULL,
  ),
)
[ info ] [ HEADER ] array (
  'host' => 'loc.m.com',
  'connection' => 'keep-alive',
  'x-requested-with' => 'ShockwaveFlash/26.0.0.137',
  'user-agent' => 'Mozilla/5.0 (Windows NT 10.0; Win64; x64) AppleWebKit/537.36 (KHTML, like Gecko) Chrome/59.0.3071.115 Safari/537.36',
  'accept' => '*/*',
  'referer' => 'http://loc.m.com/index.php/bis/register/index.html',
  'accept-encoding' => 'gzip, deflate',
  'accept-language' => 'zh-CN,zh;q=0.8',
  'cookie' => 'thinkphp_show_page_trace=0|0; thinkphp_show_page_trace=0|0; thinkphp_show_page_trace=0|0; OUTFOX_SEARCH_USER_ID_NCOO=978554766.5293875; PHPSESSID=066gkemudto9pumjqjeuiv4cb0',
)
[ info ] [ PARAM ] array (
)
[ info ] [ RUN ] app\bis\controller\Register->index[ E:\wamp64\www\duncan\application\bis\controller\Register.php ]
[ info ] [ DB ] INIT mysql
[ info ] [ VIEW ] E:\wamp64\www\duncan\public/../application/bis\view\register\index.html [ array (
  0 => 'citys',
  1 => 'categorys',
) ]
[ info ] [ LOG ] INIT File

---------------------------------------------------------------
[ 2017-07-19T15:51:52+08:00 ] 127.0.0.1 127.0.0.1 GET /index.php/bis/register/index.html
[ log ] loc.m.com/index.php/bis/register/index.html [运行时间：0.146715s][吞吐率：6.82req/s] [内存消耗：4,352.73kb] [文件加载：57]
[ info ] [ LANG ] E:\wamp64\www\duncan\thinkphp\lang\zh-cn.php
[ info ] [ ROUTE ] array (
  'type' => 'module',
  'module' => 
  array (
    0 => 'bis',
    1 => 'register',
    2 => 'index',
  ),
)
[ info ] [ HEADER ] array (
  'host' => 'loc.m.com',
  'connection' => 'keep-alive',
  'cache-control' => 'max-age=0',
  'upgrade-insecure-requests' => '1',
  'user-agent' => 'Mozilla/5.0 (Windows NT 10.0; Win64; x64) AppleWebKit/537.36 (KHTML, like Gecko) Chrome/59.0.3071.115 Safari/537.36',
  'accept' => 'text/html,application/xhtml+xml,application/xml;q=0.9,image/webp,image/apng,*/*;q=0.8',
  'referer' => 'http://loc.m.com/index.php/bis/login',
  'accept-encoding' => 'gzip, deflate',
  'accept-language' => 'zh-CN,zh;q=0.8',
  'cookie' => 'thinkphp_show_page_trace=0|0; thinkphp_show_page_trace=0|0; thinkphp_show_page_trace=0|0; OUTFOX_SEARCH_USER_ID_NCOO=978554766.5293875; PHPSESSID=066gkemudto9pumjqjeuiv4cb0',
)
[ info ] [ PARAM ] array (
)
[ info ] [ RUN ] app\bis\controller\Register->index[ E:\wamp64\www\duncan\application\bis\controller\Register.php ]
[ info ] [ DB ] INIT mysql
[ info ] [ VIEW ] E:\wamp64\www\duncan\public/../application/bis\view\register\index.html [ array (
  0 => 'citys',
  1 => 'categorys',
) ]
[ info ] [ LOG ] INIT File

---------------------------------------------------------------
[ 2017-07-19T15:51:54+08:00 ] 127.0.0.1 127.0.0.1 GET /index.php/bis/register/
[ log ] loc.m.com/index.php/bis/register/ [运行时间：0.144450s][吞吐率：6.92req/s] [内存消耗：4,352.70kb] [文件加载：57]
[ info ] [ LANG ] E:\wamp64\www\duncan\thinkphp\lang\zh-cn.php
[ info ] [ ROUTE ] array (
  'type' => 'module',
  'module' => 
  array (
    0 => 'bis',
    1 => 'register',
    2 => NULL,
  ),
)
[ info ] [ HEADER ] array (
  'host' => 'loc.m.com',
  'connection' => 'keep-alive',
  'x-requested-with' => 'ShockwaveFlash/26.0.0.137',
  'user-agent' => 'Mozilla/5.0 (Windows NT 10.0; Win64; x64) AppleWebKit/537.36 (KHTML, like Gecko) Chrome/59.0.3071.115 Safari/537.36',
  'accept' => '*/*',
  'referer' => 'http://loc.m.com/index.php/bis/register/index.html',
  'accept-encoding' => 'gzip, deflate',
  'accept-language' => 'zh-CN,zh;q=0.8',
  'cookie' => 'thinkphp_show_page_trace=0|0; thinkphp_show_page_trace=0|0; thinkphp_show_page_trace=0|0; OUTFOX_SEARCH_USER_ID_NCOO=978554766.5293875; PHPSESSID=066gkemudto9pumjqjeuiv4cb0',
)
[ info ] [ PARAM ] array (
)
[ info ] [ RUN ] app\bis\controller\Register->index[ E:\wamp64\www\duncan\application\bis\controller\Register.php ]
[ info ] [ DB ] INIT mysql
[ info ] [ VIEW ] E:\wamp64\www\duncan\public/../application/bis\view\register\index.html [ array (
  0 => 'citys',
  1 => 'categorys',
) ]
[ info ] [ LOG ] INIT File

---------------------------------------------------------------
[ 2017-07-19T15:51:55+08:00 ] 127.0.0.1 127.0.0.1 GET /index.php/bis/register/
[ log ] loc.m.com/index.php/bis/register/ [运行时间：0.194064s][吞吐率：5.15req/s] [内存消耗：4,352.70kb] [文件加载：57]
[ info ] [ LANG ] E:\wamp64\www\duncan\thinkphp\lang\zh-cn.php
[ info ] [ ROUTE ] array (
  'type' => 'module',
  'module' => 
  array (
    0 => 'bis',
    1 => 'register',
    2 => NULL,
  ),
)
[ info ] [ HEADER ] array (
  'host' => 'loc.m.com',
  'connection' => 'keep-alive',
  'x-requested-with' => 'ShockwaveFlash/26.0.0.137',
  'user-agent' => 'Mozilla/5.0 (Windows NT 10.0; Win64; x64) AppleWebKit/537.36 (KHTML, like Gecko) Chrome/59.0.3071.115 Safari/537.36',
  'accept' => '*/*',
  'referer' => 'http://loc.m.com/index.php/bis/register/index.html',
  'accept-encoding' => 'gzip, deflate',
  'accept-language' => 'zh-CN,zh;q=0.8',
  'cookie' => 'thinkphp_show_page_trace=0|0; thinkphp_show_page_trace=0|0; thinkphp_show_page_trace=0|0; OUTFOX_SEARCH_USER_ID_NCOO=978554766.5293875; PHPSESSID=066gkemudto9pumjqjeuiv4cb0',
)
[ info ] [ PARAM ] array (
)
[ info ] [ RUN ] app\bis\controller\Register->index[ E:\wamp64\www\duncan\application\bis\controller\Register.php ]
[ info ] [ DB ] INIT mysql
[ info ] [ VIEW ] E:\wamp64\www\duncan\public/../application/bis\view\register\index.html [ array (
  0 => 'citys',
  1 => 'categorys',
) ]
[ info ] [ LOG ] INIT File

---------------------------------------------------------------
[ 2017-07-19T15:54:32+08:00 ] 127.0.0.1 127.0.0.1 GET /index.php/bis/register/index.html
[ log ] loc.m.com/index.php/bis/register/index.html [运行时间：0.179455s][吞吐率：5.57req/s] [内存消耗：4,352.73kb] [文件加载：57]
[ info ] [ LANG ] E:\wamp64\www\duncan\thinkphp\lang\zh-cn.php
[ info ] [ ROUTE ] array (
  'type' => 'module',
  'module' => 
  array (
    0 => 'bis',
    1 => 'register',
    2 => 'index',
  ),
)
[ info ] [ HEADER ] array (
  'host' => 'loc.m.com',
  'connection' => 'keep-alive',
  'cache-control' => 'max-age=0',
  'upgrade-insecure-requests' => '1',
  'user-agent' => 'Mozilla/5.0 (Windows NT 10.0; Win64; x64) AppleWebKit/537.36 (KHTML, like Gecko) Chrome/59.0.3071.115 Safari/537.36',
  'accept' => 'text/html,application/xhtml+xml,application/xml;q=0.9,image/webp,image/apng,*/*;q=0.8',
  'referer' => 'http://loc.m.com/index.php/bis/login',
  'accept-encoding' => 'gzip, deflate',
  'accept-language' => 'zh-CN,zh;q=0.8',
  'cookie' => 'thinkphp_show_page_trace=0|0; thinkphp_show_page_trace=0|0; thinkphp_show_page_trace=0|0; OUTFOX_SEARCH_USER_ID_NCOO=978554766.5293875; PHPSESSID=066gkemudto9pumjqjeuiv4cb0',
)
[ info ] [ PARAM ] array (
)
[ info ] [ RUN ] app\bis\controller\Register->index[ E:\wamp64\www\duncan\application\bis\controller\Register.php ]
[ info ] [ DB ] INIT mysql
[ info ] [ VIEW ] E:\wamp64\www\duncan\public/../application/bis\view\register\index.html [ array (
  0 => 'citys',
  1 => 'categorys',
) ]
[ info ] [ LOG ] INIT File

---------------------------------------------------------------
[ 2017-07-19T15:54:34+08:00 ] 127.0.0.1 127.0.0.1 GET /index.php/bis/register/
[ log ] loc.m.com/index.php/bis/register/ [运行时间：0.160653s][吞吐率：6.22req/s] [内存消耗：4,352.70kb] [文件加载：57]
[ info ] [ LANG ] E:\wamp64\www\duncan\thinkphp\lang\zh-cn.php
[ info ] [ ROUTE ] array (
  'type' => 'module',
  'module' => 
  array (
    0 => 'bis',
    1 => 'register',
    2 => NULL,
  ),
)
[ info ] [ HEADER ] array (
  'host' => 'loc.m.com',
  'connection' => 'keep-alive',
  'x-requested-with' => 'ShockwaveFlash/26.0.0.137',
  'user-agent' => 'Mozilla/5.0 (Windows NT 10.0; Win64; x64) AppleWebKit/537.36 (KHTML, like Gecko) Chrome/59.0.3071.115 Safari/537.36',
  'accept' => '*/*',
  'referer' => 'http://loc.m.com/index.php/bis/register/index.html',
  'accept-encoding' => 'gzip, deflate',
  'accept-language' => 'zh-CN,zh;q=0.8',
  'cookie' => 'thinkphp_show_page_trace=0|0; thinkphp_show_page_trace=0|0; thinkphp_show_page_trace=0|0; OUTFOX_SEARCH_USER_ID_NCOO=978554766.5293875; PHPSESSID=066gkemudto9pumjqjeuiv4cb0',
)
[ info ] [ PARAM ] array (
)
[ info ] [ RUN ] app\bis\controller\Register->index[ E:\wamp64\www\duncan\application\bis\controller\Register.php ]
[ info ] [ DB ] INIT mysql
[ info ] [ VIEW ] E:\wamp64\www\duncan\public/../application/bis\view\register\index.html [ array (
  0 => 'citys',
  1 => 'categorys',
) ]
[ info ] [ LOG ] INIT File

---------------------------------------------------------------
[ 2017-07-19T15:54:34+08:00 ] 127.0.0.1 127.0.0.1 GET /index.php/bis/register/
[ log ] loc.m.com/index.php/bis/register/ [运行时间：0.142699s][吞吐率：7.01req/s] [内存消耗：4,352.70kb] [文件加载：57]
[ info ] [ LANG ] E:\wamp64\www\duncan\thinkphp\lang\zh-cn.php
[ info ] [ ROUTE ] array (
  'type' => 'module',
  'module' => 
  array (
    0 => 'bis',
    1 => 'register',
    2 => NULL,
  ),
)
[ info ] [ HEADER ] array (
  'host' => 'loc.m.com',
  'connection' => 'keep-alive',
  'x-requested-with' => 'ShockwaveFlash/26.0.0.137',
  'user-agent' => 'Mozilla/5.0 (Windows NT 10.0; Win64; x64) AppleWebKit/537.36 (KHTML, like Gecko) Chrome/59.0.3071.115 Safari/537.36',
  'accept' => '*/*',
  'referer' => 'http://loc.m.com/index.php/bis/register/index.html',
  'accept-encoding' => 'gzip, deflate',
  'accept-language' => 'zh-CN,zh;q=0.8',
  'cookie' => 'thinkphp_show_page_trace=0|0; thinkphp_show_page_trace=0|0; thinkphp_show_page_trace=0|0; OUTFOX_SEARCH_USER_ID_NCOO=978554766.5293875; PHPSESSID=066gkemudto9pumjqjeuiv4cb0',
)
[ info ] [ PARAM ] array (
)
[ info ] [ RUN ] app\bis\controller\Register->index[ E:\wamp64\www\duncan\application\bis\controller\Register.php ]
[ info ] [ DB ] INIT mysql
[ info ] [ VIEW ] E:\wamp64\www\duncan\public/../application/bis\view\register\index.html [ array (
  0 => 'citys',
  1 => 'categorys',
) ]
[ info ] [ LOG ] INIT File

---------------------------------------------------------------
[ 2017-07-19T15:54:37+08:00 ] 127.0.0.1 127.0.0.1 POST /index.php/api/image/upload.html
[ log ] loc.m.com/index.php/api/image/upload.html [运行时间：0.324386s][吞吐率：3.08req/s] [内存消耗：2,720.88kb] [文件加载：46]
[ info ] [ LANG ] E:\wamp64\www\duncan\thinkphp\lang\zh-cn.php
[ info ] [ ROUTE ] array (
  'type' => 'module',
  'module' => 
  array (
    0 => 'api',
    1 => 'image',
    2 => 'upload',
  ),
)
[ info ] [ HEADER ] array (
  'host' => 'loc.m.com',
  'connection' => 'keep-alive',
  'content-length' => '152410',
  'origin' => 'http://loc.m.com',
  'x-requested-with' => 'ShockwaveFlash/26.0.0.137',
  'user-agent' => 'Mozilla/5.0 (Windows NT 10.0; Win64; x64) AppleWebKit/537.36 (KHTML, like Gecko) Chrome/59.0.3071.115 Safari/537.36',
  'content-type' => 'multipart/form-data; boundary=----------KM7GI3ae0Ef1gL6GI3Ef1cH2ae0Ij5',
  'accept' => '*/*',
  'referer' => 'http://loc.m.com/index.php/bis/register/index.html',
  'accept-encoding' => 'gzip, deflate',
  'accept-language' => 'zh-CN,zh;q=0.8',
  'cookie' => 'thinkphp_show_page_trace=0|0; OUTFOX_SEARCH_USER_ID_NCOO=978554766.5293875; PHPSESSID=066gkemudto9pumjqjeuiv4cb0',
)
[ info ] [ PARAM ] array (
  'Filename' => 'timg.jpg',
  'Upload' => 'Submit Query',
)
[ info ] [ RUN ] app\api\controller\Image->upload[ E:\wamp64\www\duncan\application\api\controller\Image.php ]
[ info ] [ LOG ] INIT File

---------------------------------------------------------------
[ 2017-07-19T15:55:56+08:00 ] 127.0.0.1 127.0.0.1 GET /index.php/bis/register/index.html
[ log ] loc.m.com/index.php/bis/register/index.html [运行时间：0.146144s][吞吐率：6.84req/s] [内存消耗：4,352.73kb] [文件加载：57]
[ info ] [ LANG ] E:\wamp64\www\duncan\thinkphp\lang\zh-cn.php
[ info ] [ ROUTE ] array (
  'type' => 'module',
  'module' => 
  array (
    0 => 'bis',
    1 => 'register',
    2 => 'index',
  ),
)
[ info ] [ HEADER ] array (
  'host' => 'loc.m.com',
  'connection' => 'keep-alive',
  'cache-control' => 'max-age=0',
  'upgrade-insecure-requests' => '1',
  'user-agent' => 'Mozilla/5.0 (Windows NT 10.0; Win64; x64) AppleWebKit/537.36 (KHTML, like Gecko) Chrome/59.0.3071.115 Safari/537.36',
  'accept' => 'text/html,application/xhtml+xml,application/xml;q=0.9,image/webp,image/apng,*/*;q=0.8',
  'referer' => 'http://loc.m.com/index.php/bis/login',
  'accept-encoding' => 'gzip, deflate',
  'accept-language' => 'zh-CN,zh;q=0.8',
  'cookie' => 'thinkphp_show_page_trace=0|0; thinkphp_show_page_trace=0|0; thinkphp_show_page_trace=0|0; OUTFOX_SEARCH_USER_ID_NCOO=978554766.5293875; PHPSESSID=066gkemudto9pumjqjeuiv4cb0',
)
[ info ] [ PARAM ] array (
)
[ info ] [ RUN ] app\bis\controller\Register->index[ E:\wamp64\www\duncan\application\bis\controller\Register.php ]
[ info ] [ DB ] INIT mysql
[ info ] [ VIEW ] E:\wamp64\www\duncan\public/../application/bis\view\register\index.html [ array (
  0 => 'citys',
  1 => 'categorys',
) ]
[ info ] [ LOG ] INIT File

---------------------------------------------------------------
[ 2017-07-19T15:55:59+08:00 ] 127.0.0.1 127.0.0.1 GET /index.php/bis/register/
[ log ] loc.m.com/index.php/bis/register/ [运行时间：0.156034s][吞吐率：6.41req/s] [内存消耗：4,352.70kb] [文件加载：57]
[ info ] [ LANG ] E:\wamp64\www\duncan\thinkphp\lang\zh-cn.php
[ info ] [ ROUTE ] array (
  'type' => 'module',
  'module' => 
  array (
    0 => 'bis',
    1 => 'register',
    2 => NULL,
  ),
)
[ info ] [ HEADER ] array (
  'host' => 'loc.m.com',
  'connection' => 'keep-alive',
  'x-requested-with' => 'ShockwaveFlash/26.0.0.137',
  'user-agent' => 'Mozilla/5.0 (Windows NT 10.0; Win64; x64) AppleWebKit/537.36 (KHTML, like Gecko) Chrome/59.0.3071.115 Safari/537.36',
  'accept' => '*/*',
  'referer' => 'http://loc.m.com/index.php/bis/register/index.html',
  'accept-encoding' => 'gzip, deflate',
  'accept-language' => 'zh-CN,zh;q=0.8',
  'cookie' => 'thinkphp_show_page_trace=0|0; thinkphp_show_page_trace=0|0; thinkphp_show_page_trace=0|0; OUTFOX_SEARCH_USER_ID_NCOO=978554766.5293875; PHPSESSID=066gkemudto9pumjqjeuiv4cb0',
)
[ info ] [ PARAM ] array (
)
[ info ] [ RUN ] app\bis\controller\Register->index[ E:\wamp64\www\duncan\application\bis\controller\Register.php ]
[ info ] [ DB ] INIT mysql
[ info ] [ VIEW ] E:\wamp64\www\duncan\public/../application/bis\view\register\index.html [ array (
  0 => 'citys',
  1 => 'categorys',
) ]
[ info ] [ LOG ] INIT File

---------------------------------------------------------------
[ 2017-07-19T15:56:00+08:00 ] 127.0.0.1 127.0.0.1 GET /index.php/bis/register/
[ log ] loc.m.com/index.php/bis/register/ [运行时间：0.192591s][吞吐率：5.19req/s] [内存消耗：4,352.70kb] [文件加载：57]
[ info ] [ LANG ] E:\wamp64\www\duncan\thinkphp\lang\zh-cn.php
[ info ] [ ROUTE ] array (
  'type' => 'module',
  'module' => 
  array (
    0 => 'bis',
    1 => 'register',
    2 => NULL,
  ),
)
[ info ] [ HEADER ] array (
  'host' => 'loc.m.com',
  'connection' => 'keep-alive',
  'x-requested-with' => 'ShockwaveFlash/26.0.0.137',
  'user-agent' => 'Mozilla/5.0 (Windows NT 10.0; Win64; x64) AppleWebKit/537.36 (KHTML, like Gecko) Chrome/59.0.3071.115 Safari/537.36',
  'accept' => '*/*',
  'referer' => 'http://loc.m.com/index.php/bis/register/index.html',
  'accept-encoding' => 'gzip, deflate',
  'accept-language' => 'zh-CN,zh;q=0.8',
  'cookie' => 'thinkphp_show_page_trace=0|0; thinkphp_show_page_trace=0|0; thinkphp_show_page_trace=0|0; OUTFOX_SEARCH_USER_ID_NCOO=978554766.5293875; PHPSESSID=066gkemudto9pumjqjeuiv4cb0',
)
[ info ] [ PARAM ] array (
)
[ info ] [ RUN ] app\bis\controller\Register->index[ E:\wamp64\www\duncan\application\bis\controller\Register.php ]
[ info ] [ DB ] INIT mysql
[ info ] [ VIEW ] E:\wamp64\www\duncan\public/../application/bis\view\register\index.html [ array (
  0 => 'citys',
  1 => 'categorys',
) ]
[ info ] [ LOG ] INIT File

---------------------------------------------------------------
[ 2017-07-19T16:07:35+08:00 ] 127.0.0.1 127.0.0.1 GET /index.php/bis/register/index.html
[ log ] loc.m.com/index.php/bis/register/index.html [运行时间：0.159416s][吞吐率：6.27req/s] [内存消耗：4,352.73kb] [文件加载：57]
[ info ] [ LANG ] E:\wamp64\www\duncan\thinkphp\lang\zh-cn.php
[ info ] [ ROUTE ] array (
  'type' => 'module',
  'module' => 
  array (
    0 => 'bis',
    1 => 'register',
    2 => 'index',
  ),
)
[ info ] [ HEADER ] array (
  'host' => 'loc.m.com',
  'connection' => 'keep-alive',
  'cache-control' => 'max-age=0',
  'upgrade-insecure-requests' => '1',
  'user-agent' => 'Mozilla/5.0 (Windows NT 10.0; Win64; x64) AppleWebKit/537.36 (KHTML, like Gecko) Chrome/59.0.3071.115 Safari/537.36',
  'accept' => 'text/html,application/xhtml+xml,application/xml;q=0.9,image/webp,image/apng,*/*;q=0.8',
  'referer' => 'http://loc.m.com/index.php/bis/login',
  'accept-encoding' => 'gzip, deflate',
  'accept-language' => 'zh-CN,zh;q=0.8',
  'cookie' => 'thinkphp_show_page_trace=0|0; thinkphp_show_page_trace=0|0; thinkphp_show_page_trace=0|0; OUTFOX_SEARCH_USER_ID_NCOO=978554766.5293875; PHPSESSID=066gkemudto9pumjqjeuiv4cb0',
)
[ info ] [ PARAM ] array (
)
[ info ] [ RUN ] app\bis\controller\Register->index[ E:\wamp64\www\duncan\application\bis\controller\Register.php ]
[ info ] [ DB ] INIT mysql
[ info ] [ VIEW ] E:\wamp64\www\duncan\public/../application/bis\view\register\index.html [ array (
  0 => 'citys',
  1 => 'categorys',
) ]
[ info ] [ LOG ] INIT File

---------------------------------------------------------------
[ 2017-07-19T16:07:37+08:00 ] 127.0.0.1 127.0.0.1 GET /index.php/bis/register/
[ log ] loc.m.com/index.php/bis/register/ [运行时间：0.219381s][吞吐率：4.56req/s] [内存消耗：4,352.70kb] [文件加载：57]
[ info ] [ LANG ] E:\wamp64\www\duncan\thinkphp\lang\zh-cn.php
[ info ] [ ROUTE ] array (
  'type' => 'module',
  'module' => 
  array (
    0 => 'bis',
    1 => 'register',
    2 => NULL,
  ),
)
[ info ] [ HEADER ] array (
  'host' => 'loc.m.com',
  'connection' => 'keep-alive',
  'x-requested-with' => 'ShockwaveFlash/26.0.0.137',
  'user-agent' => 'Mozilla/5.0 (Windows NT 10.0; Win64; x64) AppleWebKit/537.36 (KHTML, like Gecko) Chrome/59.0.3071.115 Safari/537.36',
  'accept' => '*/*',
  'referer' => 'http://loc.m.com/index.php/bis/register/index.html',
  'accept-encoding' => 'gzip, deflate',
  'accept-language' => 'zh-CN,zh;q=0.8',
  'cookie' => 'thinkphp_show_page_trace=0|0; thinkphp_show_page_trace=0|0; thinkphp_show_page_trace=0|0; OUTFOX_SEARCH_USER_ID_NCOO=978554766.5293875; PHPSESSID=066gkemudto9pumjqjeuiv4cb0',
)
[ info ] [ PARAM ] array (
)
[ info ] [ RUN ] app\bis\controller\Register->index[ E:\wamp64\www\duncan\application\bis\controller\Register.php ]
[ info ] [ DB ] INIT mysql
[ info ] [ VIEW ] E:\wamp64\www\duncan\public/../application/bis\view\register\index.html [ array (
  0 => 'citys',
  1 => 'categorys',
) ]
[ info ] [ LOG ] INIT File

---------------------------------------------------------------
[ 2017-07-19T16:07:38+08:00 ] 127.0.0.1 127.0.0.1 GET /index.php/bis/register/
[ log ] loc.m.com/index.php/bis/register/ [运行时间：0.147493s][吞吐率：6.78req/s] [内存消耗：4,352.70kb] [文件加载：57]
[ info ] [ LANG ] E:\wamp64\www\duncan\thinkphp\lang\zh-cn.php
[ info ] [ ROUTE ] array (
  'type' => 'module',
  'module' => 
  array (
    0 => 'bis',
    1 => 'register',
    2 => NULL,
  ),
)
[ info ] [ HEADER ] array (
  'host' => 'loc.m.com',
  'connection' => 'keep-alive',
  'x-requested-with' => 'ShockwaveFlash/26.0.0.137',
  'user-agent' => 'Mozilla/5.0 (Windows NT 10.0; Win64; x64) AppleWebKit/537.36 (KHTML, like Gecko) Chrome/59.0.3071.115 Safari/537.36',
  'accept' => '*/*',
  'referer' => 'http://loc.m.com/index.php/bis/register/index.html',
  'accept-encoding' => 'gzip, deflate',
  'accept-language' => 'zh-CN,zh;q=0.8',
  'cookie' => 'thinkphp_show_page_trace=0|0; thinkphp_show_page_trace=0|0; thinkphp_show_page_trace=0|0; OUTFOX_SEARCH_USER_ID_NCOO=978554766.5293875; PHPSESSID=066gkemudto9pumjqjeuiv4cb0',
)
[ info ] [ PARAM ] array (
)
[ info ] [ RUN ] app\bis\controller\Register->index[ E:\wamp64\www\duncan\application\bis\controller\Register.php ]
[ info ] [ DB ] INIT mysql
[ info ] [ VIEW ] E:\wamp64\www\duncan\public/../application/bis\view\register\index.html [ array (
  0 => 'citys',
  1 => 'categorys',
) ]
[ info ] [ LOG ] INIT File

---------------------------------------------------------------
[ 2017-07-19T16:07:41+08:00 ] 127.0.0.1 127.0.0.1 POST /index.php/api/image/upload.html
[ log ] loc.m.com/index.php/api/image/upload.html [运行时间：0.137327s][吞吐率：7.28req/s] [内存消耗：2,720.88kb] [文件加载：46]
[ info ] [ LANG ] E:\wamp64\www\duncan\thinkphp\lang\zh-cn.php
[ info ] [ ROUTE ] array (
  'type' => 'module',
  'module' => 
  array (
    0 => 'api',
    1 => 'image',
    2 => 'upload',
  ),
)
[ info ] [ HEADER ] array (
  'host' => 'loc.m.com',
  'connection' => 'keep-alive',
  'content-length' => '152410',
  'origin' => 'http://loc.m.com',
  'x-requested-with' => 'ShockwaveFlash/26.0.0.137',
  'user-agent' => 'Mozilla/5.0 (Windows NT 10.0; Win64; x64) AppleWebKit/537.36 (KHTML, like Gecko) Chrome/59.0.3071.115 Safari/537.36',
  'content-type' => 'multipart/form-data; boundary=----------KM7ei4ei4Ij5GI3Ef1GI3ei4cH2ei4',
  'accept' => '*/*',
  'referer' => 'http://loc.m.com/index.php/bis/register/index.html',
  'accept-encoding' => 'gzip, deflate',
  'accept-language' => 'zh-CN,zh;q=0.8',
  'cookie' => 'thinkphp_show_page_trace=0|0; OUTFOX_SEARCH_USER_ID_NCOO=978554766.5293875; PHPSESSID=066gkemudto9pumjqjeuiv4cb0',
)
[ info ] [ PARAM ] array (
  'Filename' => 'timg.jpg',
  'Upload' => 'Submit Query',
)
[ info ] [ RUN ] app\api\controller\Image->upload[ E:\wamp64\www\duncan\application\api\controller\Image.php ]
[ info ] [ LOG ] INIT File

---------------------------------------------------------------
[ 2017-07-19T16:21:47+08:00 ] 127.0.0.1 127.0.0.1 POST /index.php/api/image/upload.html
[ log ] loc.m.com/index.php/api/image/upload.html [运行时间：0.130977s][吞吐率：7.63req/s] [内存消耗：2,720.88kb] [文件加载：46]
[ info ] [ LANG ] E:\wamp64\www\duncan\thinkphp\lang\zh-cn.php
[ info ] [ ROUTE ] array (
  'type' => 'module',
  'module' => 
  array (
    0 => 'api',
    1 => 'image',
    2 => 'upload',
  ),
)
[ info ] [ HEADER ] array (
  'host' => 'loc.m.com',
  'connection' => 'keep-alive',
  'content-length' => '152410',
  'origin' => 'http://loc.m.com',
  'x-requested-with' => 'ShockwaveFlash/26.0.0.137',
  'user-agent' => 'Mozilla/5.0 (Windows NT 10.0; Win64; x64) AppleWebKit/537.36 (KHTML, like Gecko) Chrome/59.0.3071.115 Safari/537.36',
  'content-type' => 'multipart/form-data; boundary=----------Ef1Ef1Ij5GI3Ef1ae0KM7Ef1cH2ei4',
  'accept' => '*/*',
  'referer' => 'http://loc.m.com/index.php/bis/register/index.html',
  'accept-encoding' => 'gzip, deflate',
  'accept-language' => 'zh-CN,zh;q=0.8',
  'cookie' => 'thinkphp_show_page_trace=0|0; OUTFOX_SEARCH_USER_ID_NCOO=978554766.5293875; PHPSESSID=066gkemudto9pumjqjeuiv4cb0',
)
[ info ] [ PARAM ] array (
  'Filename' => 'timg.jpg',
  'Upload' => 'Submit Query',
)
[ info ] [ RUN ] app\api\controller\Image->upload[ E:\wamp64\www\duncan\application\api\controller\Image.php ]
[ info ] [ LOG ] INIT File

---------------------------------------------------------------
