[ 2017-07-19T14:17:13+08:00 ] 10.105.23.187 122.96.140.194 GET /index.php
[ sql ] [ DB ] CONNECT:[ UseTime:0.000198s ] mysql:dbname=o2o;host=localhost;port=3306;charset=utf8
[ sql ] [ SQL ] SHOW COLUMNS FROM `o2o_city` [ RunTime:0.000615s ]
[ sql ] [ SQL ] SELECT * FROM `o2o_city` WHERE  `status` = 1  AND `parent_id` > 0 ORDER BY `id`  desc [ RunTime:0.000211s ]
[ sql ] [ SQL ] SELECT * FROM `o2o_city` WHERE  `uname` = 'nanchang' LIMIT 1 [ RunTime:0.000130s ]
[ sql ] [ SQL ] SHOW COLUMNS FROM `o2o_category` [ RunTime:0.000476s ]
[ sql ] [ SQL ] SELECT * FROM `o2o_category` WHERE  `parent_id` = 0  AND `status` = 1 ORDER BY `listorder`  desc,`id`  desc LIMIT 5 [ RunTime:0.000138s ]
[ sql ] [ SQL ] SELECT * FROM `o2o_category` WHERE  `parent_id` IN (2,5,1,14)  AND `status` = 1 ORDER BY `listorder`  desc,`id`  desc [ RunTime:0.000141s ]
[ sql ] [ SQL ] SHOW COLUMNS FROM `o2o_deal` [ RunTime:0.000653s ]
[ sql ] [ SQL ] SELECT * FROM `o2o_deal` WHERE  `end_time` > 1500445033  AND `category_id` = 1  AND `city_id` = 5  AND `status` = 1 ORDER BY `listorder`  desc,`id`  desc LIMIT 10 [ RunTime:0.000377s ]
[ sql ] [ SQL ] SELECT * FROM `o2o_category` WHERE  `parent_id` = 1  AND `status` = 1 ORDER BY `listorder`  desc,`id`  desc LIMIT 4 [ RunTime:0.000128s ]

---------------------------------------------------------------
[ 2017-07-19T14:17:16+08:00 ] 10.105.23.187 122.96.140.194 GET /index.php
[ sql ] [ DB ] CONNECT:[ UseTime:0.000222s ] mysql:dbname=o2o;host=localhost;port=3306;charset=utf8
[ sql ] [ SQL ] SHOW COLUMNS FROM `o2o_city` [ RunTime:0.001046s ]
[ sql ] [ SQL ] SELECT * FROM `o2o_city` WHERE  `status` = 1  AND `parent_id` > 0 ORDER BY `id`  desc [ RunTime:0.000265s ]
[ sql ] [ SQL ] SELECT * FROM `o2o_city` WHERE  `uname` = 'nanchang' LIMIT 1 [ RunTime:0.000199s ]
[ sql ] [ SQL ] SHOW COLUMNS FROM `o2o_category` [ RunTime:0.000493s ]
[ sql ] [ SQL ] SELECT * FROM `o2o_category` WHERE  `parent_id` = 0  AND `status` = 1 ORDER BY `listorder`  desc,`id`  desc LIMIT 5 [ RunTime:0.000140s ]
[ sql ] [ SQL ] SELECT * FROM `o2o_category` WHERE  `parent_id` IN (2,5,1,14)  AND `status` = 1 ORDER BY `listorder`  desc,`id`  desc [ RunTime:0.000144s ]
[ sql ] [ SQL ] SHOW COLUMNS FROM `o2o_deal` [ RunTime:0.000569s ]
[ sql ] [ SQL ] SELECT * FROM `o2o_deal` WHERE  `end_time` > 1500445036  AND `category_id` = 1  AND `city_id` = 5  AND `status` = 1 ORDER BY `listorder`  desc,`id`  desc LIMIT 10 [ RunTime:0.000367s ]
[ sql ] [ SQL ] SELECT * FROM `o2o_category` WHERE  `parent_id` = 1  AND `status` = 1 ORDER BY `listorder`  desc,`id`  desc LIMIT 4 [ RunTime:0.000170s ]

---------------------------------------------------------------
[ 2017-07-19T14:17:23+08:00 ] 10.105.23.187 122.96.140.194 GET /index.php
[ sql ] [ DB ] CONNECT:[ UseTime:0.000239s ] mysql:dbname=o2o;host=localhost;port=3306;charset=utf8
[ sql ] [ SQL ] SHOW COLUMNS FROM `o2o_city` [ RunTime:0.000907s ]
[ sql ] [ SQL ] SELECT * FROM `o2o_city` WHERE  `status` = 1  AND `parent_id` > 0 ORDER BY `id`  desc [ RunTime:0.000257s ]
[ sql ] [ SQL ] SELECT * FROM `o2o_city` WHERE  `uname` = 'nanchang' LIMIT 1 [ RunTime:0.000226s ]
[ sql ] [ SQL ] SHOW COLUMNS FROM `o2o_category` [ RunTime:0.000626s ]
[ sql ] [ SQL ] SELECT * FROM `o2o_category` WHERE  `parent_id` = 0  AND `status` = 1 ORDER BY `listorder`  desc,`id`  desc LIMIT 5 [ RunTime:0.000153s ]
[ sql ] [ SQL ] SELECT * FROM `o2o_category` WHERE  `parent_id` IN (2,5,1,14)  AND `status` = 1 ORDER BY `listorder`  desc,`id`  desc [ RunTime:0.000195s ]
[ sql ] [ SQL ] SHOW COLUMNS FROM `o2o_deal` [ RunTime:0.000916s ]
[ sql ] [ SQL ] SELECT * FROM `o2o_deal` WHERE  `end_time` > 1500445043  AND `category_id` = 1  AND `city_id` = 5  AND `status` = 1 ORDER BY `listorder`  desc,`id`  desc LIMIT 10 [ RunTime:0.000462s ]
[ sql ] [ SQL ] SELECT * FROM `o2o_category` WHERE  `parent_id` = 1  AND `status` = 1 ORDER BY `listorder`  desc,`id`  desc LIMIT 4 [ RunTime:0.000182s ]

---------------------------------------------------------------
[ 2017-07-19T14:17:33+08:00 ] 10.105.23.187 122.96.140.194 GET /index.php
[ sql ] [ DB ] CONNECT:[ UseTime:0.000181s ] mysql:dbname=o2o;host=localhost;port=3306;charset=utf8
[ sql ] [ SQL ] SHOW COLUMNS FROM `o2o_city` [ RunTime:0.000801s ]
[ sql ] [ SQL ] SELECT * FROM `o2o_city` WHERE  `status` = 1  AND `parent_id` > 0 ORDER BY `id`  desc [ RunTime:0.000205s ]
[ sql ] [ SQL ] SELECT * FROM `o2o_city` WHERE  `uname` = 'nanchang' LIMIT 1 [ RunTime:0.000149s ]
[ sql ] [ SQL ] SHOW COLUMNS FROM `o2o_category` [ RunTime:0.000718s ]
[ sql ] [ SQL ] SELECT * FROM `o2o_category` WHERE  `parent_id` = 0  AND `status` = 1 ORDER BY `listorder`  desc,`id`  desc LIMIT 5 [ RunTime:0.000181s ]
[ sql ] [ SQL ] SELECT * FROM `o2o_category` WHERE  `parent_id` IN (2,5,1,14)  AND `status` = 1 ORDER BY `listorder`  desc,`id`  desc [ RunTime:0.000227s ]
[ sql ] [ SQL ] SHOW COLUMNS FROM `o2o_deal` [ RunTime:0.000571s ]
[ sql ] [ SQL ] SELECT * FROM `o2o_deal` WHERE  `end_time` > 1500445053  AND `category_id` = 1  AND `city_id` = 5  AND `status` = 1 ORDER BY `listorder`  desc,`id`  desc LIMIT 10 [ RunTime:0.000406s ]
[ sql ] [ SQL ] SELECT * FROM `o2o_category` WHERE  `parent_id` = 1  AND `status` = 1 ORDER BY `listorder`  desc,`id`  desc LIMIT 4 [ RunTime:0.000180s ]

---------------------------------------------------------------
[ 2017-07-19T14:18:02+08:00 ] 10.105.23.187 122.96.140.194 GET /index.php
[ sql ] [ DB ] CONNECT:[ UseTime:0.000176s ] mysql:dbname=o2o;host=localhost;port=3306;charset=utf8
[ sql ] [ SQL ] SHOW COLUMNS FROM `o2o_city` [ RunTime:0.000645s ]
[ sql ] [ SQL ] SELECT * FROM `o2o_city` WHERE  `status` = 1  AND `parent_id` > 0 ORDER BY `id`  desc [ RunTime:0.000179s ]
[ sql ] [ SQL ] SELECT * FROM `o2o_city` WHERE  `uname` = 'nanchang' LIMIT 1 [ RunTime:0.000132s ]
[ sql ] [ SQL ] SHOW COLUMNS FROM `o2o_category` [ RunTime:0.000460s ]
[ sql ] [ SQL ] SELECT * FROM `o2o_category` WHERE  `parent_id` = 0  AND `status` = 1 ORDER BY `listorder`  desc,`id`  desc LIMIT 5 [ RunTime:0.000152s ]
[ sql ] [ SQL ] SELECT * FROM `o2o_category` WHERE  `parent_id` IN (2,5,1,14)  AND `status` = 1 ORDER BY `listorder`  desc,`id`  desc [ RunTime:0.000156s ]
[ sql ] [ SQL ] SHOW COLUMNS FROM `o2o_deal` [ RunTime:0.000644s ]
[ sql ] [ SQL ] SELECT * FROM `o2o_deal` WHERE  `end_time` > 1500445082  AND `category_id` = 1  AND `city_id` = 5  AND `status` = 1 ORDER BY `listorder`  desc,`id`  desc LIMIT 10 [ RunTime:0.000410s ]
[ sql ] [ SQL ] SELECT * FROM `o2o_category` WHERE  `parent_id` = 1  AND `status` = 1 ORDER BY `listorder`  desc,`id`  desc LIMIT 4 [ RunTime:0.000126s ]

---------------------------------------------------------------
[ 2017-07-19T14:18:07+08:00 ] 10.105.23.187 122.96.140.194 GET /index.php
[ sql ] [ DB ] CONNECT:[ UseTime:0.000230s ] mysql:dbname=o2o;host=localhost;port=3306;charset=utf8
[ sql ] [ SQL ] SHOW COLUMNS FROM `o2o_city` [ RunTime:0.000709s ]
[ sql ] [ SQL ] SELECT * FROM `o2o_city` WHERE  `status` = 1  AND `parent_id` > 0 ORDER BY `id`  desc [ RunTime:0.000230s ]
[ sql ] [ SQL ] SELECT * FROM `o2o_city` WHERE  `uname` = 'nanchang' LIMIT 1 [ RunTime:0.000137s ]
[ sql ] [ SQL ] SHOW COLUMNS FROM `o2o_category` [ RunTime:0.000480s ]
[ sql ] [ SQL ] SELECT * FROM `o2o_category` WHERE  `parent_id` = 0  AND `status` = 1 ORDER BY `listorder`  desc,`id`  desc LIMIT 5 [ RunTime:0.000152s ]
[ sql ] [ SQL ] SELECT * FROM `o2o_category` WHERE  `parent_id` IN (2,5,1,14)  AND `status` = 1 ORDER BY `listorder`  desc,`id`  desc [ RunTime:0.000176s ]
[ sql ] [ SQL ] SHOW COLUMNS FROM `o2o_deal` [ RunTime:0.000548s ]
[ sql ] [ SQL ] SELECT * FROM `o2o_deal` WHERE  `end_time` > 1500445087  AND `category_id` = 1  AND `city_id` = 5  AND `status` = 1 ORDER BY `listorder`  desc,`id`  desc LIMIT 10 [ RunTime:0.000421s ]
[ sql ] [ SQL ] SELECT * FROM `o2o_category` WHERE  `parent_id` = 1  AND `status` = 1 ORDER BY `listorder`  desc,`id`  desc LIMIT 4 [ RunTime:0.000247s ]

---------------------------------------------------------------
[ 2017-07-19T14:18:08+08:00 ] 10.105.23.187 122.96.140.194 GET /index.php
[ sql ] [ DB ] CONNECT:[ UseTime:0.000221s ] mysql:dbname=o2o;host=localhost;port=3306;charset=utf8
[ sql ] [ SQL ] SHOW COLUMNS FROM `o2o_city` [ RunTime:0.000625s ]
[ sql ] [ SQL ] SELECT * FROM `o2o_city` WHERE  `status` = 1  AND `parent_id` > 0 ORDER BY `id`  desc [ RunTime:0.000259s ]
[ sql ] [ SQL ] SELECT * FROM `o2o_city` WHERE  `uname` = 'nanchang' LIMIT 1 [ RunTime:0.000144s ]
[ sql ] [ SQL ] SHOW COLUMNS FROM `o2o_category` [ RunTime:0.000507s ]
[ sql ] [ SQL ] SELECT * FROM `o2o_category` WHERE  `parent_id` = 0  AND `status` = 1 ORDER BY `listorder`  desc,`id`  desc LIMIT 5 [ RunTime:0.000153s ]
[ sql ] [ SQL ] SELECT * FROM `o2o_category` WHERE  `parent_id` IN (2,5,1,14)  AND `status` = 1 ORDER BY `listorder`  desc,`id`  desc [ RunTime:0.000168s ]
[ sql ] [ SQL ] SHOW COLUMNS FROM `o2o_deal` [ RunTime:0.000617s ]
[ sql ] [ SQL ] SELECT * FROM `o2o_deal` WHERE  `end_time` > 1500445088  AND `category_id` = 1  AND `city_id` = 5  AND `status` = 1 ORDER BY `listorder`  desc,`id`  desc LIMIT 10 [ RunTime:0.000343s ]
[ sql ] [ SQL ] SELECT * FROM `o2o_category` WHERE  `parent_id` = 1  AND `status` = 1 ORDER BY `listorder`  desc,`id`  desc LIMIT 4 [ RunTime:0.000145s ]

---------------------------------------------------------------
[ 2017-07-19T14:18:26+08:00 ] 10.105.23.187 122.96.140.194 GET /index.php
[ sql ] [ DB ] CONNECT:[ UseTime:0.000177s ] mysql:dbname=o2o;host=localhost;port=3306;charset=utf8
[ sql ] [ SQL ] SHOW COLUMNS FROM `o2o_city` [ RunTime:0.000610s ]
[ sql ] [ SQL ] SELECT * FROM `o2o_city` WHERE  `status` = 1  AND `parent_id` > 0 ORDER BY `id`  desc [ RunTime:0.000176s ]
[ sql ] [ SQL ] SELECT * FROM `o2o_city` WHERE  `uname` = 'nanchang' LIMIT 1 [ RunTime:0.000136s ]
[ sql ] [ SQL ] SHOW COLUMNS FROM `o2o_category` [ RunTime:0.000450s ]
[ sql ] [ SQL ] SELECT * FROM `o2o_category` WHERE  `parent_id` = 0  AND `status` = 1 ORDER BY `listorder`  desc,`id`  desc LIMIT 5 [ RunTime:0.000135s ]
[ sql ] [ SQL ] SELECT * FROM `o2o_category` WHERE  `parent_id` IN (2,5,1,14)  AND `status` = 1 ORDER BY `listorder`  desc,`id`  desc [ RunTime:0.000168s ]
[ sql ] [ SQL ] SHOW COLUMNS FROM `o2o_deal` [ RunTime:0.000678s ]
[ sql ] [ SQL ] SELECT * FROM `o2o_deal` WHERE  `end_time` > 1500445106  AND `category_id` = 1  AND `city_id` = 5  AND `status` = 1 ORDER BY `listorder`  desc,`id`  desc LIMIT 10 [ RunTime:0.000389s ]
[ sql ] [ SQL ] SELECT * FROM `o2o_category` WHERE  `parent_id` = 1  AND `status` = 1 ORDER BY `listorder`  desc,`id`  desc LIMIT 4 [ RunTime:0.000127s ]

---------------------------------------------------------------
[ 2017-07-19T14:18:46+08:00 ] 10.105.23.187 122.96.140.194 GET /index.php
[ sql ] [ DB ] CONNECT:[ UseTime:0.000177s ] mysql:dbname=o2o;host=localhost;port=3306;charset=utf8
[ sql ] [ SQL ] SHOW COLUMNS FROM `o2o_city` [ RunTime:0.000596s ]
[ sql ] [ SQL ] SELECT * FROM `o2o_city` WHERE  `status` = 1  AND `parent_id` > 0 ORDER BY `id`  desc [ RunTime:0.000200s ]
[ sql ] [ SQL ] SELECT * FROM `o2o_city` WHERE  `uname` = 'nanchang' LIMIT 1 [ RunTime:0.000129s ]
[ sql ] [ SQL ] SHOW COLUMNS FROM `o2o_category` [ RunTime:0.001137s ]
[ sql ] [ SQL ] SELECT * FROM `o2o_category` WHERE  `parent_id` = 0  AND `status` = 1 ORDER BY `listorder`  desc,`id`  desc LIMIT 5 [ RunTime:0.000196s ]
[ sql ] [ SQL ] SELECT * FROM `o2o_category` WHERE  `parent_id` IN (2,5,1,14)  AND `status` = 1 ORDER BY `listorder`  desc,`id`  desc [ RunTime:0.000199s ]
[ sql ] [ SQL ] SHOW COLUMNS FROM `o2o_deal` [ RunTime:0.000646s ]
[ sql ] [ SQL ] SELECT * FROM `o2o_deal` WHERE  `end_time` > 1500445126  AND `category_id` = 1  AND `city_id` = 5  AND `status` = 1 ORDER BY `listorder`  desc,`id`  desc LIMIT 10 [ RunTime:0.000360s ]
[ sql ] [ SQL ] SELECT * FROM `o2o_category` WHERE  `parent_id` = 1  AND `status` = 1 ORDER BY `listorder`  desc,`id`  desc LIMIT 4 [ RunTime:0.000125s ]

---------------------------------------------------------------
[ 2017-07-19T14:18:57+08:00 ] 10.105.23.187 122.96.140.194 GET /index.php
[ sql ] [ DB ] CONNECT:[ UseTime:0.000231s ] mysql:dbname=o2o;host=localhost;port=3306;charset=utf8
[ sql ] [ SQL ] SHOW COLUMNS FROM `o2o_city` [ RunTime:0.000597s ]
[ sql ] [ SQL ] SELECT * FROM `o2o_city` WHERE  `status` = 1  AND `parent_id` > 0 ORDER BY `id`  desc [ RunTime:0.000206s ]
[ sql ] [ SQL ] SELECT * FROM `o2o_city` WHERE  `uname` = 'nanchang' LIMIT 1 [ RunTime:0.000163s ]
[ sql ] [ SQL ] SHOW COLUMNS FROM `o2o_category` [ RunTime:0.000713s ]
[ sql ] [ SQL ] SELECT * FROM `o2o_category` WHERE  `parent_id` = 0  AND `status` = 1 ORDER BY `listorder`  desc,`id`  desc LIMIT 5 [ RunTime:0.000137s ]
[ sql ] [ SQL ] SELECT * FROM `o2o_category` WHERE  `parent_id` IN (2,5,1,14)  AND `status` = 1 ORDER BY `listorder`  desc,`id`  desc [ RunTime:0.000150s ]
[ sql ] [ SQL ] SHOW COLUMNS FROM `o2o_deal` [ RunTime:0.000903s ]
[ sql ] [ SQL ] SELECT * FROM `o2o_deal` WHERE  `end_time` > 1500445137  AND `category_id` = 1  AND `city_id` = 5  AND `status` = 1 ORDER BY `listorder`  desc,`id`  desc LIMIT 10 [ RunTime:0.000385s ]
[ sql ] [ SQL ] SELECT * FROM `o2o_category` WHERE  `parent_id` = 1  AND `status` = 1 ORDER BY `listorder`  desc,`id`  desc LIMIT 4 [ RunTime:0.000128s ]

---------------------------------------------------------------
[ 2017-07-19T14:23:02+08:00 ] 10.105.23.187 122.96.140.194 GET /index.php?s=index/index/index.html?city=nanjing
[ sql ] [ DB ] CONNECT:[ UseTime:0.000196s ] mysql:dbname=o2o;host=localhost;port=3306;charset=utf8
[ sql ] [ SQL ] SHOW COLUMNS FROM `o2o_city` [ RunTime:0.002990s ]
[ sql ] [ SQL ] SELECT * FROM `o2o_city` WHERE  `status` = 1  AND `parent_id` > 0 ORDER BY `id`  desc [ RunTime:0.000217s ]
[ sql ] [ SQL ] SELECT * FROM `o2o_city` WHERE  `uname` = 'nanchang' LIMIT 1 [ RunTime:0.000178s ]
[ sql ] [ SQL ] SHOW COLUMNS FROM `o2o_category` [ RunTime:0.000500s ]
[ sql ] [ SQL ] SELECT * FROM `o2o_category` WHERE  `parent_id` = 0  AND `status` = 1 ORDER BY `listorder`  desc,`id`  desc LIMIT 5 [ RunTime:0.000172s ]
[ sql ] [ SQL ] SELECT * FROM `o2o_category` WHERE  `parent_id` IN (2,5,1,14)  AND `status` = 1 ORDER BY `listorder`  desc,`id`  desc [ RunTime:0.000153s ]

---------------------------------------------------------------
[ 2017-07-19T14:59:41+08:00 ] 10.105.23.187 122.96.140.194 GET /index.php
[ sql ] [ DB ] CONNECT:[ UseTime:0.000946s ] mysql:dbname=o2o;host=localhost;port=3306;charset=utf8
[ sql ] [ SQL ] SHOW COLUMNS FROM `o2o_city` [ RunTime:0.003256s ]
[ sql ] [ SQL ] SELECT * FROM `o2o_city` WHERE  `status` = 1  AND `parent_id` > 0 ORDER BY `id`  desc [ RunTime:0.000701s ]
[ sql ] [ SQL ] SELECT * FROM `o2o_city` WHERE  `uname` = 'nanchang' LIMIT 1 [ RunTime:0.000271s ]
[ sql ] [ SQL ] SHOW COLUMNS FROM `o2o_category` [ RunTime:0.002357s ]
[ sql ] [ SQL ] SELECT * FROM `o2o_category` WHERE  `parent_id` = 0  AND `status` = 1 ORDER BY `listorder`  desc,`id`  desc LIMIT 5 [ RunTime:0.000685s ]
[ sql ] [ SQL ] SELECT * FROM `o2o_category` WHERE  `parent_id` IN (2,5,1,14)  AND `status` = 1 ORDER BY `listorder`  desc,`id`  desc [ RunTime:0.000516s ]
[ sql ] [ SQL ] SHOW COLUMNS FROM `o2o_deal` [ RunTime:0.002655s ]
[ sql ] [ SQL ] SELECT * FROM `o2o_deal` WHERE  `end_time` > 1500447581  AND `category_id` = 1  AND `city_id` = 5  AND `status` = 1 ORDER BY `listorder`  desc,`id`  desc LIMIT 10 [ RunTime:0.000388s ]
[ sql ] [ SQL ] SELECT * FROM `o2o_category` WHERE  `parent_id` = 1  AND `status` = 1 ORDER BY `listorder`  desc,`id`  desc LIMIT 4 [ RunTime:0.000498s ]

---------------------------------------------------------------
[ 2017-07-19T14:59:54+08:00 ] 10.105.23.187 122.96.140.194 GET /index.php?s=index/index/index.html?city=nanjing
[ sql ] [ DB ] CONNECT:[ UseTime:0.000254s ] mysql:dbname=o2o;host=localhost;port=3306;charset=utf8
[ sql ] [ SQL ] SHOW COLUMNS FROM `o2o_city` [ RunTime:0.000727s ]
[ sql ] [ SQL ] SELECT * FROM `o2o_city` WHERE  `status` = 1  AND `parent_id` > 0 ORDER BY `id`  desc [ RunTime:0.000181s ]
[ sql ] [ SQL ] SELECT * FROM `o2o_city` WHERE  `uname` = 'nanchang' LIMIT 1 [ RunTime:0.000167s ]
[ sql ] [ SQL ] SHOW COLUMNS FROM `o2o_category` [ RunTime:0.000575s ]
[ sql ] [ SQL ] SELECT * FROM `o2o_category` WHERE  `parent_id` = 0  AND `status` = 1 ORDER BY `listorder`  desc,`id`  desc LIMIT 5 [ RunTime:0.000172s ]
[ sql ] [ SQL ] SELECT * FROM `o2o_category` WHERE  `parent_id` IN (2,5,1,14)  AND `status` = 1 ORDER BY `listorder`  desc,`id`  desc [ RunTime:0.000187s ]

---------------------------------------------------------------
[ 2017-07-19T15:10:31+08:00 ] 10.105.23.187 120.40.59.245 GET /
[ sql ] [ DB ] CONNECT:[ UseTime:0.000409s ] mysql:dbname=o2o;host=localhost;port=3306;charset=utf8
[ sql ] [ SQL ] SHOW COLUMNS FROM `o2o_city` [ RunTime:0.001285s ]
[ sql ] [ SQL ] SELECT * FROM `o2o_city` WHERE  `status` = 1  AND `parent_id` > 0 ORDER BY `id`  desc [ RunTime:0.000572s ]
[ sql ] [ SQL ] SELECT * FROM `o2o_city` WHERE  `uname` = 'nanchang' LIMIT 1 [ RunTime:0.000356s ]
[ sql ] [ SQL ] SHOW COLUMNS FROM `o2o_category` [ RunTime:0.001031s ]
[ sql ] [ SQL ] SELECT * FROM `o2o_category` WHERE  `parent_id` = 0  AND `status` = 1 ORDER BY `listorder`  desc,`id`  desc LIMIT 5 [ RunTime:0.000463s ]
[ sql ] [ SQL ] SELECT * FROM `o2o_category` WHERE  `parent_id` IN (2,5,1,14)  AND `status` = 1 ORDER BY `listorder`  desc,`id`  desc [ RunTime:0.000375s ]
[ sql ] [ SQL ] SHOW COLUMNS FROM `o2o_deal` [ RunTime:0.001327s ]
[ sql ] [ SQL ] SELECT * FROM `o2o_deal` WHERE  `end_time` > 1500448231  AND `category_id` = 1  AND `city_id` = 5  AND `status` = 1 ORDER BY `listorder`  desc,`id`  desc LIMIT 10 [ RunTime:0.000442s ]
[ sql ] [ SQL ] SELECT * FROM `o2o_category` WHERE  `parent_id` = 1  AND `status` = 1 ORDER BY `listorder`  desc,`id`  desc LIMIT 4 [ RunTime:0.000356s ]

---------------------------------------------------------------
[ 2017-07-19T15:12:56+08:00 ] 10.105.23.187 122.96.140.194 GET /
[ sql ] [ DB ] CONNECT:[ UseTime:0.000174s ] mysql:dbname=o2o;host=localhost;port=3306;charset=utf8
[ sql ] [ SQL ] SHOW COLUMNS FROM `o2o_city` [ RunTime:0.000563s ]
[ sql ] [ SQL ] SELECT * FROM `o2o_city` WHERE  `status` = 1  AND `parent_id` > 0 ORDER BY `id`  desc [ RunTime:0.000173s ]
[ sql ] [ SQL ] SELECT * FROM `o2o_city` WHERE  `uname` = 'nanchang' LIMIT 1 [ RunTime:0.000129s ]
[ sql ] [ SQL ] SHOW COLUMNS FROM `o2o_category` [ RunTime:0.000458s ]
[ sql ] [ SQL ] SELECT * FROM `o2o_category` WHERE  `parent_id` = 0  AND `status` = 1 ORDER BY `listorder`  desc,`id`  desc LIMIT 5 [ RunTime:0.000131s ]
[ sql ] [ SQL ] SELECT * FROM `o2o_category` WHERE  `parent_id` IN (2,5,1,14)  AND `status` = 1 ORDER BY `listorder`  desc,`id`  desc [ RunTime:0.000195s ]
[ sql ] [ SQL ] SHOW COLUMNS FROM `o2o_deal` [ RunTime:0.000860s ]
[ sql ] [ SQL ] SELECT * FROM `o2o_deal` WHERE  `end_time` > 1500448376  AND `category_id` = 1  AND `city_id` = 5  AND `status` = 1 ORDER BY `listorder`  desc,`id`  desc LIMIT 10 [ RunTime:0.000448s ]
[ sql ] [ SQL ] SELECT * FROM `o2o_category` WHERE  `parent_id` = 1  AND `status` = 1 ORDER BY `listorder`  desc,`id`  desc LIMIT 4 [ RunTime:0.000127s ]

---------------------------------------------------------------
[ 2017-07-19T15:16:15+08:00 ] 10.105.23.187 122.96.140.194 GET /
[ sql ] [ DB ] CONNECT:[ UseTime:0.005164s ] mysql:dbname=o2o;host=localhost;port=3306;charset=utf8
[ sql ] [ SQL ] SHOW COLUMNS FROM `o2o_city` [ RunTime:0.001253s ]
[ sql ] [ SQL ] SELECT * FROM `o2o_city` WHERE  `status` = 1  AND `parent_id` > 0 ORDER BY `id`  desc [ RunTime:0.000293s ]
[ sql ] [ SQL ] SELECT * FROM `o2o_city` WHERE  `uname` = 'nanchang' LIMIT 1 [ RunTime:0.000246s ]
[ sql ] [ SQL ] SHOW COLUMNS FROM `o2o_category` [ RunTime:0.000561s ]
[ sql ] [ SQL ] SELECT * FROM `o2o_category` WHERE  `parent_id` = 0  AND `status` = 1 ORDER BY `listorder`  desc,`id`  desc LIMIT 5 [ RunTime:0.000201s ]
[ sql ] [ SQL ] SELECT * FROM `o2o_category` WHERE  `parent_id` IN (2,5,1,14)  AND `status` = 1 ORDER BY `listorder`  desc,`id`  desc [ RunTime:0.000156s ]
[ sql ] [ SQL ] SHOW COLUMNS FROM `o2o_deal` [ RunTime:0.000686s ]
[ sql ] [ SQL ] SELECT * FROM `o2o_deal` WHERE  `end_time` > 1500448575  AND `category_id` = 1  AND `city_id` = 5  AND `status` = 1 ORDER BY `listorder`  desc,`id`  desc LIMIT 10 [ RunTime:0.000450s ]
[ sql ] [ SQL ] SELECT * FROM `o2o_category` WHERE  `parent_id` = 1  AND `status` = 1 ORDER BY `listorder`  desc,`id`  desc LIMIT 4 [ RunTime:0.000134s ]

---------------------------------------------------------------
[ 2017-07-19T15:16:23+08:00 ] 10.105.23.187 122.96.140.194 GET /
[ sql ] [ DB ] CONNECT:[ UseTime:0.000190s ] mysql:dbname=o2o;host=localhost;port=3306;charset=utf8
[ sql ] [ SQL ] SHOW COLUMNS FROM `o2o_city` [ RunTime:0.007291s ]
[ sql ] [ SQL ] SELECT * FROM `o2o_city` WHERE  `status` = 1  AND `parent_id` > 0 ORDER BY `id`  desc [ RunTime:0.000325s ]
[ sql ] [ SQL ] SELECT * FROM `o2o_city` WHERE  `uname` = 'nanchang' LIMIT 1 [ RunTime:0.000190s ]
[ sql ] [ SQL ] SHOW COLUMNS FROM `o2o_category` [ RunTime:0.000857s ]
[ sql ] [ SQL ] SELECT * FROM `o2o_category` WHERE  `parent_id` = 0  AND `status` = 1 ORDER BY `listorder`  desc,`id`  desc LIMIT 5 [ RunTime:0.000190s ]
[ sql ] [ SQL ] SELECT * FROM `o2o_category` WHERE  `parent_id` IN (2,5,1,14)  AND `status` = 1 ORDER BY `listorder`  desc,`id`  desc [ RunTime:0.000193s ]
[ sql ] [ SQL ] SHOW COLUMNS FROM `o2o_deal` [ RunTime:0.000893s ]
[ sql ] [ SQL ] SELECT * FROM `o2o_deal` WHERE  `end_time` > 1500448583  AND `category_id` = 1  AND `city_id` = 5  AND `status` = 1 ORDER BY `listorder`  desc,`id`  desc LIMIT 10 [ RunTime:0.000505s ]
[ sql ] [ SQL ] SELECT * FROM `o2o_category` WHERE  `parent_id` = 1  AND `status` = 1 ORDER BY `listorder`  desc,`id`  desc LIMIT 4 [ RunTime:0.000168s ]

---------------------------------------------------------------
[ 2017-07-19T15:16:26+08:00 ] 10.105.23.187 122.96.140.194 GET /index.php
[ sql ] [ DB ] CONNECT:[ UseTime:0.000191s ] mysql:dbname=o2o;host=localhost;port=3306;charset=utf8
[ sql ] [ SQL ] SHOW COLUMNS FROM `o2o_city` [ RunTime:0.000594s ]
[ sql ] [ SQL ] SELECT * FROM `o2o_city` WHERE  `status` = 1  AND `parent_id` > 0 ORDER BY `id`  desc [ RunTime:0.000207s ]
[ sql ] [ SQL ] SELECT * FROM `o2o_city` WHERE  `uname` = 'nanchang' LIMIT 1 [ RunTime:0.000138s ]
[ sql ] [ SQL ] SHOW COLUMNS FROM `o2o_category` [ RunTime:0.000631s ]
[ sql ] [ SQL ] SELECT * FROM `o2o_category` WHERE  `parent_id` = 0  AND `status` = 1 ORDER BY `listorder`  desc,`id`  desc LIMIT 5 [ RunTime:0.000332s ]
[ sql ] [ SQL ] SELECT * FROM `o2o_category` WHERE  `parent_id` IN (2,5,1,14)  AND `status` = 1 ORDER BY `listorder`  desc,`id`  desc [ RunTime:0.000238s ]
[ sql ] [ SQL ] SHOW COLUMNS FROM `o2o_deal` [ RunTime:0.000872s ]
[ sql ] [ SQL ] SELECT * FROM `o2o_deal` WHERE  `end_time` > 1500448586  AND `category_id` = 1  AND `city_id` = 5  AND `status` = 1 ORDER BY `listorder`  desc,`id`  desc LIMIT 10 [ RunTime:0.000543s ]
[ sql ] [ SQL ] SELECT * FROM `o2o_category` WHERE  `parent_id` = 1  AND `status` = 1 ORDER BY `listorder`  desc,`id`  desc LIMIT 4 [ RunTime:0.000137s ]

---------------------------------------------------------------
[ 2017-07-19T15:16:28+08:00 ] 10.105.23.187 122.96.140.194 GET /index.php/index/index/index.html?city=nanjing
[ sql ] [ DB ] CONNECT:[ UseTime:0.000185s ] mysql:dbname=o2o;host=localhost;port=3306;charset=utf8
[ sql ] [ SQL ] SHOW COLUMNS FROM `o2o_city` [ RunTime:0.000608s ]
[ sql ] [ SQL ] SELECT * FROM `o2o_city` WHERE  `status` = 1  AND `parent_id` > 0 ORDER BY `id`  desc [ RunTime:0.000192s ]
[ sql ] [ SQL ] SELECT * FROM `o2o_city` WHERE  `uname` = 'nanjing' LIMIT 1 [ RunTime:0.000167s ]
[ sql ] [ SQL ] SHOW COLUMNS FROM `o2o_category` [ RunTime:0.000486s ]
[ sql ] [ SQL ] SELECT * FROM `o2o_category` WHERE  `parent_id` = 0  AND `status` = 1 ORDER BY `listorder`  desc,`id`  desc LIMIT 5 [ RunTime:0.000157s ]
[ sql ] [ SQL ] SELECT * FROM `o2o_category` WHERE  `parent_id` IN (2,5,1,14)  AND `status` = 1 ORDER BY `listorder`  desc,`id`  desc [ RunTime:0.000173s ]
[ sql ] [ SQL ] SHOW COLUMNS FROM `o2o_deal` [ RunTime:0.000706s ]
[ sql ] [ SQL ] SELECT * FROM `o2o_deal` WHERE  `end_time` > 1500448588  AND `category_id` = 1  AND `city_id` = 15  AND `status` = 1 ORDER BY `listorder`  desc,`id`  desc LIMIT 10 [ RunTime:0.000426s ]
[ sql ] [ SQL ] SELECT * FROM `o2o_category` WHERE  `parent_id` = 1  AND `status` = 1 ORDER BY `listorder`  desc,`id`  desc LIMIT 4 [ RunTime:0.000146s ]

---------------------------------------------------------------
[ 2017-07-19T15:17:08+08:00 ] 10.105.23.187 122.96.140.194 GET /index.php/index/index/index.html?city=nanjing
[ sql ] [ DB ] CONNECT:[ UseTime:0.000172s ] mysql:dbname=o2o;host=localhost;port=3306;charset=utf8
[ sql ] [ SQL ] SHOW COLUMNS FROM `o2o_city` [ RunTime:0.000574s ]
[ sql ] [ SQL ] SELECT * FROM `o2o_city` WHERE  `status` = 1  AND `parent_id` > 0 ORDER BY `id`  desc [ RunTime:0.000192s ]
[ sql ] [ SQL ] SELECT * FROM `o2o_city` WHERE  `uname` = 'nanjing' LIMIT 1 [ RunTime:0.000147s ]
[ sql ] [ SQL ] SHOW COLUMNS FROM `o2o_category` [ RunTime:0.000476s ]
[ sql ] [ SQL ] SELECT * FROM `o2o_category` WHERE  `parent_id` = 0  AND `status` = 1 ORDER BY `listorder`  desc,`id`  desc LIMIT 5 [ RunTime:0.000146s ]
[ sql ] [ SQL ] SELECT * FROM `o2o_category` WHERE  `parent_id` IN (2,5,1,14)  AND `status` = 1 ORDER BY `listorder`  desc,`id`  desc [ RunTime:0.000154s ]
[ sql ] [ SQL ] SHOW COLUMNS FROM `o2o_deal` [ RunTime:0.000537s ]
[ sql ] [ SQL ] SELECT * FROM `o2o_deal` WHERE  `end_time` > 1500448628  AND `category_id` = 1  AND `city_id` = 15  AND `status` = 1 ORDER BY `listorder`  desc,`id`  desc LIMIT 10 [ RunTime:0.000442s ]
[ sql ] [ SQL ] SELECT * FROM `o2o_category` WHERE  `parent_id` = 1  AND `status` = 1 ORDER BY `listorder`  desc,`id`  desc LIMIT 4 [ RunTime:0.000131s ]

---------------------------------------------------------------
[ 2017-07-19T15:17:18+08:00 ] 10.105.23.187 122.96.140.194 POST /index.php/bis/login/index.html
[ sql ] [ DB ] CONNECT:[ UseTime:0.000230s ] mysql:dbname=o2o;host=localhost;port=3306;charset=utf8
[ sql ] [ SQL ] SHOW COLUMNS FROM `o2o_bis_account` [ RunTime:0.001542s ]
[ sql ] [ SQL ] SELECT * FROM `o2o_bis_account` WHERE  `username` = 'duncan' LIMIT 1 [ RunTime:0.000369s ]

---------------------------------------------------------------
[ 2017-07-19T15:17:47+08:00 ] 10.105.23.187 122.96.140.194 POST /index.php/bis/login/index.html
[ sql ] [ DB ] CONNECT:[ UseTime:0.000247s ] mysql:dbname=o2o;host=localhost;port=3306;charset=utf8
[ sql ] [ SQL ] SHOW COLUMNS FROM `o2o_bis_account` [ RunTime:0.000663s ]
[ sql ] [ SQL ] SELECT * FROM `o2o_bis_account` WHERE  `username` = 'Duncan' LIMIT 1 [ RunTime:0.000317s ]

---------------------------------------------------------------
[ 2017-07-19T15:18:08+08:00 ] 10.105.23.187 122.96.140.194 POST /index.php/bis/login/index.html
[ sql ] [ DB ] CONNECT:[ UseTime:0.000175s ] mysql:dbname=o2o;host=localhost;port=3306;charset=utf8
[ sql ] [ SQL ] SHOW COLUMNS FROM `o2o_bis_account` [ RunTime:0.000661s ]
[ sql ] [ SQL ] SELECT * FROM `o2o_bis_account` WHERE  `username` = 'zhongruan' LIMIT 1 [ RunTime:0.000362s ]
[ sql ] [ SQL ] UPDATE `o2o_bis_account`  SET `last_login_time`=1500448688,`update_time`=1500448688  WHERE  `id` = 3 [ RunTime:0.021593s ]

---------------------------------------------------------------
[ 2017-07-19T15:18:15+08:00 ] 10.105.23.187 122.96.140.194 GET /index.php/bis/location/add.html
[ sql ] [ DB ] CONNECT:[ UseTime:0.000227s ] mysql:dbname=o2o;host=localhost;port=3306;charset=utf8
[ sql ] [ SQL ] SHOW COLUMNS FROM `o2o_city` [ RunTime:0.000575s ]
[ sql ] [ SQL ] SELECT * FROM `o2o_city` WHERE  `status` = 1  AND `parent_id` = 0 ORDER BY `id`  desc [ RunTime:0.000299s ]
[ sql ] [ SQL ] SHOW COLUMNS FROM `o2o_category` [ RunTime:0.000552s ]
[ sql ] [ SQL ] SELECT * FROM `o2o_category` WHERE  `status` = 1  AND `parent_id` = 0 ORDER BY `id`  desc [ RunTime:0.000275s ]

---------------------------------------------------------------
[ 2017-07-19T15:18:46+08:00 ] 10.105.23.187 122.96.140.194 GET /index.php/bis/register/index.html
[ sql ] [ DB ] CONNECT:[ UseTime:0.000234s ] mysql:dbname=o2o;host=localhost;port=3306;charset=utf8
[ sql ] [ SQL ] SHOW COLUMNS FROM `o2o_city` [ RunTime:0.000849s ]
[ sql ] [ SQL ] SELECT * FROM `o2o_city` WHERE  `status` = 1  AND `parent_id` = 0 ORDER BY `id`  desc [ RunTime:0.000227s ]
[ sql ] [ SQL ] SHOW COLUMNS FROM `o2o_category` [ RunTime:0.000447s ]
[ sql ] [ SQL ] SELECT * FROM `o2o_category` WHERE  `status` = 1  AND `parent_id` = 0 ORDER BY `id`  desc [ RunTime:0.000127s ]

---------------------------------------------------------------
[ 2017-07-19T15:23:31+08:00 ] 10.105.23.187 122.96.140.194 GET /index.php
[ sql ] [ DB ] CONNECT:[ UseTime:0.000174s ] mysql:dbname=o2o;host=localhost;port=3306;charset=utf8
[ sql ] [ SQL ] SHOW COLUMNS FROM `o2o_city` [ RunTime:0.000588s ]
[ sql ] [ SQL ] SELECT * FROM `o2o_city` WHERE  `status` = 1  AND `parent_id` > 0 ORDER BY `id`  desc [ RunTime:0.000185s ]
[ sql ] [ SQL ] SELECT * FROM `o2o_city` WHERE  `uname` = 'nanchang' LIMIT 1 [ RunTime:0.000136s ]
[ sql ] [ SQL ] SHOW COLUMNS FROM `o2o_category` [ RunTime:0.000507s ]
[ sql ] [ SQL ] SELECT * FROM `o2o_category` WHERE  `parent_id` = 0  AND `status` = 1 ORDER BY `listorder`  desc,`id`  desc LIMIT 5 [ RunTime:0.000147s ]
[ sql ] [ SQL ] SELECT * FROM `o2o_category` WHERE  `parent_id` IN (2,5,1,14)  AND `status` = 1 ORDER BY `listorder`  desc,`id`  desc [ RunTime:0.000149s ]
[ sql ] [ SQL ] SHOW COLUMNS FROM `o2o_deal` [ RunTime:0.000593s ]
[ sql ] [ SQL ] SELECT * FROM `o2o_deal` WHERE  `end_time` > 1500449011  AND `category_id` = 1  AND `city_id` = 5  AND `status` = 1 ORDER BY `listorder`  desc,`id`  desc LIMIT 10 [ RunTime:0.000376s ]
[ sql ] [ SQL ] SELECT * FROM `o2o_category` WHERE  `parent_id` = 1  AND `status` = 1 ORDER BY `listorder`  desc,`id`  desc LIMIT 4 [ RunTime:0.000138s ]

---------------------------------------------------------------
[ 2017-07-19T15:23:51+08:00 ] 10.105.23.187 122.96.140.194 GET /index.php/bis/register/index.html
[ sql ] [ DB ] CONNECT:[ UseTime:0.000168s ] mysql:dbname=o2o;host=localhost;port=3306;charset=utf8
[ sql ] [ SQL ] SHOW COLUMNS FROM `o2o_city` [ RunTime:0.000572s ]
[ sql ] [ SQL ] SELECT * FROM `o2o_city` WHERE  `status` = 1  AND `parent_id` = 0 ORDER BY `id`  desc [ RunTime:0.000164s ]
[ sql ] [ SQL ] SHOW COLUMNS FROM `o2o_category` [ RunTime:0.000433s ]
[ sql ] [ SQL ] SELECT * FROM `o2o_category` WHERE  `status` = 1  AND `parent_id` = 0 ORDER BY `id`  desc [ RunTime:0.000165s ]

---------------------------------------------------------------
[ 2017-07-19T15:25:33+08:00 ] 10.105.23.187 122.96.140.194 GET /index.php/bis/register/index.html
[ sql ] [ DB ] CONNECT:[ UseTime:0.000257s ] mysql:dbname=o2o;host=localhost;port=3306;charset=utf8
[ sql ] [ SQL ] SHOW COLUMNS FROM `o2o_city` [ RunTime:0.000924s ]
[ sql ] [ SQL ] SELECT * FROM `o2o_city` WHERE  `status` = 1  AND `parent_id` = 0 ORDER BY `id`  desc [ RunTime:0.000221s ]
[ sql ] [ SQL ] SHOW COLUMNS FROM `o2o_category` [ RunTime:0.000602s ]
[ sql ] [ SQL ] SELECT * FROM `o2o_category` WHERE  `status` = 1  AND `parent_id` = 0 ORDER BY `id`  desc [ RunTime:0.000169s ]

---------------------------------------------------------------
[ 2017-07-19T15:33:28+08:00 ] 10.105.23.187 122.96.140.194 GET /index.php/bis/register/index.html
[ sql ] [ DB ] CONNECT:[ UseTime:0.000174s ] mysql:dbname=o2o;host=localhost;port=3306;charset=utf8
[ sql ] [ SQL ] SHOW COLUMNS FROM `o2o_city` [ RunTime:0.000634s ]
[ sql ] [ SQL ] SELECT * FROM `o2o_city` WHERE  `status` = 1  AND `parent_id` = 0 ORDER BY `id`  desc [ RunTime:0.000183s ]
[ sql ] [ SQL ] SHOW COLUMNS FROM `o2o_category` [ RunTime:0.000595s ]
[ sql ] [ SQL ] SELECT * FROM `o2o_category` WHERE  `status` = 1  AND `parent_id` = 0 ORDER BY `id`  desc [ RunTime:0.000130s ]

---------------------------------------------------------------
[ 2017-07-19T15:37:13+08:00 ] 10.105.23.187 122.96.140.194 GET /index.php/bis/register/index.html
[ sql ] [ DB ] CONNECT:[ UseTime:0.000249s ] mysql:dbname=o2o;host=localhost;port=3306;charset=utf8
[ sql ] [ SQL ] SHOW COLUMNS FROM `o2o_city` [ RunTime:0.000806s ]
[ sql ] [ SQL ] SELECT * FROM `o2o_city` WHERE  `status` = 1  AND `parent_id` = 0 ORDER BY `id`  desc [ RunTime:0.000241s ]
[ sql ] [ SQL ] SHOW COLUMNS FROM `o2o_category` [ RunTime:0.000638s ]
[ sql ] [ SQL ] SELECT * FROM `o2o_category` WHERE  `status` = 1  AND `parent_id` = 0 ORDER BY `id`  desc [ RunTime:0.000186s ]

---------------------------------------------------------------
[ 2017-07-19T15:37:17+08:00 ] 10.105.23.187 122.96.140.194 GET /index.php/bis/register/index.html
[ sql ] [ DB ] CONNECT:[ UseTime:0.000188s ] mysql:dbname=o2o;host=localhost;port=3306;charset=utf8
[ sql ] [ SQL ] SHOW COLUMNS FROM `o2o_city` [ RunTime:0.000738s ]
[ sql ] [ SQL ] SELECT * FROM `o2o_city` WHERE  `status` = 1  AND `parent_id` = 0 ORDER BY `id`  desc [ RunTime:0.000193s ]
[ sql ] [ SQL ] SHOW COLUMNS FROM `o2o_category` [ RunTime:0.000493s ]
[ sql ] [ SQL ] SELECT * FROM `o2o_category` WHERE  `status` = 1  AND `parent_id` = 0 ORDER BY `id`  desc [ RunTime:0.000191s ]

---------------------------------------------------------------
[ 2017-07-19T15:38:07+08:00 ] 10.105.23.187 122.96.140.194 GET /index.php/bis/register/index.html
[ sql ] [ DB ] CONNECT:[ UseTime:0.000169s ] mysql:dbname=o2o;host=localhost;port=3306;charset=utf8
[ sql ] [ SQL ] SHOW COLUMNS FROM `o2o_city` [ RunTime:0.000588s ]
[ sql ] [ SQL ] SELECT * FROM `o2o_city` WHERE  `status` = 1  AND `parent_id` = 0 ORDER BY `id`  desc [ RunTime:0.000178s ]
[ sql ] [ SQL ] SHOW COLUMNS FROM `o2o_category` [ RunTime:0.000428s ]
[ sql ] [ SQL ] SELECT * FROM `o2o_category` WHERE  `status` = 1  AND `parent_id` = 0 ORDER BY `id`  desc [ RunTime:0.000131s ]

---------------------------------------------------------------
[ 2017-07-19T15:38:11+08:00 ] 10.105.23.187 122.96.140.194 GET /index.php/bis/register/index.html
[ sql ] [ DB ] CONNECT:[ UseTime:0.000210s ] mysql:dbname=o2o;host=localhost;port=3306;charset=utf8
[ sql ] [ SQL ] SHOW COLUMNS FROM `o2o_city` [ RunTime:0.000682s ]
[ sql ] [ SQL ] SELECT * FROM `o2o_city` WHERE  `status` = 1  AND `parent_id` = 0 ORDER BY `id`  desc [ RunTime:0.000207s ]
[ sql ] [ SQL ] SHOW COLUMNS FROM `o2o_category` [ RunTime:0.000575s ]
[ sql ] [ SQL ] SELECT * FROM `o2o_category` WHERE  `status` = 1  AND `parent_id` = 0 ORDER BY `id`  desc [ RunTime:0.000162s ]

---------------------------------------------------------------
[ 2017-07-19T15:38:19+08:00 ] 10.105.23.187 122.96.140.194 GET /index.php/bis/register/index.html
[ sql ] [ DB ] CONNECT:[ UseTime:0.000172s ] mysql:dbname=o2o;host=localhost;port=3306;charset=utf8
[ sql ] [ SQL ] SHOW COLUMNS FROM `o2o_city` [ RunTime:0.000604s ]
[ sql ] [ SQL ] SELECT * FROM `o2o_city` WHERE  `status` = 1  AND `parent_id` = 0 ORDER BY `id`  desc [ RunTime:0.000168s ]
[ sql ] [ SQL ] SHOW COLUMNS FROM `o2o_category` [ RunTime:0.000490s ]
[ sql ] [ SQL ] SELECT * FROM `o2o_category` WHERE  `status` = 1  AND `parent_id` = 0 ORDER BY `id`  desc [ RunTime:0.000155s ]

---------------------------------------------------------------
[ 2017-07-19T15:38:40+08:00 ] 10.105.23.187 122.96.140.194 GET /index.php
[ sql ] [ DB ] CONNECT:[ UseTime:0.000197s ] mysql:dbname=o2o;host=localhost;port=3306;charset=utf8
[ sql ] [ SQL ] SHOW COLUMNS FROM `o2o_city` [ RunTime:0.000667s ]
[ sql ] [ SQL ] SELECT * FROM `o2o_city` WHERE  `status` = 1  AND `parent_id` > 0 ORDER BY `id`  desc [ RunTime:0.000229s ]
[ sql ] [ SQL ] SELECT * FROM `o2o_city` WHERE  `uname` = 'nanchang' LIMIT 1 [ RunTime:0.000187s ]
[ sql ] [ SQL ] SHOW COLUMNS FROM `o2o_category` [ RunTime:0.000549s ]
[ sql ] [ SQL ] SELECT * FROM `o2o_category` WHERE  `parent_id` = 0  AND `status` = 1 ORDER BY `listorder`  desc,`id`  desc LIMIT 5 [ RunTime:0.000157s ]
[ sql ] [ SQL ] SELECT * FROM `o2o_category` WHERE  `parent_id` IN (2,5,1,14)  AND `status` = 1 ORDER BY `listorder`  desc,`id`  desc [ RunTime:0.000154s ]
[ sql ] [ SQL ] SHOW COLUMNS FROM `o2o_deal` [ RunTime:0.000544s ]
[ sql ] [ SQL ] SELECT * FROM `o2o_deal` WHERE  `end_time` > 1500449920  AND `category_id` = 1  AND `city_id` = 5  AND `status` = 1 ORDER BY `listorder`  desc,`id`  desc LIMIT 10 [ RunTime:0.000414s ]
[ sql ] [ SQL ] SELECT * FROM `o2o_category` WHERE  `parent_id` = 1  AND `status` = 1 ORDER BY `listorder`  desc,`id`  desc LIMIT 4 [ RunTime:0.000144s ]

---------------------------------------------------------------
[ 2017-07-19T15:38:46+08:00 ] 10.105.23.187 122.96.140.194 GET /index.php/bis/register/index.html
[ sql ] [ DB ] CONNECT:[ UseTime:0.000177s ] mysql:dbname=o2o;host=localhost;port=3306;charset=utf8
[ sql ] [ SQL ] SHOW COLUMNS FROM `o2o_city` [ RunTime:0.000577s ]
[ sql ] [ SQL ] SELECT * FROM `o2o_city` WHERE  `status` = 1  AND `parent_id` = 0 ORDER BY `id`  desc [ RunTime:0.000175s ]
[ sql ] [ SQL ] SHOW COLUMNS FROM `o2o_category` [ RunTime:0.000443s ]
[ sql ] [ SQL ] SELECT * FROM `o2o_category` WHERE  `status` = 1  AND `parent_id` = 0 ORDER BY `id`  desc [ RunTime:0.000125s ]

---------------------------------------------------------------
[ 2017-07-19T15:39:27+08:00 ] 10.105.23.187 122.96.140.194 GET /index.php/bis/register/index.html
[ sql ] [ DB ] CONNECT:[ UseTime:0.000176s ] mysql:dbname=o2o;host=localhost;port=3306;charset=utf8
[ sql ] [ SQL ] SHOW COLUMNS FROM `o2o_city` [ RunTime:0.000954s ]
[ sql ] [ SQL ] SELECT * FROM `o2o_city` WHERE  `status` = 1  AND `parent_id` = 0 ORDER BY `id`  desc [ RunTime:0.000251s ]
[ sql ] [ SQL ] SHOW COLUMNS FROM `o2o_category` [ RunTime:0.000666s ]
[ sql ] [ SQL ] SELECT * FROM `o2o_category` WHERE  `status` = 1  AND `parent_id` = 0 ORDER BY `id`  desc [ RunTime:0.000209s ]

---------------------------------------------------------------
[ 2017-07-19T15:39:55+08:00 ] 10.105.23.187 122.96.140.194 GET /index.php
[ sql ] [ DB ] CONNECT:[ UseTime:0.000183s ] mysql:dbname=o2o;host=localhost;port=3306;charset=utf8
[ sql ] [ SQL ] SHOW COLUMNS FROM `o2o_city` [ RunTime:0.000600s ]
[ sql ] [ SQL ] SELECT * FROM `o2o_city` WHERE  `status` = 1  AND `parent_id` > 0 ORDER BY `id`  desc [ RunTime:0.000185s ]
[ sql ] [ SQL ] SELECT * FROM `o2o_city` WHERE  `uname` = 'nanchang' LIMIT 1 [ RunTime:0.000139s ]
[ sql ] [ SQL ] SHOW COLUMNS FROM `o2o_category` [ RunTime:0.000476s ]
[ sql ] [ SQL ] SELECT * FROM `o2o_category` WHERE  `parent_id` = 0  AND `status` = 1 ORDER BY `listorder`  desc,`id`  desc LIMIT 5 [ RunTime:0.000168s ]
[ sql ] [ SQL ] SELECT * FROM `o2o_category` WHERE  `parent_id` IN (2,5,1,14)  AND `status` = 1 ORDER BY `listorder`  desc,`id`  desc [ RunTime:0.000152s ]
[ sql ] [ SQL ] SHOW COLUMNS FROM `o2o_deal` [ RunTime:0.000655s ]
[ sql ] [ SQL ] SELECT * FROM `o2o_deal` WHERE  `end_time` > 1500449995  AND `category_id` = 1  AND `city_id` = 5  AND `status` = 1 ORDER BY `listorder`  desc,`id`  desc LIMIT 10 [ RunTime:0.000409s ]
[ sql ] [ SQL ] SELECT * FROM `o2o_category` WHERE  `parent_id` = 1  AND `status` = 1 ORDER BY `listorder`  desc,`id`  desc LIMIT 4 [ RunTime:0.000165s ]

---------------------------------------------------------------
[ 2017-07-19T15:39:57+08:00 ] 10.105.23.187 122.96.140.194 GET /index.php/bis/register/index.html
[ sql ] [ DB ] CONNECT:[ UseTime:0.000238s ] mysql:dbname=o2o;host=localhost;port=3306;charset=utf8
[ sql ] [ SQL ] SHOW COLUMNS FROM `o2o_city` [ RunTime:0.000759s ]
[ sql ] [ SQL ] SELECT * FROM `o2o_city` WHERE  `status` = 1  AND `parent_id` = 0 ORDER BY `id`  desc [ RunTime:0.000235s ]
[ sql ] [ SQL ] SHOW COLUMNS FROM `o2o_category` [ RunTime:0.000635s ]
[ sql ] [ SQL ] SELECT * FROM `o2o_category` WHERE  `status` = 1  AND `parent_id` = 0 ORDER BY `id`  desc [ RunTime:0.000178s ]

---------------------------------------------------------------
[ 2017-07-19T15:40:03+08:00 ] 10.105.23.187 122.96.140.194 GET /index.php/bis/register/index.html
[ sql ] [ DB ] CONNECT:[ UseTime:0.000198s ] mysql:dbname=o2o;host=localhost;port=3306;charset=utf8
[ sql ] [ SQL ] SHOW COLUMNS FROM `o2o_city` [ RunTime:0.000608s ]
[ sql ] [ SQL ] SELECT * FROM `o2o_city` WHERE  `status` = 1  AND `parent_id` = 0 ORDER BY `id`  desc [ RunTime:0.000178s ]
[ sql ] [ SQL ] SHOW COLUMNS FROM `o2o_category` [ RunTime:0.000658s ]
[ sql ] [ SQL ] SELECT * FROM `o2o_category` WHERE  `status` = 1  AND `parent_id` = 0 ORDER BY `id`  desc [ RunTime:0.000144s ]

---------------------------------------------------------------
[ 2017-07-19T15:59:43+08:00 ] 10.105.23.187 122.96.140.194 GET /index.php/bis/register/index.html
[ sql ] [ DB ] CONNECT:[ UseTime:0.000188s ] mysql:dbname=o2o;host=localhost;port=3306;charset=utf8
[ sql ] [ SQL ] SHOW COLUMNS FROM `o2o_city` [ RunTime:0.000571s ]
[ sql ] [ SQL ] SELECT * FROM `o2o_city` WHERE  `status` = 1  AND `parent_id` = 0 ORDER BY `id`  desc [ RunTime:0.000169s ]
[ sql ] [ SQL ] SHOW COLUMNS FROM `o2o_category` [ RunTime:0.000497s ]
[ sql ] [ SQL ] SELECT * FROM `o2o_category` WHERE  `status` = 1  AND `parent_id` = 0 ORDER BY `id`  desc [ RunTime:0.000161s ]

---------------------------------------------------------------
[ 2017-07-19T15:59:59+08:00 ] 10.105.23.187 122.96.140.194 GET /index.php/bis/register/index.html
[ sql ] [ DB ] CONNECT:[ UseTime:0.000329s ] mysql:dbname=o2o;host=localhost;port=3306;charset=utf8
[ sql ] [ SQL ] SHOW COLUMNS FROM `o2o_city` [ RunTime:0.000741s ]
[ sql ] [ SQL ] SELECT * FROM `o2o_city` WHERE  `status` = 1  AND `parent_id` = 0 ORDER BY `id`  desc [ RunTime:0.000181s ]
[ sql ] [ SQL ] SHOW COLUMNS FROM `o2o_category` [ RunTime:0.000559s ]
[ sql ] [ SQL ] SELECT * FROM `o2o_category` WHERE  `status` = 1  AND `parent_id` = 0 ORDER BY `id`  desc [ RunTime:0.000183s ]

---------------------------------------------------------------
[ 2017-07-19T16:24:02+08:00 ] 10.105.23.187 122.96.140.194 GET /index.php/
[ sql ] [ DB ] CONNECT:[ UseTime:0.000199s ] mysql:dbname=o2o;host=localhost;port=3306;charset=utf8
[ sql ] [ SQL ] SHOW COLUMNS FROM `o2o_city` [ RunTime:0.000732s ]
[ sql ] [ SQL ] SELECT * FROM `o2o_city` WHERE  `status` = 1  AND `parent_id` > 0 ORDER BY `id`  desc [ RunTime:0.000210s ]
[ sql ] [ SQL ] SELECT * FROM `o2o_city` WHERE  `uname` = 'nanjing' LIMIT 1 [ RunTime:0.000140s ]
[ sql ] [ SQL ] SHOW COLUMNS FROM `o2o_category` [ RunTime:0.000557s ]
[ sql ] [ SQL ] SELECT * FROM `o2o_category` WHERE  `parent_id` = 0  AND `status` = 1 ORDER BY `listorder`  desc,`id`  desc LIMIT 5 [ RunTime:0.000160s ]
[ sql ] [ SQL ] SELECT * FROM `o2o_category` WHERE  `parent_id` IN (2,5,1,14)  AND `status` = 1 ORDER BY `listorder`  desc,`id`  desc [ RunTime:0.000156s ]
[ sql ] [ SQL ] SHOW COLUMNS FROM `o2o_deal` [ RunTime:0.000537s ]
[ sql ] [ SQL ] SELECT * FROM `o2o_deal` WHERE  `end_time` > 1500452642  AND `category_id` = 1  AND `city_id` = 15  AND `status` = 1 ORDER BY `listorder`  desc,`id`  desc LIMIT 10 [ RunTime:0.000444s ]
[ sql ] [ SQL ] SELECT * FROM `o2o_category` WHERE  `parent_id` = 1  AND `status` = 1 ORDER BY `listorder`  desc,`id`  desc LIMIT 4 [ RunTime:0.000156s ]

---------------------------------------------------------------
[ 2017-07-19T16:24:06+08:00 ] 10.105.23.187 122.96.140.194 GET /index.php/index/detail/index.html?id=2
[ sql ] [ DB ] CONNECT:[ UseTime:0.000220s ] mysql:dbname=o2o;host=localhost;port=3306;charset=utf8
[ sql ] [ SQL ] SHOW COLUMNS FROM `o2o_city` [ RunTime:0.000830s ]
[ sql ] [ SQL ] SELECT * FROM `o2o_city` WHERE  `status` = 1  AND `parent_id` > 0 ORDER BY `id`  desc [ RunTime:0.000325s ]
[ sql ] [ SQL ] SELECT * FROM `o2o_city` WHERE  `uname` = 'nanjing' LIMIT 1 [ RunTime:0.000174s ]
[ sql ] [ SQL ] SHOW COLUMNS FROM `o2o_category` [ RunTime:0.000548s ]
[ sql ] [ SQL ] SELECT * FROM `o2o_category` WHERE  `parent_id` = 0  AND `status` = 1 ORDER BY `listorder`  desc,`id`  desc LIMIT 5 [ RunTime:0.000157s ]
[ sql ] [ SQL ] SELECT * FROM `o2o_category` WHERE  `parent_id` IN (2,5,1,14)  AND `status` = 1 ORDER BY `listorder`  desc,`id`  desc [ RunTime:0.000157s ]
[ sql ] [ SQL ] SHOW COLUMNS FROM `o2o_deal` [ RunTime:0.000619s ]
[ sql ] [ SQL ] SELECT * FROM `o2o_deal` WHERE  `id` = 2 LIMIT 1 [ RunTime:0.001069s ]
[ sql ] [ SQL ] SELECT * FROM `o2o_category` WHERE  `id` = 1 LIMIT 1 [ RunTime:0.000268s ]
[ sql ] [ SQL ] SHOW COLUMNS FROM `o2o_bis_location` [ RunTime:0.001991s ]
[ sql ] [ SQL ] SELECT * FROM `o2o_bis_location` WHERE  `id` IN (2)  AND `status` = 1 [ RunTime:0.000280s ]

---------------------------------------------------------------
[ 2017-07-19T16:24:08+08:00 ] 10.105.23.187 122.96.140.194 GET /index.php/index/order/confirm.html?id=2&count=1
[ sql ] [ DB ] CONNECT:[ UseTime:0.000215s ] mysql:dbname=o2o;host=localhost;port=3306;charset=utf8
[ sql ] [ SQL ] SHOW COLUMNS FROM `o2o_city` [ RunTime:0.000602s ]
[ sql ] [ SQL ] SELECT * FROM `o2o_city` WHERE  `status` = 1  AND `parent_id` > 0 ORDER BY `id`  desc [ RunTime:0.000175s ]
[ sql ] [ SQL ] SELECT * FROM `o2o_city` WHERE  `uname` = 'nanjing' LIMIT 1 [ RunTime:0.000151s ]
[ sql ] [ SQL ] SHOW COLUMNS FROM `o2o_category` [ RunTime:0.000477s ]
[ sql ] [ SQL ] SELECT * FROM `o2o_category` WHERE  `parent_id` = 0  AND `status` = 1 ORDER BY `listorder`  desc,`id`  desc LIMIT 5 [ RunTime:0.000133s ]
[ sql ] [ SQL ] SELECT * FROM `o2o_category` WHERE  `parent_id` IN (2,5,1,14)  AND `status` = 1 ORDER BY `listorder`  desc,`id`  desc [ RunTime:0.000173s ]

---------------------------------------------------------------
[ 2017-07-19T16:24:12+08:00 ] 10.105.23.187 122.96.140.194 POST /index.php/index/user/logincheck.html
[ sql ] [ DB ] CONNECT:[ UseTime:0.000223s ] mysql:dbname=o2o;host=localhost;port=3306;charset=utf8
[ sql ] [ SQL ] SHOW COLUMNS FROM `o2o_user` [ RunTime:0.002134s ]
[ sql ] [ SQL ] SELECT * FROM `o2o_user` WHERE  `username` = 'duncan' LIMIT 1 [ RunTime:0.000401s ]
[ sql ] [ SQL ] UPDATE `o2o_user`  SET `last_login_time`=1500452652,`update_time`=1500452652  WHERE  `id` = 1 [ RunTime:0.002521s ]

---------------------------------------------------------------
[ 2017-07-19T16:24:15+08:00 ] 10.105.23.187 122.96.140.194 GET /index.php/index/index/index.html
[ sql ] [ DB ] CONNECT:[ UseTime:0.000205s ] mysql:dbname=o2o;host=localhost;port=3306;charset=utf8
[ sql ] [ SQL ] SHOW COLUMNS FROM `o2o_city` [ RunTime:0.000659s ]
[ sql ] [ SQL ] SELECT * FROM `o2o_city` WHERE  `status` = 1  AND `parent_id` > 0 ORDER BY `id`  desc [ RunTime:0.000207s ]
[ sql ] [ SQL ] SELECT * FROM `o2o_city` WHERE  `uname` = 'nanjing' LIMIT 1 [ RunTime:0.000144s ]
[ sql ] [ SQL ] SHOW COLUMNS FROM `o2o_category` [ RunTime:0.000540s ]
[ sql ] [ SQL ] SELECT * FROM `o2o_category` WHERE  `parent_id` = 0  AND `status` = 1 ORDER BY `listorder`  desc,`id`  desc LIMIT 5 [ RunTime:0.000145s ]
[ sql ] [ SQL ] SELECT * FROM `o2o_category` WHERE  `parent_id` IN (2,5,1,14)  AND `status` = 1 ORDER BY `listorder`  desc,`id`  desc [ RunTime:0.000185s ]
[ sql ] [ SQL ] SHOW COLUMNS FROM `o2o_deal` [ RunTime:0.000613s ]
[ sql ] [ SQL ] SELECT * FROM `o2o_deal` WHERE  `end_time` > 1500452655  AND `category_id` = 1  AND `city_id` = 15  AND `status` = 1 ORDER BY `listorder`  desc,`id`  desc LIMIT 10 [ RunTime:0.000392s ]
[ sql ] [ SQL ] SELECT * FROM `o2o_category` WHERE  `parent_id` = 1  AND `status` = 1 ORDER BY `listorder`  desc,`id`  desc LIMIT 4 [ RunTime:0.000135s ]

---------------------------------------------------------------
[ 2017-07-19T16:24:20+08:00 ] 10.105.23.187 122.96.140.194 GET /index.php/index/detail/index.html?id=2
[ sql ] [ DB ] CONNECT:[ UseTime:0.000181s ] mysql:dbname=o2o;host=localhost;port=3306;charset=utf8
[ sql ] [ SQL ] SHOW COLUMNS FROM `o2o_city` [ RunTime:0.000617s ]
[ sql ] [ SQL ] SELECT * FROM `o2o_city` WHERE  `status` = 1  AND `parent_id` > 0 ORDER BY `id`  desc [ RunTime:0.000178s ]
[ sql ] [ SQL ] SELECT * FROM `o2o_city` WHERE  `uname` = 'nanjing' LIMIT 1 [ RunTime:0.000141s ]
[ sql ] [ SQL ] SHOW COLUMNS FROM `o2o_category` [ RunTime:0.000502s ]
[ sql ] [ SQL ] SELECT * FROM `o2o_category` WHERE  `parent_id` = 0  AND `status` = 1 ORDER BY `listorder`  desc,`id`  desc LIMIT 5 [ RunTime:0.000151s ]
[ sql ] [ SQL ] SELECT * FROM `o2o_category` WHERE  `parent_id` IN (2,5,1,14)  AND `status` = 1 ORDER BY `listorder`  desc,`id`  desc [ RunTime:0.000148s ]
[ sql ] [ SQL ] SHOW COLUMNS FROM `o2o_deal` [ RunTime:0.000533s ]
[ sql ] [ SQL ] SELECT * FROM `o2o_deal` WHERE  `id` = 2 LIMIT 1 [ RunTime:0.000156s ]
[ sql ] [ SQL ] SELECT * FROM `o2o_category` WHERE  `id` = 1 LIMIT 1 [ RunTime:0.000142s ]
[ sql ] [ SQL ] SHOW COLUMNS FROM `o2o_bis_location` [ RunTime:0.000727s ]
[ sql ] [ SQL ] SELECT * FROM `o2o_bis_location` WHERE  `id` IN (2)  AND `status` = 1 [ RunTime:0.000212s ]

---------------------------------------------------------------
[ 2017-07-19T16:24:21+08:00 ] 10.105.23.187 122.96.140.194 GET /index.php/index/order/confirm.html?id=2&count=1
[ sql ] [ DB ] CONNECT:[ UseTime:0.000195s ] mysql:dbname=o2o;host=localhost;port=3306;charset=utf8
[ sql ] [ SQL ] SHOW COLUMNS FROM `o2o_city` [ RunTime:0.000668s ]
[ sql ] [ SQL ] SELECT * FROM `o2o_city` WHERE  `status` = 1  AND `parent_id` > 0 ORDER BY `id`  desc [ RunTime:0.000173s ]
[ sql ] [ SQL ] SELECT * FROM `o2o_city` WHERE  `uname` = 'nanjing' LIMIT 1 [ RunTime:0.000137s ]
[ sql ] [ SQL ] SHOW COLUMNS FROM `o2o_category` [ RunTime:0.000438s ]
[ sql ] [ SQL ] SELECT * FROM `o2o_category` WHERE  `parent_id` = 0  AND `status` = 1 ORDER BY `listorder`  desc,`id`  desc LIMIT 5 [ RunTime:0.000134s ]
[ sql ] [ SQL ] SELECT * FROM `o2o_category` WHERE  `parent_id` IN (2,5,1,14)  AND `status` = 1 ORDER BY `listorder`  desc,`id`  desc [ RunTime:0.000145s ]
[ sql ] [ SQL ] SHOW COLUMNS FROM `o2o_deal` [ RunTime:0.000673s ]
[ sql ] [ SQL ] SELECT * FROM `o2o_deal` WHERE  `id` = 2 LIMIT 1 [ RunTime:0.000164s ]

---------------------------------------------------------------
[ 2017-07-19T16:24:23+08:00 ] 10.105.23.187 122.96.140.194 GET /index.php/index/order/index.html?id=2&deal_count=3&deal_price=30
[ sql ] [ DB ] CONNECT:[ UseTime:0.000186s ] mysql:dbname=o2o;host=localhost;port=3306;charset=utf8
[ sql ] [ SQL ] SHOW COLUMNS FROM `o2o_city` [ RunTime:0.000667s ]
[ sql ] [ SQL ] SELECT * FROM `o2o_city` WHERE  `status` = 1  AND `parent_id` > 0 ORDER BY `id`  desc [ RunTime:0.000234s ]
[ sql ] [ SQL ] SELECT * FROM `o2o_city` WHERE  `uname` = 'nanjing' LIMIT 1 [ RunTime:0.000155s ]
[ sql ] [ SQL ] SHOW COLUMNS FROM `o2o_category` [ RunTime:0.000654s ]
[ sql ] [ SQL ] SELECT * FROM `o2o_category` WHERE  `parent_id` = 0  AND `status` = 1 ORDER BY `listorder`  desc,`id`  desc LIMIT 5 [ RunTime:0.000172s ]
[ sql ] [ SQL ] SELECT * FROM `o2o_category` WHERE  `parent_id` IN (2,5,1,14)  AND `status` = 1 ORDER BY `listorder`  desc,`id`  desc [ RunTime:0.000155s ]
[ sql ] [ SQL ] SHOW COLUMNS FROM `o2o_deal` [ RunTime:0.000839s ]
[ sql ] [ SQL ] SELECT * FROM `o2o_deal` WHERE  `id` = 2 LIMIT 1 [ RunTime:0.000246s ]
[ sql ] [ SQL ] SHOW COLUMNS FROM `o2o_order` [ RunTime:0.001198s ]
[ sql ] [ SQL ] INSERT INTO `o2o_order` (`out_trade_no` , `user_id` , `username` , `referer` , `create_time` , `deal_count` , `total_price` , `status`) VALUES ('150045266391137233' , 1 , 'duncan' , 'http://o2o.ducnan.cn/index.php/index/order/confirm.html?id=2&count=1' , 1500452663 , 3 , 30 , 1) [ RunTime:0.001518s ]

---------------------------------------------------------------
[ 2017-07-19T16:24:23+08:00 ] 10.105.23.187 122.96.140.194 GET /index.php/index/pay/index.html?id=20
[ sql ] [ DB ] CONNECT:[ UseTime:0.000223s ] mysql:dbname=o2o;host=localhost;port=3306;charset=utf8
[ sql ] [ SQL ] SHOW COLUMNS FROM `o2o_city` [ RunTime:0.000785s ]
[ sql ] [ SQL ] SELECT * FROM `o2o_city` WHERE  `status` = 1  AND `parent_id` > 0 ORDER BY `id`  desc [ RunTime:0.000232s ]
[ sql ] [ SQL ] SELECT * FROM `o2o_city` WHERE  `uname` = 'nanjing' LIMIT 1 [ RunTime:0.000283s ]
[ sql ] [ SQL ] SHOW COLUMNS FROM `o2o_category` [ RunTime:0.000705s ]
[ sql ] [ SQL ] SELECT * FROM `o2o_category` WHERE  `parent_id` = 0  AND `status` = 1 ORDER BY `listorder`  desc,`id`  desc LIMIT 5 [ RunTime:0.000211s ]
[ sql ] [ SQL ] SELECT * FROM `o2o_category` WHERE  `parent_id` IN (2,5,1,14)  AND `status` = 1 ORDER BY `listorder`  desc,`id`  desc [ RunTime:0.000196s ]

---------------------------------------------------------------
[ 2017-07-19T17:50:53+08:00 ] 10.105.23.187 113.108.10.5 GET /index.php/index/index/index.html?city%3Dnanjing
[ sql ] [ DB ] CONNECT:[ UseTime:0.000177s ] mysql:dbname=o2o;host=localhost;port=3306;charset=utf8
[ sql ] [ SQL ] SHOW COLUMNS FROM `o2o_city` [ RunTime:0.000589s ]
[ sql ] [ SQL ] SELECT * FROM `o2o_city` WHERE  `status` = 1  AND `parent_id` > 0 ORDER BY `id`  desc [ RunTime:0.000236s ]
[ sql ] [ SQL ] SELECT * FROM `o2o_city` WHERE  `uname` = 'nanchang' LIMIT 1 [ RunTime:0.000149s ]
[ sql ] [ SQL ] SHOW COLUMNS FROM `o2o_category` [ RunTime:0.000660s ]
[ sql ] [ SQL ] SELECT * FROM `o2o_category` WHERE  `parent_id` = 0  AND `status` = 1 ORDER BY `listorder`  desc,`id`  desc LIMIT 5 [ RunTime:0.000217s ]
[ sql ] [ SQL ] SELECT * FROM `o2o_category` WHERE  `parent_id` IN (2,5,1,14)  AND `status` = 1 ORDER BY `listorder`  desc,`id`  desc [ RunTime:0.000161s ]
[ sql ] [ SQL ] SHOW COLUMNS FROM `o2o_deal` [ RunTime:0.000616s ]
[ sql ] [ SQL ] SELECT * FROM `o2o_deal` WHERE  `end_time` > 1500457853  AND `category_id` = 1  AND `city_id` = 5  AND `status` = 1 ORDER BY `listorder`  desc,`id`  desc LIMIT 10 [ RunTime:0.000398s ]
[ sql ] [ SQL ] SELECT * FROM `o2o_category` WHERE  `parent_id` = 1  AND `status` = 1 ORDER BY `listorder`  desc,`id`  desc LIMIT 4 [ RunTime:0.000138s ]

---------------------------------------------------------------
[ 2017-07-19T18:28:21+08:00 ] 10.105.23.187 47.92.2.1 GET /
[ sql ] [ DB ] CONNECT:[ UseTime:0.000180s ] mysql:dbname=o2o;host=localhost;port=3306;charset=utf8
[ sql ] [ SQL ] SHOW COLUMNS FROM `o2o_city` [ RunTime:0.000569s ]
[ sql ] [ SQL ] SELECT * FROM `o2o_city` WHERE  `status` = 1  AND `parent_id` > 0 ORDER BY `id`  desc [ RunTime:0.000176s ]
[ sql ] [ SQL ] SELECT * FROM `o2o_city` WHERE  `uname` = 'nanchang' LIMIT 1 [ RunTime:0.000130s ]
[ sql ] [ SQL ] SHOW COLUMNS FROM `o2o_category` [ RunTime:0.000809s ]
[ sql ] [ SQL ] SELECT * FROM `o2o_category` WHERE  `parent_id` = 0  AND `status` = 1 ORDER BY `listorder`  desc,`id`  desc LIMIT 5 [ RunTime:0.000182s ]
[ sql ] [ SQL ] SELECT * FROM `o2o_category` WHERE  `parent_id` IN (2,5,1,14)  AND `status` = 1 ORDER BY `listorder`  desc,`id`  desc [ RunTime:0.000199s ]
[ sql ] [ SQL ] SHOW COLUMNS FROM `o2o_deal` [ RunTime:0.000546s ]
[ sql ] [ SQL ] SELECT * FROM `o2o_deal` WHERE  `end_time` > 1500460101  AND `category_id` = 1  AND `city_id` = 5  AND `status` = 1 ORDER BY `listorder`  desc,`id`  desc LIMIT 10 [ RunTime:0.000587s ]
[ sql ] [ SQL ] SELECT * FROM `o2o_category` WHERE  `parent_id` = 1  AND `status` = 1 ORDER BY `listorder`  desc,`id`  desc LIMIT 4 [ RunTime:0.000167s ]

---------------------------------------------------------------
[ 2017-07-19T18:45:17+08:00 ] 10.105.23.187 183.129.160.229 GET /
[ sql ] [ DB ] CONNECT:[ UseTime:0.000236s ] mysql:dbname=o2o;host=localhost;port=3306;charset=utf8
[ sql ] [ SQL ] SHOW COLUMNS FROM `o2o_city` [ RunTime:0.000833s ]
[ sql ] [ SQL ] SELECT * FROM `o2o_city` WHERE  `status` = 1  AND `parent_id` > 0 ORDER BY `id`  desc [ RunTime:0.000250s ]
[ sql ] [ SQL ] SELECT * FROM `o2o_city` WHERE  `uname` = 'nanchang' LIMIT 1 [ RunTime:0.000186s ]
[ sql ] [ SQL ] SHOW COLUMNS FROM `o2o_category` [ RunTime:0.000648s ]
[ sql ] [ SQL ] SELECT * FROM `o2o_category` WHERE  `parent_id` = 0  AND `status` = 1 ORDER BY `listorder`  desc,`id`  desc LIMIT 5 [ RunTime:0.000182s ]
[ sql ] [ SQL ] SELECT * FROM `o2o_category` WHERE  `parent_id` IN (2,5,1,14)  AND `status` = 1 ORDER BY `listorder`  desc,`id`  desc [ RunTime:0.000244s ]
[ sql ] [ SQL ] SHOW COLUMNS FROM `o2o_deal` [ RunTime:0.000812s ]
[ sql ] [ SQL ] SELECT * FROM `o2o_deal` WHERE  `end_time` > 1500461117  AND `category_id` = 1  AND `city_id` = 5  AND `status` = 1 ORDER BY `listorder`  desc,`id`  desc LIMIT 10 [ RunTime:0.000556s ]
[ sql ] [ SQL ] SELECT * FROM `o2o_category` WHERE  `parent_id` = 1  AND `status` = 1 ORDER BY `listorder`  desc,`id`  desc LIMIT 4 [ RunTime:0.000169s ]

---------------------------------------------------------------
[ 2017-07-19T18:45:55+08:00 ] 10.105.23.187 183.57.53.222 GET /
[ sql ] [ DB ] CONNECT:[ UseTime:0.000234s ] mysql:dbname=o2o;host=localhost;port=3306;charset=utf8
[ sql ] [ SQL ] SHOW COLUMNS FROM `o2o_city` [ RunTime:0.000766s ]
[ sql ] [ SQL ] SELECT * FROM `o2o_city` WHERE  `status` = 1  AND `parent_id` > 0 ORDER BY `id`  desc [ RunTime:0.000231s ]
[ sql ] [ SQL ] SELECT * FROM `o2o_city` WHERE  `uname` = 'nanchang' LIMIT 1 [ RunTime:0.000175s ]
[ sql ] [ SQL ] SHOW COLUMNS FROM `o2o_category` [ RunTime:0.000637s ]
[ sql ] [ SQL ] SELECT * FROM `o2o_category` WHERE  `parent_id` = 0  AND `status` = 1 ORDER BY `listorder`  desc,`id`  desc LIMIT 5 [ RunTime:0.000177s ]
[ sql ] [ SQL ] SELECT * FROM `o2o_category` WHERE  `parent_id` IN (2,5,1,14)  AND `status` = 1 ORDER BY `listorder`  desc,`id`  desc [ RunTime:0.000191s ]
[ sql ] [ SQL ] SHOW COLUMNS FROM `o2o_deal` [ RunTime:0.000729s ]
[ sql ] [ SQL ] SELECT * FROM `o2o_deal` WHERE  `end_time` > 1500461155  AND `category_id` = 1  AND `city_id` = 5  AND `status` = 1 ORDER BY `listorder`  desc,`id`  desc LIMIT 10 [ RunTime:0.000532s ]
[ sql ] [ SQL ] SELECT * FROM `o2o_category` WHERE  `parent_id` = 1  AND `status` = 1 ORDER BY `listorder`  desc,`id`  desc LIMIT 4 [ RunTime:0.000155s ]

---------------------------------------------------------------
[ 2017-07-19T18:46:36+08:00 ] 10.105.23.187 123.116.157.233 GET /
[ sql ] [ DB ] CONNECT:[ UseTime:0.000231s ] mysql:dbname=o2o;host=localhost;port=3306;charset=utf8
[ sql ] [ SQL ] SHOW COLUMNS FROM `o2o_city` [ RunTime:0.000731s ]
[ sql ] [ SQL ] SELECT * FROM `o2o_city` WHERE  `status` = 1  AND `parent_id` > 0 ORDER BY `id`  desc [ RunTime:0.000181s ]
[ sql ] [ SQL ] SELECT * FROM `o2o_city` WHERE  `uname` = 'nanchang' LIMIT 1 [ RunTime:0.000285s ]
[ sql ] [ SQL ] SHOW COLUMNS FROM `o2o_category` [ RunTime:0.000701s ]
[ sql ] [ SQL ] SELECT * FROM `o2o_category` WHERE  `parent_id` = 0  AND `status` = 1 ORDER BY `listorder`  desc,`id`  desc LIMIT 5 [ RunTime:0.000227s ]
[ sql ] [ SQL ] SELECT * FROM `o2o_category` WHERE  `parent_id` IN (2,5,1,14)  AND `status` = 1 ORDER BY `listorder`  desc,`id`  desc [ RunTime:0.000222s ]
[ sql ] [ SQL ] SHOW COLUMNS FROM `o2o_deal` [ RunTime:0.000889s ]
[ sql ] [ SQL ] SELECT * FROM `o2o_deal` WHERE  `end_time` > 1500461196  AND `category_id` = 1  AND `city_id` = 5  AND `status` = 1 ORDER BY `listorder`  desc,`id`  desc LIMIT 10 [ RunTime:0.000396s ]
[ sql ] [ SQL ] SELECT * FROM `o2o_category` WHERE  `parent_id` = 1  AND `status` = 1 ORDER BY `listorder`  desc,`id`  desc LIMIT 4 [ RunTime:0.000184s ]

---------------------------------------------------------------
[ 2017-07-19T18:59:48+08:00 ] 10.105.23.187 14.17.21.58 GET /index.php/index/detail/index.html?id%3D2
[ sql ] [ DB ] CONNECT:[ UseTime:0.000213s ] mysql:dbname=o2o;host=localhost;port=3306;charset=utf8
[ sql ] [ SQL ] SHOW COLUMNS FROM `o2o_city` [ RunTime:0.000656s ]
[ sql ] [ SQL ] SELECT * FROM `o2o_city` WHERE  `status` = 1  AND `parent_id` > 0 ORDER BY `id`  desc [ RunTime:0.000191s ]
[ sql ] [ SQL ] SELECT * FROM `o2o_city` WHERE  `uname` = 'nanchang' LIMIT 1 [ RunTime:0.000164s ]
[ sql ] [ SQL ] SHOW COLUMNS FROM `o2o_category` [ RunTime:0.000452s ]
[ sql ] [ SQL ] SELECT * FROM `o2o_category` WHERE  `parent_id` = 0  AND `status` = 1 ORDER BY `listorder`  desc,`id`  desc LIMIT 5 [ RunTime:0.000193s ]
[ sql ] [ SQL ] SELECT * FROM `o2o_category` WHERE  `parent_id` IN (2,5,1,14)  AND `status` = 1 ORDER BY `listorder`  desc,`id`  desc [ RunTime:0.000202s ]

---------------------------------------------------------------
[ 2017-07-19T19:15:13+08:00 ] 10.105.23.187 112.90.82.236 GET /index.php/index/pay/index.html?id%3D20
[ sql ] [ DB ] CONNECT:[ UseTime:0.000240s ] mysql:dbname=o2o;host=localhost;port=3306;charset=utf8
[ sql ] [ SQL ] SHOW COLUMNS FROM `o2o_city` [ RunTime:0.000754s ]
[ sql ] [ SQL ] SELECT * FROM `o2o_city` WHERE  `status` = 1  AND `parent_id` > 0 ORDER BY `id`  desc [ RunTime:0.000232s ]
[ sql ] [ SQL ] SELECT * FROM `o2o_city` WHERE  `uname` = 'nanchang' LIMIT 1 [ RunTime:0.000165s ]
[ sql ] [ SQL ] SHOW COLUMNS FROM `o2o_category` [ RunTime:0.001625s ]
[ sql ] [ SQL ] SELECT * FROM `o2o_category` WHERE  `parent_id` = 0  AND `status` = 1 ORDER BY `listorder`  desc,`id`  desc LIMIT 5 [ RunTime:0.000157s ]
[ sql ] [ SQL ] SELECT * FROM `o2o_category` WHERE  `parent_id` IN (2,5,1,14)  AND `status` = 1 ORDER BY `listorder`  desc,`id`  desc [ RunTime:0.000150s ]

---------------------------------------------------------------
[ 2017-07-19T19:27:44+08:00 ] 10.105.23.187 14.17.3.65 GET /index.php/index/order/index.html?id%3D2%26deal_count%3D3%26deal_price%3D30
[ sql ] [ DB ] CONNECT:[ UseTime:0.000194s ] mysql:dbname=o2o;host=localhost;port=3306;charset=utf8
[ sql ] [ SQL ] SHOW COLUMNS FROM `o2o_city` [ RunTime:0.000791s ]
[ sql ] [ SQL ] SELECT * FROM `o2o_city` WHERE  `status` = 1  AND `parent_id` > 0 ORDER BY `id`  desc [ RunTime:0.000243s ]
[ sql ] [ SQL ] SELECT * FROM `o2o_city` WHERE  `uname` = 'nanchang' LIMIT 1 [ RunTime:0.000131s ]
[ sql ] [ SQL ] SHOW COLUMNS FROM `o2o_category` [ RunTime:0.000506s ]
[ sql ] [ SQL ] SELECT * FROM `o2o_category` WHERE  `parent_id` = 0  AND `status` = 1 ORDER BY `listorder`  desc,`id`  desc LIMIT 5 [ RunTime:0.000135s ]
[ sql ] [ SQL ] SELECT * FROM `o2o_category` WHERE  `parent_id` IN (2,5,1,14)  AND `status` = 1 ORDER BY `listorder`  desc,`id`  desc [ RunTime:0.000163s ]

---------------------------------------------------------------
[ 2017-07-19T20:53:09+08:00 ] 10.105.23.187 14.17.3.64 GET /index.php/index/index/index.html?city%253Dnanjing
[ sql ] [ DB ] CONNECT:[ UseTime:0.000224s ] mysql:dbname=o2o;host=localhost;port=3306;charset=utf8
[ sql ] [ SQL ] SHOW COLUMNS FROM `o2o_city` [ RunTime:0.000866s ]
[ sql ] [ SQL ] SELECT * FROM `o2o_city` WHERE  `status` = 1  AND `parent_id` > 0 ORDER BY `id`  desc [ RunTime:0.000234s ]
[ sql ] [ SQL ] SELECT * FROM `o2o_city` WHERE  `uname` = 'nanchang' LIMIT 1 [ RunTime:0.000173s ]
[ sql ] [ SQL ] SHOW COLUMNS FROM `o2o_category` [ RunTime:0.000629s ]
[ sql ] [ SQL ] SELECT * FROM `o2o_category` WHERE  `parent_id` = 0  AND `status` = 1 ORDER BY `listorder`  desc,`id`  desc LIMIT 5 [ RunTime:0.000233s ]
[ sql ] [ SQL ] SELECT * FROM `o2o_category` WHERE  `parent_id` IN (2,5,1,14)  AND `status` = 1 ORDER BY `listorder`  desc,`id`  desc [ RunTime:0.000198s ]
[ sql ] [ SQL ] SHOW COLUMNS FROM `o2o_deal` [ RunTime:0.000744s ]
[ sql ] [ SQL ] SELECT * FROM `o2o_deal` WHERE  `end_time` > 1500468789  AND `category_id` = 1  AND `city_id` = 5  AND `status` = 1 ORDER BY `listorder`  desc,`id`  desc LIMIT 10 [ RunTime:0.000554s ]
[ sql ] [ SQL ] SELECT * FROM `o2o_category` WHERE  `parent_id` = 1  AND `status` = 1 ORDER BY `listorder`  desc,`id`  desc LIMIT 4 [ RunTime:0.000170s ]

---------------------------------------------------------------
[ 2017-07-19T22:14:54+08:00 ] 10.105.23.187 101.226.64.174 GET /
[ sql ] [ DB ] CONNECT:[ UseTime:0.000175s ] mysql:dbname=o2o;host=localhost;port=3306;charset=utf8
[ sql ] [ SQL ] SHOW COLUMNS FROM `o2o_city` [ RunTime:0.000575s ]
[ sql ] [ SQL ] SELECT * FROM `o2o_city` WHERE  `status` = 1  AND `parent_id` > 0 ORDER BY `id`  desc [ RunTime:0.000173s ]
[ sql ] [ SQL ] SELECT * FROM `o2o_city` WHERE  `uname` = 'nanchang' LIMIT 1 [ RunTime:0.000139s ]
[ sql ] [ SQL ] SHOW COLUMNS FROM `o2o_category` [ RunTime:0.000526s ]
[ sql ] [ SQL ] SELECT * FROM `o2o_category` WHERE  `parent_id` = 0  AND `status` = 1 ORDER BY `listorder`  desc,`id`  desc LIMIT 5 [ RunTime:0.000135s ]
[ sql ] [ SQL ] SELECT * FROM `o2o_category` WHERE  `parent_id` IN (2,5,1,14)  AND `status` = 1 ORDER BY `listorder`  desc,`id`  desc [ RunTime:0.000141s ]
[ sql ] [ SQL ] SHOW COLUMNS FROM `o2o_deal` [ RunTime:0.000531s ]
[ sql ] [ SQL ] SELECT * FROM `o2o_deal` WHERE  `end_time` > 1500473694  AND `category_id` = 1  AND `city_id` = 5  AND `status` = 1 ORDER BY `listorder`  desc,`id`  desc LIMIT 10 [ RunTime:0.000443s ]
[ sql ] [ SQL ] SELECT * FROM `o2o_category` WHERE  `parent_id` = 1  AND `status` = 1 ORDER BY `listorder`  desc,`id`  desc LIMIT 4 [ RunTime:0.000127s ]

---------------------------------------------------------------
[ 2017-07-19T23:33:28+08:00 ] 10.105.23.187 222.186.44.62 GET /
[ sql ] [ DB ] CONNECT:[ UseTime:0.000185s ] mysql:dbname=o2o;host=localhost;port=3306;charset=utf8
[ sql ] [ SQL ] SHOW COLUMNS FROM `o2o_city` [ RunTime:0.000821s ]
[ sql ] [ SQL ] SELECT * FROM `o2o_city` WHERE  `status` = 1  AND `parent_id` > 0 ORDER BY `id`  desc [ RunTime:0.000199s ]
[ sql ] [ SQL ] SELECT * FROM `o2o_city` WHERE  `uname` = 'nanchang' LIMIT 1 [ RunTime:0.000163s ]
[ sql ] [ SQL ] SHOW COLUMNS FROM `o2o_category` [ RunTime:0.000556s ]
[ sql ] [ SQL ] SELECT * FROM `o2o_category` WHERE  `parent_id` = 0  AND `status` = 1 ORDER BY `listorder`  desc,`id`  desc LIMIT 5 [ RunTime:0.000195s ]
[ sql ] [ SQL ] SELECT * FROM `o2o_category` WHERE  `parent_id` IN (2,5,1,14)  AND `status` = 1 ORDER BY `listorder`  desc,`id`  desc [ RunTime:0.000223s ]
[ sql ] [ SQL ] SHOW COLUMNS FROM `o2o_deal` [ RunTime:0.000718s ]
[ sql ] [ SQL ] SELECT * FROM `o2o_deal` WHERE  `end_time` > 1500478408  AND `category_id` = 1  AND `city_id` = 5  AND `status` = 1 ORDER BY `listorder`  desc,`id`  desc LIMIT 10 [ RunTime:0.000535s ]
[ sql ] [ SQL ] SELECT * FROM `o2o_category` WHERE  `parent_id` = 1  AND `status` = 1 ORDER BY `listorder`  desc,`id`  desc LIMIT 4 [ RunTime:0.000181s ]

---------------------------------------------------------------
[ 2017-07-19T23:54:30+08:00 ] 10.105.23.187 183.184.30.21 GET /
[ sql ] [ DB ] CONNECT:[ UseTime:0.000176s ] mysql:dbname=o2o;host=localhost;port=3306;charset=utf8
[ sql ] [ SQL ] SHOW COLUMNS FROM `o2o_city` [ RunTime:0.000652s ]
[ sql ] [ SQL ] SELECT * FROM `o2o_city` WHERE  `status` = 1  AND `parent_id` > 0 ORDER BY `id`  desc [ RunTime:0.000232s ]
[ sql ] [ SQL ] SELECT * FROM `o2o_city` WHERE  `uname` = 'nanchang' LIMIT 1 [ RunTime:0.000184s ]
[ sql ] [ SQL ] SHOW COLUMNS FROM `o2o_category` [ RunTime:0.000698s ]
[ sql ] [ SQL ] SELECT * FROM `o2o_category` WHERE  `parent_id` = 0  AND `status` = 1 ORDER BY `listorder`  desc,`id`  desc LIMIT 5 [ RunTime:0.000193s ]
[ sql ] [ SQL ] SELECT * FROM `o2o_category` WHERE  `parent_id` IN (2,5,1,14)  AND `status` = 1 ORDER BY `listorder`  desc,`id`  desc [ RunTime:0.000207s ]
[ sql ] [ SQL ] SHOW COLUMNS FROM `o2o_deal` [ RunTime:0.000567s ]
[ sql ] [ SQL ] SELECT * FROM `o2o_deal` WHERE  `end_time` > 1500479670  AND `category_id` = 1  AND `city_id` = 5  AND `status` = 1 ORDER BY `listorder`  desc,`id`  desc LIMIT 10 [ RunTime:0.000502s ]
[ sql ] [ SQL ] SELECT * FROM `o2o_category` WHERE  `parent_id` = 1  AND `status` = 1 ORDER BY `listorder`  desc,`id`  desc LIMIT 4 [ RunTime:0.000147s ]

---------------------------------------------------------------
[ 2017-07-19T23:58:07+08:00 ] 10.105.23.187 113.108.10.5 GET /index.php/index/index/index.html?city%25253Dnanjing
[ sql ] [ DB ] CONNECT:[ UseTime:0.000202s ] mysql:dbname=o2o;host=localhost;port=3306;charset=utf8
[ sql ] [ SQL ] SHOW COLUMNS FROM `o2o_city` [ RunTime:0.000579s ]
[ sql ] [ SQL ] SELECT * FROM `o2o_city` WHERE  `status` = 1  AND `parent_id` > 0 ORDER BY `id`  desc [ RunTime:0.000171s ]
[ sql ] [ SQL ] SELECT * FROM `o2o_city` WHERE  `uname` = 'nanchang' LIMIT 1 [ RunTime:0.000168s ]
[ sql ] [ SQL ] SHOW COLUMNS FROM `o2o_category` [ RunTime:0.000466s ]
[ sql ] [ SQL ] SELECT * FROM `o2o_category` WHERE  `parent_id` = 0  AND `status` = 1 ORDER BY `listorder`  desc,`id`  desc LIMIT 5 [ RunTime:0.000176s ]
[ sql ] [ SQL ] SELECT * FROM `o2o_category` WHERE  `parent_id` IN (2,5,1,14)  AND `status` = 1 ORDER BY `listorder`  desc,`id`  desc [ RunTime:0.000167s ]
[ sql ] [ SQL ] SHOW COLUMNS FROM `o2o_deal` [ RunTime:0.000567s ]
[ sql ] [ SQL ] SELECT * FROM `o2o_deal` WHERE  `end_time` > 1500479887  AND `category_id` = 1  AND `city_id` = 5  AND `status` = 1 ORDER BY `listorder`  desc,`id`  desc LIMIT 10 [ RunTime:0.000396s ]
[ sql ] [ SQL ] SELECT * FROM `o2o_category` WHERE  `parent_id` = 1  AND `status` = 1 ORDER BY `listorder`  desc,`id`  desc LIMIT 4 [ RunTime:0.000122s ]

---------------------------------------------------------------
