[ 2017-07-21T10:18:56+08:00 ] 127.0.0.1 127.0.0.1 GET /index.php/weipay/wxpayQcode?id=1
[ log ] loc.m.com/index.php/weipay/wxpayQcode?id=1 [运行时间：1.837585s][吞吐率：0.54req/s] [内存消耗：2,240.74kb] [文件加载：41]
[ info ] [ LANG ] E:\wamp64\www\duncan\thinkphp\lang\zh-cn.php
[ info ] [ ROUTE ] array (
  'type' => 'module',
  'module' => 
  array (
    0 => 'weipay',
    1 => 'wxpayQcode',
    2 => NULL,
  ),
)
[ info ] [ HEADER ] array (
  'host' => 'loc.m.com',
  'connection' => 'keep-alive',
  'upgrade-insecure-requests' => '1',
  'user-agent' => 'Mozilla/5.0 (Windows NT 10.0; Win64; x64) AppleWebKit/537.36 (KHTML, like Gecko) Chrome/59.0.3071.115 Safari/537.36',
  'accept' => 'text/html,application/xhtml+xml,application/xml;q=0.9,image/webp,image/apng,*/*;q=0.8',
  'accept-encoding' => 'gzip, deflate',
  'accept-language' => 'zh-CN,zh;q=0.8',
  'cookie' => 'OUTFOX_SEARCH_USER_ID_NCOO=978554766.5293875',
)
[ info ] [ PARAM ] array (
  'id' => '1',
)
[ info ] [ LOG ] INIT File

---------------------------------------------------------------
[ 2017-07-21T10:19:08+08:00 ] 127.0.0.1 127.0.0.1 GET /index.php/index/weipay/wxpayQcode?id=1
[ log ] loc.m.com/index.php/index/weipay/wxpayQcode?id=1 [运行时间：1.212401s][吞吐率：0.82req/s] [内存消耗：3,032.34kb] [文件加载：53]
[ info ] [ LANG ] E:\wamp64\www\duncan\thinkphp\lang\zh-cn.php
[ info ] [ ROUTE ] array (
  'type' => 'module',
  'module' => 
  array (
    0 => 'index',
    1 => 'weipay',
    2 => 'wxpayQcode',
  ),
)
[ info ] [ HEADER ] array (
  'host' => 'loc.m.com',
  'connection' => 'keep-alive',
  'upgrade-insecure-requests' => '1',
  'user-agent' => 'Mozilla/5.0 (Windows NT 10.0; Win64; x64) AppleWebKit/537.36 (KHTML, like Gecko) Chrome/59.0.3071.115 Safari/537.36',
  'accept' => 'text/html,application/xhtml+xml,application/xml;q=0.9,image/webp,image/apng,*/*;q=0.8',
  'accept-encoding' => 'gzip, deflate',
  'accept-language' => 'zh-CN,zh;q=0.8',
  'cookie' => 'OUTFOX_SEARCH_USER_ID_NCOO=978554766.5293875',
)
[ info ] [ PARAM ] array (
  'id' => '1',
)
[ info ] [ RUN ] app\index\controller\Weipay->wxpayQcode[ E:\wamp64\www\duncan\application\index\controller\Weipay.php ]
[ info ] [ LOG ] INIT File

---------------------------------------------------------------
